2025-03=14 23:08:18:WARNING:The chromedriver version (133.0.6943.126) detected in PATH at C:\Bin\chromedriver.exe might not be compatible with the detected chrome version (134.0.6998.89); currently, chromedriver 134.0.6998.88 is recommended for chrome 134.*, so it is advised to delete the driver in PATH and retry
2025-03=14 23:08:20:INFO:**************test_valid_title
2025-03=17 15:02:34:WARNING:The chromedriver version (133.0.6943.126) detected in PATH at C:\Bin\chromedriver.exe might not be compatible with the detected chrome version (134.0.6998.89); currently, chromedriver 134.0.6998.88 is recommended for chrome 134.*, so it is advised to delete the driver in PATH and retry
2025-03=17 15:02:35:INFO:***test_valid_title***
2025-03=17 15:02:55:WARNING:The chromedriver version (133.0.6943.126) detected in PATH at C:\Bin\chromedriver.exe might not be compatible with the detected chrome version (134.0.6998.89); currently, chromedriver 134.0.6998.88 is recommended for chrome 134.*, so it is advised to delete the driver in PATH and retry
2025-03=17 15:02:57:INFO:***test_valid_title***
2025-03=17 15:03:33:WARNING:The chromedriver version (133.0.6943.126) detected in PATH at C:\Bin\chromedriver.exe might not be compatible with the detected chrome version (134.0.6998.89); currently, chromedriver 134.0.6998.88 is recommended for chrome 134.*, so it is advised to delete the driver in PATH and retry
2025-03=17 15:03:34:INFO:***test_valid_title***
2025-03=17 15:03:51:WARNING:The chromedriver version (133.0.6943.126) detected in PATH at C:\Bin\chromedriver.exe might not be compatible with the detected chrome version (134.0.6998.89); currently, chromedriver 134.0.6998.88 is recommended for chrome 134.*, so it is advised to delete the driver in PATH and retry
2025-03=17 15:03:52:INFO:***test_valid_title***
2025-03=17 15:21:01:WARNING:The chromedriver version (133.0.6943.126) detected in PATH at C:\Bin\chromedriver.exe might not be compatible with the detected chrome version (134.0.6998.89); currently, chromedriver 134.0.6998.88 is recommended for chrome 134.*, so it is advised to delete the driver in PATH and retry
2025-03=17 15:24:14:WARNING:The chromedriver version (133.0.6943.126) detected in PATH at C:\Bin\chromedriver.exe might not be compatible with the detected chrome version (134.0.6998.89); currently, chromedriver 134.0.6998.88 is recommended for chrome 134.*, so it is advised to delete the driver in PATH and retry
2025-03=17 15:36:43:WARNING:The chromedriver version (133.0.6943.126) detected in PATH at C:\Bin\chromedriver.exe might not be compatible with the detected chrome version (134.0.6998.89); currently, chromedriver 134.0.6998.88 is recommended for chrome 134.*, so it is advised to delete the driver in PATH and retry
2025-03=17 15:38:58:WARNING:The chromedriver version (133.0.6943.126) detected in PATH at C:\Bin\chromedriver.exe might not be compatible with the detected chrome version (134.0.6998.89); currently, chromedriver 134.0.6998.88 is recommended for chrome 134.*, so it is advised to delete the driver in PATH and retry
2025-03=17 15:41:43:WARNING:The chromedriver version (133.0.6943.126) detected in PATH at C:\Bin\chromedriver.exe might not be compatible with the detected chrome version (134.0.6998.89); currently, chromedriver 134.0.6998.88 is recommended for chrome 134.*, so it is advised to delete the driver in PATH and retry
2025-03=17 15:42:42:WARNING:The chromedriver version (133.0.6943.126) detected in PATH at C:\Bin\chromedriver.exe might not be compatible with the detected chrome version (134.0.6998.89); currently, chromedriver 134.0.6998.88 is recommended for chrome 134.*, so it is advised to delete the driver in PATH and retry
2025-03=17 15:50:35:WARNING:The chromedriver version (133.0.6943.126) detected in PATH at C:\Bin\chromedriver.exe might not be compatible with the detected chrome version (134.0.6998.89); currently, chromedriver 134.0.6998.88 is recommended for chrome 134.*, so it is advised to delete the driver in PATH and retry
2025-03=17 15:52:20:WARNING:The chromedriver version (133.0.6943.126) detected in PATH at C:\Bin\chromedriver.exe might not be compatible with the detected chrome version (134.0.6998.89); currently, chromedriver 134.0.6998.88 is recommended for chrome 134.*, so it is advised to delete the driver in PATH and retry
2025-03=17 16:07:11:WARNING:The chromedriver version (133.0.6943.126) detected in PATH at C:\Bin\chromedriver.exe might not be compatible with the detected chrome version (134.0.6998.89); currently, chromedriver 134.0.6998.88 is recommended for chrome 134.*, so it is advised to delete the driver in PATH and retry
2025-03=17 16:10:16:WARNING:The chromedriver version (133.0.6943.126) detected in PATH at C:\Bin\chromedriver.exe might not be compatible with the detected chrome version (134.0.6998.89); currently, chromedriver 134.0.6998.88 is recommended for chrome 134.*, so it is advised to delete the driver in PATH and retry
2025-03=17 18:09:49:WARNING:The chromedriver version (133.0.6943.126) detected in PATH at C:\Bin\chromedriver.exe might not be compatible with the detected chrome version (134.0.6998.89); currently, chromedriver 134.0.6998.88 is recommended for chrome 134.*, so it is advised to delete the driver in PATH and retry
2025-03=17 18:09:51:INFO:***test_valid_title***
2025-03=17 18:10:20:WARNING:The chromedriver version (133.0.6943.126) detected in PATH at C:\Bin\chromedriver.exe might not be compatible with the detected chrome version (134.0.6998.89); currently, chromedriver 134.0.6998.88 is recommended for chrome 134.*, so it is advised to delete the driver in PATH and retry
2025-03=17 18:10:21:INFO:***test_valid_title***
2025-03=17 18:10:44:WARNING:The chromedriver version (133.0.6943.126) detected in PATH at C:\Bin\chromedriver.exe might not be compatible with the detected chrome version (134.0.6998.89); currently, chromedriver 134.0.6998.88 is recommended for chrome 134.*, so it is advised to delete the driver in PATH and retry
2025-03=17 18:10:46:INFO:***test_valid_title***
2025-03=17 18:10:58:WARNING:The chromedriver version (133.0.6943.126) detected in PATH at C:\Bin\chromedriver.exe might not be compatible with the detected chrome version (134.0.6998.89); currently, chromedriver 134.0.6998.88 is recommended for chrome 134.*, so it is advised to delete the driver in PATH and retry
2025-03=17 18:12:54:WARNING:The chromedriver version (133.0.6943.126) detected in PATH at C:\Bin\chromedriver.exe might not be compatible with the detected chrome version (134.0.6998.89); currently, chromedriver 134.0.6998.88 is recommended for chrome 134.*, so it is advised to delete the driver in PATH and retry
2025-03=17 18:12:56:INFO:***test_valid_title***
2025-03=17 18:14:22:WARNING:The chromedriver version (133.0.6943.126) detected in PATH at C:\Bin\chromedriver.exe might not be compatible with the detected chrome version (134.0.6998.89); currently, chromedriver 134.0.6998.88 is recommended for chrome 134.*, so it is advised to delete the driver in PATH and retry
2025-03=17 18:14:23:INFO:***test_valid_title***
2025-03=18 13:49:09:WARNING:The chromedriver version (133.0.6943.126) detected in PATH at C:\Bin\chromedriver.exe might not be compatible with the detected chrome version (134.0.6998.89); currently, chromedriver 134.0.6998.88 is recommended for chrome 134.*, so it is advised to delete the driver in PATH and retry
2025-03=18 13:49:13:ERROR:Error terminating service process.
Traceback (most recent call last):
  File "C:\Users\User\AppData\Local\Programs\Python\Python312\Lib\site-packages\selenium\webdriver\common\service.py", line 181, in _terminate_process
    self.process.terminate()
  File "C:\Users\User\AppData\Local\Programs\Python\Python312\Lib\subprocess.py", line 1673, in terminate
    _winapi.TerminateProcess(self._handle, 1)
OSError: [WinError 6] Nieprawid³owe dojœcie
2025-03=18 13:49:20:WARNING:The chromedriver version (133.0.6943.126) detected in PATH at C:\Bin\chromedriver.exe might not be compatible with the detected chrome version (134.0.6998.89); currently, chromedriver 134.0.6998.88 is recommended for chrome 134.*, so it is advised to delete the driver in PATH and retry
2025-03=18 13:50:44:WARNING:The chromedriver version (133.0.6943.126) detected in PATH at C:\Bin\chromedriver.exe might not be compatible with the detected chrome version (134.0.6998.89); currently, chromedriver 134.0.6998.88 is recommended for chrome 134.*, so it is advised to delete the driver in PATH and retry
2025-03=18 13:59:56:WARNING:The chromedriver version (133.0.6943.126) detected in PATH at C:\Bin\chromedriver.exe might not be compatible with the detected chrome version (134.0.6998.89); currently, chromedriver 134.0.6998.88 is recommended for chrome 134.*, so it is advised to delete the driver in PATH and retry
2025-03=18 14:03:52:WARNING:The chromedriver version (133.0.6943.126) detected in PATH at C:\Bin\chromedriver.exe might not be compatible with the detected chrome version (134.0.6998.89); currently, chromedriver 134.0.6998.88 is recommended for chrome 134.*, so it is advised to delete the driver in PATH and retry
2025-03=18 14:08:23:WARNING:The chromedriver version (133.0.6943.126) detected in PATH at C:\Bin\chromedriver.exe might not be compatible with the detected chrome version (134.0.6998.89); currently, chromedriver 134.0.6998.88 is recommended for chrome 134.*, so it is advised to delete the driver in PATH and retry
2025-03=18 14:10:18:WARNING:The chromedriver version (133.0.6943.126) detected in PATH at C:\Bin\chromedriver.exe might not be compatible with the detected chrome version (134.0.6998.89); currently, chromedriver 134.0.6998.88 is recommended for chrome 134.*, so it is advised to delete the driver in PATH and retry
2025-03=18 14:12:52:WARNING:The chromedriver version (133.0.6943.126) detected in PATH at C:\Bin\chromedriver.exe might not be compatible with the detected chrome version (134.0.6998.89); currently, chromedriver 134.0.6998.88 is recommended for chrome 134.*, so it is advised to delete the driver in PATH and retry
2025-03=18 14:14:34:WARNING:The chromedriver version (133.0.6943.126) detected in PATH at C:\Bin\chromedriver.exe might not be compatible with the detected chrome version (134.0.6998.89); currently, chromedriver 134.0.6998.88 is recommended for chrome 134.*, so it is advised to delete the driver in PATH and retry
2025-03=18 14:17:04:WARNING:The chromedriver version (133.0.6943.126) detected in PATH at C:\Bin\chromedriver.exe might not be compatible with the detected chrome version (134.0.6998.89); currently, chromedriver 134.0.6998.88 is recommended for chrome 134.*, so it is advised to delete the driver in PATH and retry
2025-03=18 14:20:35:WARNING:The chromedriver version (133.0.6943.126) detected in PATH at C:\Bin\chromedriver.exe might not be compatible with the detected chrome version (134.0.6998.89); currently, chromedriver 134.0.6998.88 is recommended for chrome 134.*, so it is advised to delete the driver in PATH and retry
2025-03=18 14:21:54:WARNING:The chromedriver version (133.0.6943.126) detected in PATH at C:\Bin\chromedriver.exe might not be compatible with the detected chrome version (134.0.6998.89); currently, chromedriver 134.0.6998.88 is recommended for chrome 134.*, so it is advised to delete the driver in PATH and retry
2025-03=18 14:21:55:INFO:***test_valid_title***
2025-03=18 14:21:59:WARNING:The chromedriver version (133.0.6943.126) detected in PATH at C:\Bin\chromedriver.exe might not be compatible with the detected chrome version (134.0.6998.89); currently, chromedriver 134.0.6998.88 is recommended for chrome 134.*, so it is advised to delete the driver in PATH and retry
2025-03=18 14:22:03:WARNING:The chromedriver version (133.0.6943.126) detected in PATH at C:\Bin\chromedriver.exe might not be compatible with the detected chrome version (134.0.6998.89); currently, chromedriver 134.0.6998.88 is recommended for chrome 134.*, so it is advised to delete the driver in PATH and retry
2025-03=18 14:22:08:WARNING:The chromedriver version (133.0.6943.126) detected in PATH at C:\Bin\chromedriver.exe might not be compatible with the detected chrome version (134.0.6998.89); currently, chromedriver 134.0.6998.88 is recommended for chrome 134.*, so it is advised to delete the driver in PATH and retry
2025-03=18 14:22:12:WARNING:The chromedriver version (133.0.6943.126) detected in PATH at C:\Bin\chromedriver.exe might not be compatible with the detected chrome version (134.0.6998.89); currently, chromedriver 134.0.6998.88 is recommended for chrome 134.*, so it is advised to delete the driver in PATH and retry
2025-03=18 15:22:20:WARNING:The chromedriver version (133.0.6943.126) detected in PATH at C:\Bin\chromedriver.exe might not be compatible with the detected chrome version (134.0.6998.89); currently, chromedriver 134.0.6998.88 is recommended for chrome 134.*, so it is advised to delete the driver in PATH and retry
2025-03=18 15:22:22:INFO:***test_valid_title***
2025-03=18 15:22:24:WARNING:The chromedriver version (133.0.6943.126) detected in PATH at C:\Bin\chromedriver.exe might not be compatible with the detected chrome version (134.0.6998.89); currently, chromedriver 134.0.6998.88 is recommended for chrome 134.*, so it is advised to delete the driver in PATH and retry
2025-03=18 15:22:28:WARNING:The chromedriver version (133.0.6943.126) detected in PATH at C:\Bin\chromedriver.exe might not be compatible with the detected chrome version (134.0.6998.89); currently, chromedriver 134.0.6998.88 is recommended for chrome 134.*, so it is advised to delete the driver in PATH and retry
2025-03=18 15:22:31:WARNING:The chromedriver version (133.0.6943.126) detected in PATH at C:\Bin\chromedriver.exe might not be compatible with the detected chrome version (134.0.6998.89); currently, chromedriver 134.0.6998.88 is recommended for chrome 134.*, so it is advised to delete the driver in PATH and retry
2025-03=18 15:22:34:WARNING:The chromedriver version (133.0.6943.126) detected in PATH at C:\Bin\chromedriver.exe might not be compatible with the detected chrome version (134.0.6998.89); currently, chromedriver 134.0.6998.88 is recommended for chrome 134.*, so it is advised to delete the driver in PATH and retry
2025-03=18 15:23:30:WARNING:The chromedriver version (133.0.6943.126) detected in PATH at C:\Bin\chromedriver.exe might not be compatible with the detected chrome version (134.0.6998.89); currently, chromedriver 134.0.6998.88 is recommended for chrome 134.*, so it is advised to delete the driver in PATH and retry
2025-03=18 15:23:44:WARNING:The chromedriver version (133.0.6943.126) detected in PATH at C:\Bin\chromedriver.exe might not be compatible with the detected chrome version (134.0.6998.89); currently, chromedriver 134.0.6998.88 is recommended for chrome 134.*, so it is advised to delete the driver in PATH and retry
2025-03=18 15:23:45:INFO:***test_valid_title***
2025-03=18 15:23:48:WARNING:The chromedriver version (133.0.6943.126) detected in PATH at C:\Bin\chromedriver.exe might not be compatible with the detected chrome version (134.0.6998.89); currently, chromedriver 134.0.6998.88 is recommended for chrome 134.*, so it is advised to delete the driver in PATH and retry
2025-03=18 15:23:52:WARNING:The chromedriver version (133.0.6943.126) detected in PATH at C:\Bin\chromedriver.exe might not be compatible with the detected chrome version (134.0.6998.89); currently, chromedriver 134.0.6998.88 is recommended for chrome 134.*, so it is advised to delete the driver in PATH and retry
2025-03=18 15:23:57:WARNING:The chromedriver version (133.0.6943.126) detected in PATH at C:\Bin\chromedriver.exe might not be compatible with the detected chrome version (134.0.6998.89); currently, chromedriver 134.0.6998.88 is recommended for chrome 134.*, so it is advised to delete the driver in PATH and retry
2025-03=18 15:24:01:WARNING:The chromedriver version (133.0.6943.126) detected in PATH at C:\Bin\chromedriver.exe might not be compatible with the detected chrome version (134.0.6998.89); currently, chromedriver 134.0.6998.88 is recommended for chrome 134.*, so it is advised to delete the driver in PATH and retry
2025-03=18 15:24:39:WARNING:The chromedriver version (133.0.6943.126) detected in PATH at C:\Bin\chromedriver.exe might not be compatible with the detected chrome version (134.0.6998.89); currently, chromedriver 134.0.6998.88 is recommended for chrome 134.*, so it is advised to delete the driver in PATH and retry
2025-03=18 15:24:40:INFO:***test_valid_title***
2025-03=18 15:24:42:WARNING:The chromedriver version (133.0.6943.126) detected in PATH at C:\Bin\chromedriver.exe might not be compatible with the detected chrome version (134.0.6998.89); currently, chromedriver 134.0.6998.88 is recommended for chrome 134.*, so it is advised to delete the driver in PATH and retry
2025-03=18 15:24:48:WARNING:The chromedriver version (133.0.6943.126) detected in PATH at C:\Bin\chromedriver.exe might not be compatible with the detected chrome version (134.0.6998.89); currently, chromedriver 134.0.6998.88 is recommended for chrome 134.*, so it is advised to delete the driver in PATH and retry
2025-03=18 15:24:52:WARNING:The chromedriver version (133.0.6943.126) detected in PATH at C:\Bin\chromedriver.exe might not be compatible with the detected chrome version (134.0.6998.89); currently, chromedriver 134.0.6998.88 is recommended for chrome 134.*, so it is advised to delete the driver in PATH and retry
2025-03=18 15:24:56:WARNING:The chromedriver version (133.0.6943.126) detected in PATH at C:\Bin\chromedriver.exe might not be compatible with the detected chrome version (134.0.6998.89); currently, chromedriver 134.0.6998.88 is recommended for chrome 134.*, so it is advised to delete the driver in PATH and retry
2025-03=18 15:29:51:WARNING:The chromedriver version (133.0.6943.126) detected in PATH at C:\Bin\chromedriver.exe might not be compatible with the detected chrome version (134.0.6998.89); currently, chromedriver 134.0.6998.88 is recommended for chrome 134.*, so it is advised to delete the driver in PATH and retry
2025-03=18 15:54:23:WARNING:The chromedriver version (133.0.6943.126) detected in PATH at C:\Bin\chromedriver.exe might not be compatible with the detected chrome version (134.0.6998.89); currently, chromedriver 134.0.6998.88 is recommended for chrome 134.*, so it is advised to delete the driver in PATH and retry
2025-03=18 15:54:24:INFO:***test_valid_title***
2025-03=18 15:54:26:WARNING:The chromedriver version (133.0.6943.126) detected in PATH at C:\Bin\chromedriver.exe might not be compatible with the detected chrome version (134.0.6998.89); currently, chromedriver 134.0.6998.88 is recommended for chrome 134.*, so it is advised to delete the driver in PATH and retry
2025-03=18 15:54:30:WARNING:The chromedriver version (133.0.6943.126) detected in PATH at C:\Bin\chromedriver.exe might not be compatible with the detected chrome version (134.0.6998.89); currently, chromedriver 134.0.6998.88 is recommended for chrome 134.*, so it is advised to delete the driver in PATH and retry
2025-03=18 15:54:34:WARNING:The chromedriver version (133.0.6943.126) detected in PATH at C:\Bin\chromedriver.exe might not be compatible with the detected chrome version (134.0.6998.89); currently, chromedriver 134.0.6998.88 is recommended for chrome 134.*, so it is advised to delete the driver in PATH and retry
2025-03=18 15:54:39:WARNING:The chromedriver version (133.0.6943.126) detected in PATH at C:\Bin\chromedriver.exe might not be compatible with the detected chrome version (134.0.6998.89); currently, chromedriver 134.0.6998.88 is recommended for chrome 134.*, so it is advised to delete the driver in PATH and retry
2025-03=18 16:03:35:WARNING:The chromedriver version (133.0.6943.126) detected in PATH at C:\Bin\chromedriver.exe might not be compatible with the detected chrome version (134.0.6998.89); currently, chromedriver 134.0.6998.88 is recommended for chrome 134.*, so it is advised to delete the driver in PATH and retry
2025-03=18 16:03:37:INFO:***test_valid_title***
2025-03=18 16:03:38:WARNING:The chromedriver version (133.0.6943.126) detected in PATH at C:\Bin\chromedriver.exe might not be compatible with the detected chrome version (134.0.6998.89); currently, chromedriver 134.0.6998.88 is recommended for chrome 134.*, so it is advised to delete the driver in PATH and retry
2025-03=18 16:03:42:WARNING:The chromedriver version (133.0.6943.126) detected in PATH at C:\Bin\chromedriver.exe might not be compatible with the detected chrome version (134.0.6998.89); currently, chromedriver 134.0.6998.88 is recommended for chrome 134.*, so it is advised to delete the driver in PATH and retry
2025-03=18 16:03:45:WARNING:The chromedriver version (133.0.6943.126) detected in PATH at C:\Bin\chromedriver.exe might not be compatible with the detected chrome version (134.0.6998.89); currently, chromedriver 134.0.6998.88 is recommended for chrome 134.*, so it is advised to delete the driver in PATH and retry
2025-03=18 16:03:50:WARNING:The chromedriver version (133.0.6943.126) detected in PATH at C:\Bin\chromedriver.exe might not be compatible with the detected chrome version (134.0.6998.89); currently, chromedriver 134.0.6998.88 is recommended for chrome 134.*, so it is advised to delete the driver in PATH and retry
2025-03=18 16:07:25:WARNING:The chromedriver version (133.0.6943.126) detected in PATH at C:\Bin\chromedriver.exe might not be compatible with the detected chrome version (134.0.6998.89); currently, chromedriver 134.0.6998.88 is recommended for chrome 134.*, so it is advised to delete the driver in PATH and retry
2025-03=18 16:07:39:WARNING:The chromedriver version (133.0.6943.126) detected in PATH at C:\Bin\chromedriver.exe might not be compatible with the detected chrome version (134.0.6998.89); currently, chromedriver 134.0.6998.88 is recommended for chrome 134.*, so it is advised to delete the driver in PATH and retry
2025-03=18 16:15:24:WARNING:The chromedriver version (133.0.6943.126) detected in PATH at C:\Bin\chromedriver.exe might not be compatible with the detected chrome version (134.0.6998.89); currently, chromedriver 134.0.6998.88 is recommended for chrome 134.*, so it is advised to delete the driver in PATH and retry
2025-03=18 16:15:25:INFO:***test_valid_title***
2025-03=18 16:15:28:WARNING:The chromedriver version (133.0.6943.126) detected in PATH at C:\Bin\chromedriver.exe might not be compatible with the detected chrome version (134.0.6998.89); currently, chromedriver 134.0.6998.88 is recommended for chrome 134.*, so it is advised to delete the driver in PATH and retry
2025-03=18 16:15:32:WARNING:The chromedriver version (133.0.6943.126) detected in PATH at C:\Bin\chromedriver.exe might not be compatible with the detected chrome version (134.0.6998.89); currently, chromedriver 134.0.6998.88 is recommended for chrome 134.*, so it is advised to delete the driver in PATH and retry
2025-03=18 16:15:36:WARNING:The chromedriver version (133.0.6943.126) detected in PATH at C:\Bin\chromedriver.exe might not be compatible with the detected chrome version (134.0.6998.89); currently, chromedriver 134.0.6998.88 is recommended for chrome 134.*, so it is advised to delete the driver in PATH and retry
2025-03=18 16:15:39:WARNING:The chromedriver version (133.0.6943.126) detected in PATH at C:\Bin\chromedriver.exe might not be compatible with the detected chrome version (134.0.6998.89); currently, chromedriver 134.0.6998.88 is recommended for chrome 134.*, so it is advised to delete the driver in PATH and retry
2025-03=18 16:16:52:WARNING:The chromedriver version (133.0.6943.126) detected in PATH at C:\Bin\chromedriver.exe might not be compatible with the detected chrome version (134.0.6998.89); currently, chromedriver 134.0.6998.88 is recommended for chrome 134.*, so it is advised to delete the driver in PATH and retry
2025-03=18 16:16:53:INFO:***test_valid_title***
2025-03=18 16:16:55:WARNING:The chromedriver version (133.0.6943.126) detected in PATH at C:\Bin\chromedriver.exe might not be compatible with the detected chrome version (134.0.6998.89); currently, chromedriver 134.0.6998.88 is recommended for chrome 134.*, so it is advised to delete the driver in PATH and retry
2025-03=18 16:16:59:WARNING:The chromedriver version (133.0.6943.126) detected in PATH at C:\Bin\chromedriver.exe might not be compatible with the detected chrome version (134.0.6998.89); currently, chromedriver 134.0.6998.88 is recommended for chrome 134.*, so it is advised to delete the driver in PATH and retry
2025-03=18 16:17:03:WARNING:The chromedriver version (133.0.6943.126) detected in PATH at C:\Bin\chromedriver.exe might not be compatible with the detected chrome version (134.0.6998.89); currently, chromedriver 134.0.6998.88 is recommended for chrome 134.*, so it is advised to delete the driver in PATH and retry
2025-03=18 16:17:07:WARNING:The chromedriver version (133.0.6943.126) detected in PATH at C:\Bin\chromedriver.exe might not be compatible with the detected chrome version (134.0.6998.89); currently, chromedriver 134.0.6998.88 is recommended for chrome 134.*, so it is advised to delete the driver in PATH and retry
2025-03=18 16:19:35:WARNING:The chromedriver version (133.0.6943.126) detected in PATH at C:\Bin\chromedriver.exe might not be compatible with the detected chrome version (134.0.6998.89); currently, chromedriver 134.0.6998.88 is recommended for chrome 134.*, so it is advised to delete the driver in PATH and retry
2025-03=18 16:19:36:INFO:***test_valid_title***
2025-03=18 16:19:39:WARNING:The chromedriver version (133.0.6943.126) detected in PATH at C:\Bin\chromedriver.exe might not be compatible with the detected chrome version (134.0.6998.89); currently, chromedriver 134.0.6998.88 is recommended for chrome 134.*, so it is advised to delete the driver in PATH and retry
2025-03=18 16:19:43:WARNING:The chromedriver version (133.0.6943.126) detected in PATH at C:\Bin\chromedriver.exe might not be compatible with the detected chrome version (134.0.6998.89); currently, chromedriver 134.0.6998.88 is recommended for chrome 134.*, so it is advised to delete the driver in PATH and retry
2025-03=18 16:19:47:WARNING:The chromedriver version (133.0.6943.126) detected in PATH at C:\Bin\chromedriver.exe might not be compatible with the detected chrome version (134.0.6998.89); currently, chromedriver 134.0.6998.88 is recommended for chrome 134.*, so it is advised to delete the driver in PATH and retry
2025-03=18 16:19:50:WARNING:The chromedriver version (133.0.6943.126) detected in PATH at C:\Bin\chromedriver.exe might not be compatible with the detected chrome version (134.0.6998.89); currently, chromedriver 134.0.6998.88 is recommended for chrome 134.*, so it is advised to delete the driver in PATH and retry
2025-03=18 16:24:55:WARNING:The chromedriver version (133.0.6943.126) detected in PATH at C:\Bin\chromedriver.exe might not be compatible with the detected chrome version (134.0.6998.89); currently, chromedriver 134.0.6998.88 is recommended for chrome 134.*, so it is advised to delete the driver in PATH and retry
2025-03=18 16:24:57:INFO:***test_valid_title***
2025-03=18 16:24:59:WARNING:The chromedriver version (133.0.6943.126) detected in PATH at C:\Bin\chromedriver.exe might not be compatible with the detected chrome version (134.0.6998.89); currently, chromedriver 134.0.6998.88 is recommended for chrome 134.*, so it is advised to delete the driver in PATH and retry
2025-03=18 16:25:02:WARNING:The chromedriver version (133.0.6943.126) detected in PATH at C:\Bin\chromedriver.exe might not be compatible with the detected chrome version (134.0.6998.89); currently, chromedriver 134.0.6998.88 is recommended for chrome 134.*, so it is advised to delete the driver in PATH and retry
2025-03=18 16:25:06:WARNING:The chromedriver version (133.0.6943.126) detected in PATH at C:\Bin\chromedriver.exe might not be compatible with the detected chrome version (134.0.6998.89); currently, chromedriver 134.0.6998.88 is recommended for chrome 134.*, so it is advised to delete the driver in PATH and retry
2025-03=18 16:25:11:WARNING:The chromedriver version (133.0.6943.126) detected in PATH at C:\Bin\chromedriver.exe might not be compatible with the detected chrome version (134.0.6998.89); currently, chromedriver 134.0.6998.88 is recommended for chrome 134.*, so it is advised to delete the driver in PATH and retry
2025-03=18 16:26:52:WARNING:The chromedriver version (133.0.6943.126) detected in PATH at C:\Bin\chromedriver.exe might not be compatible with the detected chrome version (134.0.6998.89); currently, chromedriver 134.0.6998.88 is recommended for chrome 134.*, so it is advised to delete the driver in PATH and retry
2025-03=18 16:26:54:INFO:***test_valid_title***
2025-03=18 16:26:55:WARNING:The chromedriver version (133.0.6943.126) detected in PATH at C:\Bin\chromedriver.exe might not be compatible with the detected chrome version (134.0.6998.89); currently, chromedriver 134.0.6998.88 is recommended for chrome 134.*, so it is advised to delete the driver in PATH and retry
2025-03=18 16:26:58:WARNING:The chromedriver version (133.0.6943.126) detected in PATH at C:\Bin\chromedriver.exe might not be compatible with the detected chrome version (134.0.6998.89); currently, chromedriver 134.0.6998.88 is recommended for chrome 134.*, so it is advised to delete the driver in PATH and retry
2025-03=18 16:27:02:WARNING:The chromedriver version (133.0.6943.126) detected in PATH at C:\Bin\chromedriver.exe might not be compatible with the detected chrome version (134.0.6998.89); currently, chromedriver 134.0.6998.88 is recommended for chrome 134.*, so it is advised to delete the driver in PATH and retry
2025-03=18 16:27:06:WARNING:The chromedriver version (133.0.6943.126) detected in PATH at C:\Bin\chromedriver.exe might not be compatible with the detected chrome version (134.0.6998.89); currently, chromedriver 134.0.6998.88 is recommended for chrome 134.*, so it is advised to delete the driver in PATH and retry
2025-03=18 16:27:27:WARNING:The chromedriver version (133.0.6943.126) detected in PATH at C:\Bin\chromedriver.exe might not be compatible with the detected chrome version (134.0.6998.89); currently, chromedriver 134.0.6998.88 is recommended for chrome 134.*, so it is advised to delete the driver in PATH and retry
2025-03=18 16:27:28:INFO:***test_valid_title***
2025-03=18 16:27:30:WARNING:The chromedriver version (133.0.6943.126) detected in PATH at C:\Bin\chromedriver.exe might not be compatible with the detected chrome version (134.0.6998.89); currently, chromedriver 134.0.6998.88 is recommended for chrome 134.*, so it is advised to delete the driver in PATH and retry
2025-03=18 16:27:33:WARNING:The chromedriver version (133.0.6943.126) detected in PATH at C:\Bin\chromedriver.exe might not be compatible with the detected chrome version (134.0.6998.89); currently, chromedriver 134.0.6998.88 is recommended for chrome 134.*, so it is advised to delete the driver in PATH and retry
2025-03=18 16:27:36:WARNING:The chromedriver version (133.0.6943.126) detected in PATH at C:\Bin\chromedriver.exe might not be compatible with the detected chrome version (134.0.6998.89); currently, chromedriver 134.0.6998.88 is recommended for chrome 134.*, so it is advised to delete the driver in PATH and retry
2025-03=18 16:27:41:WARNING:The chromedriver version (133.0.6943.126) detected in PATH at C:\Bin\chromedriver.exe might not be compatible with the detected chrome version (134.0.6998.89); currently, chromedriver 134.0.6998.88 is recommended for chrome 134.*, so it is advised to delete the driver in PATH and retry
2025-03=18 16:29:14:WARNING:The chromedriver version (133.0.6943.126) detected in PATH at C:\Bin\chromedriver.exe might not be compatible with the detected chrome version (134.0.6998.89); currently, chromedriver 134.0.6998.88 is recommended for chrome 134.*, so it is advised to delete the driver in PATH and retry
2025-03=18 16:29:15:INFO:***test_valid_title***
2025-03=18 16:29:18:WARNING:The chromedriver version (133.0.6943.126) detected in PATH at C:\Bin\chromedriver.exe might not be compatible with the detected chrome version (134.0.6998.89); currently, chromedriver 134.0.6998.88 is recommended for chrome 134.*, so it is advised to delete the driver in PATH and retry
2025-03=18 16:29:22:WARNING:The chromedriver version (133.0.6943.126) detected in PATH at C:\Bin\chromedriver.exe might not be compatible with the detected chrome version (134.0.6998.89); currently, chromedriver 134.0.6998.88 is recommended for chrome 134.*, so it is advised to delete the driver in PATH and retry
2025-03=18 16:29:26:WARNING:The chromedriver version (133.0.6943.126) detected in PATH at C:\Bin\chromedriver.exe might not be compatible with the detected chrome version (134.0.6998.89); currently, chromedriver 134.0.6998.88 is recommended for chrome 134.*, so it is advised to delete the driver in PATH and retry
2025-03=18 16:29:31:WARNING:The chromedriver version (133.0.6943.126) detected in PATH at C:\Bin\chromedriver.exe might not be compatible with the detected chrome version (134.0.6998.89); currently, chromedriver 134.0.6998.88 is recommended for chrome 134.*, so it is advised to delete the driver in PATH and retry
2025-03=18 16:33:32:WARNING:The chromedriver version (133.0.6943.126) detected in PATH at C:\Bin\chromedriver.exe might not be compatible with the detected chrome version (134.0.6998.89); currently, chromedriver 134.0.6998.88 is recommended for chrome 134.*, so it is advised to delete the driver in PATH and retry
2025-03=18 16:33:34:INFO:***test_valid_title***
2025-03=18 16:33:36:WARNING:The chromedriver version (133.0.6943.126) detected in PATH at C:\Bin\chromedriver.exe might not be compatible with the detected chrome version (134.0.6998.89); currently, chromedriver 134.0.6998.88 is recommended for chrome 134.*, so it is advised to delete the driver in PATH and retry
2025-03=18 16:33:40:WARNING:The chromedriver version (133.0.6943.126) detected in PATH at C:\Bin\chromedriver.exe might not be compatible with the detected chrome version (134.0.6998.89); currently, chromedriver 134.0.6998.88 is recommended for chrome 134.*, so it is advised to delete the driver in PATH and retry
2025-03=18 16:33:44:WARNING:The chromedriver version (133.0.6943.126) detected in PATH at C:\Bin\chromedriver.exe might not be compatible with the detected chrome version (134.0.6998.89); currently, chromedriver 134.0.6998.88 is recommended for chrome 134.*, so it is advised to delete the driver in PATH and retry
2025-03=18 16:33:47:WARNING:The chromedriver version (133.0.6943.126) detected in PATH at C:\Bin\chromedriver.exe might not be compatible with the detected chrome version (134.0.6998.89); currently, chromedriver 134.0.6998.88 is recommended for chrome 134.*, so it is advised to delete the driver in PATH and retry
2025-03=18 16:43:04:WARNING:The chromedriver version (133.0.6943.126) detected in PATH at C:\Bin\chromedriver.exe might not be compatible with the detected chrome version (134.0.6998.89); currently, chromedriver 134.0.6998.88 is recommended for chrome 134.*, so it is advised to delete the driver in PATH and retry
2025-03=18 16:43:05:INFO:***test_valid_title***
2025-03=18 16:43:07:WARNING:The chromedriver version (133.0.6943.126) detected in PATH at C:\Bin\chromedriver.exe might not be compatible with the detected chrome version (134.0.6998.89); currently, chromedriver 134.0.6998.88 is recommended for chrome 134.*, so it is advised to delete the driver in PATH and retry
2025-03=18 16:43:11:WARNING:The chromedriver version (133.0.6943.126) detected in PATH at C:\Bin\chromedriver.exe might not be compatible with the detected chrome version (134.0.6998.89); currently, chromedriver 134.0.6998.88 is recommended for chrome 134.*, so it is advised to delete the driver in PATH and retry
2025-03=18 16:43:15:WARNING:The chromedriver version (133.0.6943.126) detected in PATH at C:\Bin\chromedriver.exe might not be compatible with the detected chrome version (134.0.6998.89); currently, chromedriver 134.0.6998.88 is recommended for chrome 134.*, so it is advised to delete the driver in PATH and retry
2025-03=18 16:43:19:WARNING:The chromedriver version (133.0.6943.126) detected in PATH at C:\Bin\chromedriver.exe might not be compatible with the detected chrome version (134.0.6998.89); currently, chromedriver 134.0.6998.88 is recommended for chrome 134.*, so it is advised to delete the driver in PATH and retry
2025-03=18 16:45:23:WARNING:The chromedriver version (133.0.6943.126) detected in PATH at C:\Bin\chromedriver.exe might not be compatible with the detected chrome version (134.0.6998.89); currently, chromedriver 134.0.6998.88 is recommended for chrome 134.*, so it is advised to delete the driver in PATH and retry
2025-03=18 16:47:07:WARNING:The chromedriver version (133.0.6943.126) detected in PATH at C:\Bin\chromedriver.exe might not be compatible with the detected chrome version (134.0.6998.89); currently, chromedriver 134.0.6998.88 is recommended for chrome 134.*, so it is advised to delete the driver in PATH and retry
2025-03=18 16:47:08:INFO:***test_valid_title***
2025-03=18 16:47:10:WARNING:The chromedriver version (133.0.6943.126) detected in PATH at C:\Bin\chromedriver.exe might not be compatible with the detected chrome version (134.0.6998.89); currently, chromedriver 134.0.6998.88 is recommended for chrome 134.*, so it is advised to delete the driver in PATH and retry
2025-03=18 16:47:13:WARNING:The chromedriver version (133.0.6943.126) detected in PATH at C:\Bin\chromedriver.exe might not be compatible with the detected chrome version (134.0.6998.89); currently, chromedriver 134.0.6998.88 is recommended for chrome 134.*, so it is advised to delete the driver in PATH and retry
2025-03=18 16:47:17:WARNING:The chromedriver version (133.0.6943.126) detected in PATH at C:\Bin\chromedriver.exe might not be compatible with the detected chrome version (134.0.6998.89); currently, chromedriver 134.0.6998.88 is recommended for chrome 134.*, so it is advised to delete the driver in PATH and retry
2025-03=18 16:47:20:WARNING:The chromedriver version (133.0.6943.126) detected in PATH at C:\Bin\chromedriver.exe might not be compatible with the detected chrome version (134.0.6998.89); currently, chromedriver 134.0.6998.88 is recommended for chrome 134.*, so it is advised to delete the driver in PATH and retry
2025-03=18 16:47:57:WARNING:The chromedriver version (133.0.6943.126) detected in PATH at C:\Bin\chromedriver.exe might not be compatible with the detected chrome version (134.0.6998.89); currently, chromedriver 134.0.6998.88 is recommended for chrome 134.*, so it is advised to delete the driver in PATH and retry
2025-03=18 16:48:09:WARNING:The chromedriver version (133.0.6943.126) detected in PATH at C:\Bin\chromedriver.exe might not be compatible with the detected chrome version (134.0.6998.89); currently, chromedriver 134.0.6998.88 is recommended for chrome 134.*, so it is advised to delete the driver in PATH and retry
2025-03=18 16:49:48:WARNING:The chromedriver version (133.0.6943.126) detected in PATH at C:\Bin\chromedriver.exe might not be compatible with the detected chrome version (134.0.6998.89); currently, chromedriver 134.0.6998.88 is recommended for chrome 134.*, so it is advised to delete the driver in PATH and retry
2025-03=18 16:50:25:WARNING:The chromedriver version (133.0.6943.126) detected in PATH at C:\Bin\chromedriver.exe might not be compatible with the detected chrome version (134.0.6998.89); currently, chromedriver 134.0.6998.88 is recommended for chrome 134.*, so it is advised to delete the driver in PATH and retry
2025-03=18 16:59:15:WARNING:The chromedriver version (133.0.6943.126) detected in PATH at C:\Bin\chromedriver.exe might not be compatible with the detected chrome version (134.0.6998.89); currently, chromedriver 134.0.6998.88 is recommended for chrome 134.*, so it is advised to delete the driver in PATH and retry
2025-03=18 16:59:16:INFO:***test_valid_title***
2025-03=18 16:59:19:WARNING:The chromedriver version (133.0.6943.126) detected in PATH at C:\Bin\chromedriver.exe might not be compatible with the detected chrome version (134.0.6998.89); currently, chromedriver 134.0.6998.88 is recommended for chrome 134.*, so it is advised to delete the driver in PATH and retry
2025-03=18 16:59:22:WARNING:The chromedriver version (133.0.6943.126) detected in PATH at C:\Bin\chromedriver.exe might not be compatible with the detected chrome version (134.0.6998.89); currently, chromedriver 134.0.6998.88 is recommended for chrome 134.*, so it is advised to delete the driver in PATH and retry
2025-03=18 16:59:26:WARNING:The chromedriver version (133.0.6943.126) detected in PATH at C:\Bin\chromedriver.exe might not be compatible with the detected chrome version (134.0.6998.89); currently, chromedriver 134.0.6998.88 is recommended for chrome 134.*, so it is advised to delete the driver in PATH and retry
2025-03=18 16:59:30:WARNING:The chromedriver version (133.0.6943.126) detected in PATH at C:\Bin\chromedriver.exe might not be compatible with the detected chrome version (134.0.6998.89); currently, chromedriver 134.0.6998.88 is recommended for chrome 134.*, so it is advised to delete the driver in PATH and retry
2025-03=18 17:00:11:WARNING:The chromedriver version (133.0.6943.126) detected in PATH at C:\Bin\chromedriver.exe might not be compatible with the detected chrome version (134.0.6998.89); currently, chromedriver 134.0.6998.88 is recommended for chrome 134.*, so it is advised to delete the driver in PATH and retry
2025-03=18 17:00:12:INFO:***test_valid_title***
2025-03=18 17:00:15:WARNING:The chromedriver version (133.0.6943.126) detected in PATH at C:\Bin\chromedriver.exe might not be compatible with the detected chrome version (134.0.6998.89); currently, chromedriver 134.0.6998.88 is recommended for chrome 134.*, so it is advised to delete the driver in PATH and retry
2025-03=18 17:00:20:WARNING:The chromedriver version (133.0.6943.126) detected in PATH at C:\Bin\chromedriver.exe might not be compatible with the detected chrome version (134.0.6998.89); currently, chromedriver 134.0.6998.88 is recommended for chrome 134.*, so it is advised to delete the driver in PATH and retry
2025-03=18 17:00:24:WARNING:The chromedriver version (133.0.6943.126) detected in PATH at C:\Bin\chromedriver.exe might not be compatible with the detected chrome version (134.0.6998.89); currently, chromedriver 134.0.6998.88 is recommended for chrome 134.*, so it is advised to delete the driver in PATH and retry
2025-03=18 17:00:28:WARNING:The chromedriver version (133.0.6943.126) detected in PATH at C:\Bin\chromedriver.exe might not be compatible with the detected chrome version (134.0.6998.89); currently, chromedriver 134.0.6998.88 is recommended for chrome 134.*, so it is advised to delete the driver in PATH and retry
2025-03=19 10:05:45:WARNING:The chromedriver version (133.0.6943.126) detected in PATH at C:\Bin\chromedriver.exe might not be compatible with the detected chrome version (134.0.6998.89); currently, chromedriver 134.0.6998.88 is recommended for chrome 134.*, so it is advised to delete the driver in PATH and retry
2025-03=19 10:05:47:INFO:***test_valid_title_started***
2025-03=19 10:05:49:INFO:***test_valid_title_passed***
2025-03=19 10:05:50:WARNING:The chromedriver version (133.0.6943.126) detected in PATH at C:\Bin\chromedriver.exe might not be compatible with the detected chrome version (134.0.6998.89); currently, chromedriver 134.0.6998.88 is recommended for chrome 134.*, so it is advised to delete the driver in PATH and retry
2025-03=19 10:05:51:INFO:***test_valid_login_started***
2025-03=19 10:05:55:WARNING:The chromedriver version (133.0.6943.126) detected in PATH at C:\Bin\chromedriver.exe might not be compatible with the detected chrome version (134.0.6998.89); currently, chromedriver 134.0.6998.88 is recommended for chrome 134.*, so it is advised to delete the driver in PATH and retry
2025-03=19 10:05:57:INFO:***test_invalid_login_by_username_started***
2025-03=19 10:06:00:WARNING:The chromedriver version (133.0.6943.126) detected in PATH at C:\Bin\chromedriver.exe might not be compatible with the detected chrome version (134.0.6998.89); currently, chromedriver 134.0.6998.88 is recommended for chrome 134.*, so it is advised to delete the driver in PATH and retry
2025-03=19 10:06:02:INFO:***test_invalid_login_by_password_started***
2025-03=19 10:06:05:WARNING:The chromedriver version (133.0.6943.126) detected in PATH at C:\Bin\chromedriver.exe might not be compatible with the detected chrome version (134.0.6998.89); currently, chromedriver 134.0.6998.88 is recommended for chrome 134.*, so it is advised to delete the driver in PATH and retry
2025-03=19 10:06:07:INFO:***test_logout***
2025-03=19 10:19:39:WARNING:The chromedriver version (133.0.6943.126) detected in PATH at C:\Bin\chromedriver.exe might not be compatible with the detected chrome version (134.0.6998.89); currently, chromedriver 134.0.6998.88 is recommended for chrome 134.*, so it is advised to delete the driver in PATH and retry
2025-03=19 10:19:40:INFO:***test_valid_title_started***
2025-03=19 10:19:42:INFO:***test_valid_title_passed***
2025-03=19 10:19:53:WARNING:The chromedriver version (133.0.6943.126) detected in PATH at C:\Bin\chromedriver.exe might not be compatible with the detected chrome version (134.0.6998.89); currently, chromedriver 134.0.6998.88 is recommended for chrome 134.*, so it is advised to delete the driver in PATH and retry
2025-03=19 10:19:54:INFO:***test_cart_counter***
2025-03=19 10:21:59:WARNING:The chromedriver version (133.0.6943.126) detected in PATH at C:\Bin\chromedriver.exe might not be compatible with the detected chrome version (134.0.6998.89); currently, chromedriver 134.0.6998.88 is recommended for chrome 134.*, so it is advised to delete the driver in PATH and retry
2025-03=19 10:22:01:INFO:***test_cart_counter***
2025-03=19 10:22:17:WARNING:The chromedriver version (133.0.6943.126) detected in PATH at C:\Bin\chromedriver.exe might not be compatible with the detected chrome version (134.0.6998.89); currently, chromedriver 134.0.6998.88 is recommended for chrome 134.*, so it is advised to delete the driver in PATH and retry
2025-03=19 10:22:18:INFO:***test_cart_counter***
2025-03=19 11:06:33:WARNING:The chromedriver version (133.0.6943.126) detected in PATH at C:\Bin\chromedriver.exe might not be compatible with the detected chrome version (134.0.6998.89); currently, chromedriver 134.0.6998.88 is recommended for chrome 134.*, so it is advised to delete the driver in PATH and retry
2025-03=19 11:06:34:INFO:***verify_product_visible_in_cart***
2025-03=19 11:07:14:WARNING:The chromedriver version (133.0.6943.126) detected in PATH at C:\Bin\chromedriver.exe might not be compatible with the detected chrome version (134.0.6998.89); currently, chromedriver 134.0.6998.88 is recommended for chrome 134.*, so it is advised to delete the driver in PATH and retry
2025-03=19 11:07:16:INFO:***verify_product_visible_in_cart***
2025-03=19 11:08:45:WARNING:The chromedriver version (133.0.6943.126) detected in PATH at C:\Bin\chromedriver.exe might not be compatible with the detected chrome version (134.0.6998.89); currently, chromedriver 134.0.6998.88 is recommended for chrome 134.*, so it is advised to delete the driver in PATH and retry
2025-03=19 11:08:46:INFO:***verify_product_visible_in_cart***
2025-03=19 11:10:30:WARNING:The chromedriver version (133.0.6943.126) detected in PATH at C:\Bin\chromedriver.exe might not be compatible with the detected chrome version (134.0.6998.89); currently, chromedriver 134.0.6998.88 is recommended for chrome 134.*, so it is advised to delete the driver in PATH and retry
2025-03=19 11:10:31:INFO:***verify_product_visible_in_cart***
2025-03=19 11:14:44:WARNING:The chromedriver version (133.0.6943.126) detected in PATH at C:\Bin\chromedriver.exe might not be compatible with the detected chrome version (134.0.6998.89); currently, chromedriver 134.0.6998.88 is recommended for chrome 134.*, so it is advised to delete the driver in PATH and retry
2025-03=19 11:14:46:INFO:***verify_product_visible_in_cart***
2025-03=19 11:20:03:WARNING:The chromedriver version (133.0.6943.126) detected in PATH at C:\Bin\chromedriver.exe might not be compatible with the detected chrome version (134.0.6998.89); currently, chromedriver 134.0.6998.88 is recommended for chrome 134.*, so it is advised to delete the driver in PATH and retry
2025-03=19 11:20:04:INFO:***verify_product_visible_in_cart***
2025-03=19 11:20:38:WARNING:The chromedriver version (133.0.6943.126) detected in PATH at C:\Bin\chromedriver.exe might not be compatible with the detected chrome version (134.0.6998.89); currently, chromedriver 134.0.6998.88 is recommended for chrome 134.*, so it is advised to delete the driver in PATH and retry
2025-03=19 11:20:40:INFO:***verify_product_visible_in_cart***
2025-03=19 11:20:58:WARNING:The chromedriver version (133.0.6943.126) detected in PATH at C:\Bin\chromedriver.exe might not be compatible with the detected chrome version (134.0.6998.89); currently, chromedriver 134.0.6998.88 is recommended for chrome 134.*, so it is advised to delete the driver in PATH and retry
2025-03=19 11:21:00:INFO:***verify_product_visible_in_cart***
2025-03=19 11:24:48:WARNING:The chromedriver version (133.0.6943.126) detected in PATH at C:\Bin\chromedriver.exe might not be compatible with the detected chrome version (134.0.6998.89); currently, chromedriver 134.0.6998.88 is recommended for chrome 134.*, so it is advised to delete the driver in PATH and retry
2025-03=19 11:24:49:INFO:***verify_product_visible_in_cart***
2025-03=19 11:27:01:WARNING:The chromedriver version (133.0.6943.126) detected in PATH at C:\Bin\chromedriver.exe might not be compatible with the detected chrome version (134.0.6998.89); currently, chromedriver 134.0.6998.88 is recommended for chrome 134.*, so it is advised to delete the driver in PATH and retry
2025-03=19 11:27:02:INFO:***verify_product_visible_in_cart***
2025-03=21 12:03:32:WARNING:The chromedriver version (133.0.6943.126) detected in PATH at C:\Bin\chromedriver.exe might not be compatible with the detected chrome version (134.0.6998.90); currently, chromedriver 134.0.6998.90 is recommended for chrome 134.*, so it is advised to delete the driver in PATH and retry
2025-03=21 12:03:35:INFO:***test_valid_title_started***
2025-03=21 12:03:36:INFO:***test_valid_title_passed***
2025-03=21 12:03:37:WARNING:The chromedriver version (133.0.6943.126) detected in PATH at C:\Bin\chromedriver.exe might not be compatible with the detected chrome version (134.0.6998.90); currently, chromedriver 134.0.6998.90 is recommended for chrome 134.*, so it is advised to delete the driver in PATH and retry
2025-03=21 12:03:39:INFO:***test_valid_login_started***
2025-03=21 12:03:42:WARNING:The chromedriver version (133.0.6943.126) detected in PATH at C:\Bin\chromedriver.exe might not be compatible with the detected chrome version (134.0.6998.90); currently, chromedriver 134.0.6998.90 is recommended for chrome 134.*, so it is advised to delete the driver in PATH and retry
2025-03=21 12:03:44:INFO:***test_invalid_login_by_username_started***
2025-03=21 12:03:46:WARNING:The chromedriver version (133.0.6943.126) detected in PATH at C:\Bin\chromedriver.exe might not be compatible with the detected chrome version (134.0.6998.90); currently, chromedriver 134.0.6998.90 is recommended for chrome 134.*, so it is advised to delete the driver in PATH and retry
2025-03=21 12:03:48:INFO:***test_invalid_login_by_password_started***
2025-03=21 12:03:51:WARNING:The chromedriver version (133.0.6943.126) detected in PATH at C:\Bin\chromedriver.exe might not be compatible with the detected chrome version (134.0.6998.90); currently, chromedriver 134.0.6998.90 is recommended for chrome 134.*, so it is advised to delete the driver in PATH and retry
2025-03=21 12:03:53:INFO:***test_logout***
2025-03=21 12:07:36:WARNING:The chromedriver version (133.0.6943.126) detected in PATH at C:\Bin\chromedriver.exe might not be compatible with the detected chrome version (134.0.6998.90); currently, chromedriver 134.0.6998.90 is recommended for chrome 134.*, so it is advised to delete the driver in PATH and retry
2025-03=21 12:07:38:INFO:***test_logout***
2025-03=21 12:10:32:WARNING:The chromedriver version (133.0.6943.126) detected in PATH at C:\Bin\chromedriver.exe might not be compatible with the detected chrome version (134.0.6998.90); currently, chromedriver 134.0.6998.90 is recommended for chrome 134.*, so it is advised to delete the driver in PATH and retry
2025-03=21 12:10:34:INFO:***test_valid_title_started***
2025-03=21 12:10:35:INFO:***test_valid_title_passed***
2025-03=21 12:10:36:WARNING:The chromedriver version (133.0.6943.126) detected in PATH at C:\Bin\chromedriver.exe might not be compatible with the detected chrome version (134.0.6998.90); currently, chromedriver 134.0.6998.90 is recommended for chrome 134.*, so it is advised to delete the driver in PATH and retry
2025-03=21 12:10:38:INFO:***test_valid_login_started***
2025-03=21 12:10:44:WARNING:The chromedriver version (133.0.6943.126) detected in PATH at C:\Bin\chromedriver.exe might not be compatible with the detected chrome version (134.0.6998.90); currently, chromedriver 134.0.6998.90 is recommended for chrome 134.*, so it is advised to delete the driver in PATH and retry
2025-03=21 12:10:47:INFO:***test_invalid_login_by_username_started***
2025-03=21 12:10:51:WARNING:The chromedriver version (133.0.6943.126) detected in PATH at C:\Bin\chromedriver.exe might not be compatible with the detected chrome version (134.0.6998.90); currently, chromedriver 134.0.6998.90 is recommended for chrome 134.*, so it is advised to delete the driver in PATH and retry
2025-03=21 12:10:54:INFO:***test_invalid_login_by_password_started***
2025-03=21 12:10:57:WARNING:The chromedriver version (133.0.6943.126) detected in PATH at C:\Bin\chromedriver.exe might not be compatible with the detected chrome version (134.0.6998.90); currently, chromedriver 134.0.6998.90 is recommended for chrome 134.*, so it is advised to delete the driver in PATH and retry
2025-03=21 12:10:59:INFO:***test_logout***
2025-03=21 13:17:46:WARNING:The chromedriver version (133.0.6943.126) detected in PATH at C:\Bin\chromedriver.exe might not be compatible with the detected chrome version (134.0.6998.90); currently, chromedriver 134.0.6998.90 is recommended for chrome 134.*, so it is advised to delete the driver in PATH and retry
2025-03=21 13:17:47:INFO:***test_valid_title_started***
2025-03=21 13:17:48:INFO:***test_valid_title_passed***
2025-03=21 13:17:49:WARNING:The chromedriver version (133.0.6943.126) detected in PATH at C:\Bin\chromedriver.exe might not be compatible with the detected chrome version (134.0.6998.90); currently, chromedriver 134.0.6998.90 is recommended for chrome 134.*, so it is advised to delete the driver in PATH and retry
2025-03=21 13:17:50:INFO:***test_valid_login_started***
2025-03=21 13:17:54:WARNING:The chromedriver version (133.0.6943.126) detected in PATH at C:\Bin\chromedriver.exe might not be compatible with the detected chrome version (134.0.6998.90); currently, chromedriver 134.0.6998.90 is recommended for chrome 134.*, so it is advised to delete the driver in PATH and retry
2025-03=21 13:17:55:INFO:***test_invalid_login_by_username_started***
2025-03=21 13:17:58:WARNING:The chromedriver version (133.0.6943.126) detected in PATH at C:\Bin\chromedriver.exe might not be compatible with the detected chrome version (134.0.6998.90); currently, chromedriver 134.0.6998.90 is recommended for chrome 134.*, so it is advised to delete the driver in PATH and retry
2025-03=21 13:17:59:INFO:***test_invalid_login_by_password_started***
2025-03=21 13:18:02:WARNING:The chromedriver version (133.0.6943.126) detected in PATH at C:\Bin\chromedriver.exe might not be compatible with the detected chrome version (134.0.6998.90); currently, chromedriver 134.0.6998.90 is recommended for chrome 134.*, so it is advised to delete the driver in PATH and retry
2025-03=21 13:18:03:INFO:***test_logout***
2025-03=21 13:18:25:WARNING:The chromedriver version (133.0.6943.126) detected in PATH at C:\Bin\chromedriver.exe might not be compatible with the detected chrome version (134.0.6998.90); currently, chromedriver 134.0.6998.90 is recommended for chrome 134.*, so it is advised to delete the driver in PATH and retry
2025-03=21 13:18:26:INFO:***test_verify_cart_counter_visible***
2025-03=21 13:18:28:WARNING:The chromedriver version (133.0.6943.126) detected in PATH at C:\Bin\chromedriver.exe might not be compatible with the detected chrome version (134.0.6998.90); currently, chromedriver 134.0.6998.90 is recommended for chrome 134.*, so it is advised to delete the driver in PATH and retry
2025-03=21 13:18:30:INFO:***verify_product_visible_in_cart***
2025-03=22 22:19:44:WARNING:The chromedriver version (133.0.6943.126) detected in PATH at C:\Bin\chromedriver.exe might not be compatible with the detected chrome version (134.0.6998.118); currently, chromedriver 134.0.6998.165 is recommended for chrome 134.*, so it is advised to delete the driver in PATH and retry
2025-03=22 22:19:47:INFO:***test_valid_title_started***
2025-03=22 22:19:47:INFO:***test_valid_title_passed***
2025-03=22 22:19:48:WARNING:The chromedriver version (133.0.6943.126) detected in PATH at C:\Bin\chromedriver.exe might not be compatible with the detected chrome version (134.0.6998.118); currently, chromedriver 134.0.6998.165 is recommended for chrome 134.*, so it is advised to delete the driver in PATH and retry
2025-03=22 22:19:50:INFO:***test_valid_login_started***
2025-03=22 22:19:55:WARNING:The chromedriver version (133.0.6943.126) detected in PATH at C:\Bin\chromedriver.exe might not be compatible with the detected chrome version (134.0.6998.118); currently, chromedriver 134.0.6998.165 is recommended for chrome 134.*, so it is advised to delete the driver in PATH and retry
2025-03=22 22:19:57:INFO:***test_invalid_login_by_username_started***
2025-03=22 22:19:59:WARNING:The chromedriver version (133.0.6943.126) detected in PATH at C:\Bin\chromedriver.exe might not be compatible with the detected chrome version (134.0.6998.118); currently, chromedriver 134.0.6998.165 is recommended for chrome 134.*, so it is advised to delete the driver in PATH and retry
2025-03=22 22:20:01:INFO:***test_invalid_login_by_password_started***
2025-03=22 22:20:04:WARNING:The chromedriver version (133.0.6943.126) detected in PATH at C:\Bin\chromedriver.exe might not be compatible with the detected chrome version (134.0.6998.118); currently, chromedriver 134.0.6998.165 is recommended for chrome 134.*, so it is advised to delete the driver in PATH and retry
2025-03=22 22:20:06:INFO:***test_logout***
2025-03=25 09:23:30:WARNING:The chromedriver version (133.0.6943.126) detected in PATH at C:\Bin\chromedriver.exe might not be compatible with the detected chrome version (134.0.6998.118); currently, chromedriver 134.0.6998.165 is recommended for chrome 134.*, so it is advised to delete the driver in PATH and retry
2025-03=25 09:23:31:INFO:***test_valid_title_started***
2025-03=25 09:23:32:WARNING:The chromedriver version (133.0.6943.126) detected in PATH at C:\Bin\chromedriver.exe might not be compatible with the detected chrome version (134.0.6998.118); currently, chromedriver 134.0.6998.165 is recommended for chrome 134.*, so it is advised to delete the driver in PATH and retry
2025-03=25 09:23:34:INFO:***test_valid_login_started***
2025-03=25 09:23:34:WARNING:The chromedriver version (133.0.6943.126) detected in PATH at C:\Bin\chromedriver.exe might not be compatible with the detected chrome version (134.0.6998.118); currently, chromedriver 134.0.6998.165 is recommended for chrome 134.*, so it is advised to delete the driver in PATH and retry
2025-03=25 09:23:36:INFO:***test_invalid_login_by_username_started***
2025-03=25 09:23:36:WARNING:The chromedriver version (133.0.6943.126) detected in PATH at C:\Bin\chromedriver.exe might not be compatible with the detected chrome version (134.0.6998.118); currently, chromedriver 134.0.6998.165 is recommended for chrome 134.*, so it is advised to delete the driver in PATH and retry
2025-03=25 09:23:37:INFO:***test_invalid_login_by_password_started***
2025-03=25 09:23:38:WARNING:The chromedriver version (133.0.6943.126) detected in PATH at C:\Bin\chromedriver.exe might not be compatible with the detected chrome version (134.0.6998.118); currently, chromedriver 134.0.6998.165 is recommended for chrome 134.*, so it is advised to delete the driver in PATH and retry
2025-03=25 09:23:39:INFO:***test_logout***
2025-03=25 09:26:12:WARNING:The chromedriver version (133.0.6943.126) detected in PATH at C:\Bin\chromedriver.exe might not be compatible with the detected chrome version (134.0.6998.118); currently, chromedriver 134.0.6998.165 is recommended for chrome 134.*, so it is advised to delete the driver in PATH and retry
2025-03=25 09:26:14:INFO:***test_valid_title_started***
2025-03=25 09:26:14:WARNING:The chromedriver version (133.0.6943.126) detected in PATH at C:\Bin\chromedriver.exe might not be compatible with the detected chrome version (134.0.6998.118); currently, chromedriver 134.0.6998.165 is recommended for chrome 134.*, so it is advised to delete the driver in PATH and retry
2025-03=25 09:26:16:INFO:***test_valid_login_started***
2025-03=25 09:26:16:WARNING:The chromedriver version (133.0.6943.126) detected in PATH at C:\Bin\chromedriver.exe might not be compatible with the detected chrome version (134.0.6998.118); currently, chromedriver 134.0.6998.165 is recommended for chrome 134.*, so it is advised to delete the driver in PATH and retry
2025-03=25 09:26:18:INFO:***test_invalid_login_by_username_started***
2025-03=25 09:26:18:WARNING:The chromedriver version (133.0.6943.126) detected in PATH at C:\Bin\chromedriver.exe might not be compatible with the detected chrome version (134.0.6998.118); currently, chromedriver 134.0.6998.165 is recommended for chrome 134.*, so it is advised to delete the driver in PATH and retry
2025-03=25 09:26:20:INFO:***test_invalid_login_by_password_started***
2025-03=25 09:26:20:WARNING:The chromedriver version (133.0.6943.126) detected in PATH at C:\Bin\chromedriver.exe might not be compatible with the detected chrome version (134.0.6998.118); currently, chromedriver 134.0.6998.165 is recommended for chrome 134.*, so it is advised to delete the driver in PATH and retry
2025-03=25 09:26:21:INFO:***test_logout***
2025-03=25 09:27:14:WARNING:The chromedriver version (133.0.6943.126) detected in PATH at C:\Bin\chromedriver.exe might not be compatible with the detected chrome version (134.0.6998.118); currently, chromedriver 134.0.6998.165 is recommended for chrome 134.*, so it is advised to delete the driver in PATH and retry
2025-03=25 09:27:15:INFO:***test_valid_title_started***
2025-03=25 09:27:16:WARNING:The chromedriver version (133.0.6943.126) detected in PATH at C:\Bin\chromedriver.exe might not be compatible with the detected chrome version (134.0.6998.118); currently, chromedriver 134.0.6998.165 is recommended for chrome 134.*, so it is advised to delete the driver in PATH and retry
2025-03=25 09:27:17:INFO:***test_valid_login_started***
2025-03=25 09:27:18:WARNING:The chromedriver version (133.0.6943.126) detected in PATH at C:\Bin\chromedriver.exe might not be compatible with the detected chrome version (134.0.6998.118); currently, chromedriver 134.0.6998.165 is recommended for chrome 134.*, so it is advised to delete the driver in PATH and retry
2025-03=25 09:27:19:INFO:***test_invalid_login_by_username_started***
2025-03=25 09:27:20:WARNING:The chromedriver version (133.0.6943.126) detected in PATH at C:\Bin\chromedriver.exe might not be compatible with the detected chrome version (134.0.6998.118); currently, chromedriver 134.0.6998.165 is recommended for chrome 134.*, so it is advised to delete the driver in PATH and retry
2025-03=25 09:27:22:INFO:***test_invalid_login_by_password_started***
2025-03=25 09:27:23:WARNING:The chromedriver version (133.0.6943.126) detected in PATH at C:\Bin\chromedriver.exe might not be compatible with the detected chrome version (134.0.6998.118); currently, chromedriver 134.0.6998.165 is recommended for chrome 134.*, so it is advised to delete the driver in PATH and retry
2025-03=25 09:27:24:INFO:***test_logout***
2025-03=25 09:42:58:WARNING:The chromedriver version (133.0.6943.126) detected in PATH at C:\Bin\chromedriver.exe might not be compatible with the detected chrome version (134.0.6998.118); currently, chromedriver 134.0.6998.165 is recommended for chrome 134.*, so it is advised to delete the driver in PATH and retry
2025-03=25 09:42:59:INFO:***test_valid_title_started***
2025-03=25 09:43:00:WARNING:The chromedriver version (133.0.6943.126) detected in PATH at C:\Bin\chromedriver.exe might not be compatible with the detected chrome version (134.0.6998.118); currently, chromedriver 134.0.6998.165 is recommended for chrome 134.*, so it is advised to delete the driver in PATH and retry
2025-03=25 09:43:02:INFO:***test_valid_login_started***
2025-03=25 09:43:03:WARNING:The chromedriver version (133.0.6943.126) detected in PATH at C:\Bin\chromedriver.exe might not be compatible with the detected chrome version (134.0.6998.118); currently, chromedriver 134.0.6998.165 is recommended for chrome 134.*, so it is advised to delete the driver in PATH and retry
2025-03=25 09:43:04:INFO:***test_invalid_login_by_username_started***
2025-03=25 09:43:05:WARNING:The chromedriver version (133.0.6943.126) detected in PATH at C:\Bin\chromedriver.exe might not be compatible with the detected chrome version (134.0.6998.118); currently, chromedriver 134.0.6998.165 is recommended for chrome 134.*, so it is advised to delete the driver in PATH and retry
2025-03=25 09:43:06:INFO:***test_invalid_login_by_password_started***
2025-03=25 09:43:07:WARNING:The chromedriver version (133.0.6943.126) detected in PATH at C:\Bin\chromedriver.exe might not be compatible with the detected chrome version (134.0.6998.118); currently, chromedriver 134.0.6998.165 is recommended for chrome 134.*, so it is advised to delete the driver in PATH and retry
2025-03=25 09:43:09:INFO:***test_logout***
2025-03=25 09:43:29:WARNING:The chromedriver version (133.0.6943.126) detected in PATH at C:\Bin\chromedriver.exe might not be compatible with the detected chrome version (134.0.6998.118); currently, chromedriver 134.0.6998.165 is recommended for chrome 134.*, so it is advised to delete the driver in PATH and retry
2025-03=25 09:43:31:INFO:***test_valid_title_started***
2025-03=25 09:43:32:WARNING:The chromedriver version (133.0.6943.126) detected in PATH at C:\Bin\chromedriver.exe might not be compatible with the detected chrome version (134.0.6998.118); currently, chromedriver 134.0.6998.165 is recommended for chrome 134.*, so it is advised to delete the driver in PATH and retry
2025-03=25 09:43:33:INFO:***test_valid_login_started***
2025-03=25 09:43:34:WARNING:The chromedriver version (133.0.6943.126) detected in PATH at C:\Bin\chromedriver.exe might not be compatible with the detected chrome version (134.0.6998.118); currently, chromedriver 134.0.6998.165 is recommended for chrome 134.*, so it is advised to delete the driver in PATH and retry
2025-03=25 09:43:36:INFO:***test_invalid_login_by_username_started***
2025-03=25 09:43:37:WARNING:The chromedriver version (133.0.6943.126) detected in PATH at C:\Bin\chromedriver.exe might not be compatible with the detected chrome version (134.0.6998.118); currently, chromedriver 134.0.6998.165 is recommended for chrome 134.*, so it is advised to delete the driver in PATH and retry
2025-03=25 09:43:38:INFO:***test_invalid_login_by_password_started***
2025-03=25 09:43:40:WARNING:The chromedriver version (133.0.6943.126) detected in PATH at C:\Bin\chromedriver.exe might not be compatible with the detected chrome version (134.0.6998.118); currently, chromedriver 134.0.6998.165 is recommended for chrome 134.*, so it is advised to delete the driver in PATH and retry
2025-03=25 09:43:41:INFO:***test_logout***
2025-03=25 09:43:56:WARNING:The chromedriver version (133.0.6943.126) detected in PATH at C:\Bin\chromedriver.exe might not be compatible with the detected chrome version (134.0.6998.118); currently, chromedriver 134.0.6998.165 is recommended for chrome 134.*, so it is advised to delete the driver in PATH and retry
2025-03=25 09:43:58:INFO:***test_valid_title_started***
2025-03=25 09:43:59:INFO:***test_valid_title_passed***
2025-03=25 09:43:59:WARNING:The chromedriver version (133.0.6943.126) detected in PATH at C:\Bin\chromedriver.exe might not be compatible with the detected chrome version (134.0.6998.118); currently, chromedriver 134.0.6998.165 is recommended for chrome 134.*, so it is advised to delete the driver in PATH and retry
2025-03=25 09:44:01:INFO:***test_valid_login_started***
2025-03=25 09:44:03:WARNING:The chromedriver version (133.0.6943.126) detected in PATH at C:\Bin\chromedriver.exe might not be compatible with the detected chrome version (134.0.6998.118); currently, chromedriver 134.0.6998.165 is recommended for chrome 134.*, so it is advised to delete the driver in PATH and retry
2025-03=25 09:44:05:INFO:***test_invalid_login_by_username_started***
2025-03=25 09:44:07:WARNING:The chromedriver version (133.0.6943.126) detected in PATH at C:\Bin\chromedriver.exe might not be compatible with the detected chrome version (134.0.6998.118); currently, chromedriver 134.0.6998.165 is recommended for chrome 134.*, so it is advised to delete the driver in PATH and retry
2025-03=25 09:44:08:INFO:***test_invalid_login_by_password_started***
2025-03=25 09:44:11:WARNING:The chromedriver version (133.0.6943.126) detected in PATH at C:\Bin\chromedriver.exe might not be compatible with the detected chrome version (134.0.6998.118); currently, chromedriver 134.0.6998.165 is recommended for chrome 134.*, so it is advised to delete the driver in PATH and retry
2025-03=25 09:44:13:INFO:***test_logout***
2025-03=25 09:46:07:WARNING:The chromedriver version (133.0.6943.126) detected in PATH at C:\Bin\chromedriver.exe might not be compatible with the detected chrome version (134.0.6998.118); currently, chromedriver 134.0.6998.165 is recommended for chrome 134.*, so it is advised to delete the driver in PATH and retry
2025-03=25 09:46:08:INFO:***test_valid_title_started***
2025-03=25 09:46:09:INFO:***test_valid_title_passed***
2025-03=25 09:46:10:WARNING:The chromedriver version (133.0.6943.126) detected in PATH at C:\Bin\chromedriver.exe might not be compatible with the detected chrome version (134.0.6998.118); currently, chromedriver 134.0.6998.165 is recommended for chrome 134.*, so it is advised to delete the driver in PATH and retry
2025-03=25 09:46:11:INFO:***test_valid_login_started***
2025-03=25 09:46:14:WARNING:The chromedriver version (133.0.6943.126) detected in PATH at C:\Bin\chromedriver.exe might not be compatible with the detected chrome version (134.0.6998.118); currently, chromedriver 134.0.6998.165 is recommended for chrome 134.*, so it is advised to delete the driver in PATH and retry
2025-03=25 09:46:15:INFO:***test_invalid_login_by_username_started***
2025-03=25 09:46:17:WARNING:The chromedriver version (133.0.6943.126) detected in PATH at C:\Bin\chromedriver.exe might not be compatible with the detected chrome version (134.0.6998.118); currently, chromedriver 134.0.6998.165 is recommended for chrome 134.*, so it is advised to delete the driver in PATH and retry
2025-03=25 09:46:19:INFO:***test_invalid_login_by_password_started***
2025-03=25 09:46:22:WARNING:The chromedriver version (133.0.6943.126) detected in PATH at C:\Bin\chromedriver.exe might not be compatible with the detected chrome version (134.0.6998.118); currently, chromedriver 134.0.6998.165 is recommended for chrome 134.*, so it is advised to delete the driver in PATH and retry
2025-03=25 09:46:23:INFO:***test_logout***
2025-03=25 09:46:38:WARNING:The chromedriver version (133.0.6943.126) detected in PATH at C:\Bin\chromedriver.exe might not be compatible with the detected chrome version (134.0.6998.118); currently, chromedriver 134.0.6998.165 is recommended for chrome 134.*, so it is advised to delete the driver in PATH and retry
2025-03=25 09:46:39:INFO:***test_valid_title_started***
2025-03=25 09:46:41:INFO:***test_valid_title_passed***
2025-03=25 09:46:42:WARNING:The chromedriver version (133.0.6943.126) detected in PATH at C:\Bin\chromedriver.exe might not be compatible with the detected chrome version (134.0.6998.118); currently, chromedriver 134.0.6998.165 is recommended for chrome 134.*, so it is advised to delete the driver in PATH and retry
2025-03=25 09:46:43:INFO:***test_valid_login_started***
2025-03=25 09:46:47:WARNING:The chromedriver version (133.0.6943.126) detected in PATH at C:\Bin\chromedriver.exe might not be compatible with the detected chrome version (134.0.6998.118); currently, chromedriver 134.0.6998.165 is recommended for chrome 134.*, so it is advised to delete the driver in PATH and retry
2025-03=25 09:46:48:INFO:***test_invalid_login_by_username_started***
2025-03=25 09:46:51:WARNING:The chromedriver version (133.0.6943.126) detected in PATH at C:\Bin\chromedriver.exe might not be compatible with the detected chrome version (134.0.6998.118); currently, chromedriver 134.0.6998.165 is recommended for chrome 134.*, so it is advised to delete the driver in PATH and retry
2025-03=25 09:46:52:INFO:***test_invalid_login_by_password_started***
2025-03=25 09:46:55:WARNING:The chromedriver version (133.0.6943.126) detected in PATH at C:\Bin\chromedriver.exe might not be compatible with the detected chrome version (134.0.6998.118); currently, chromedriver 134.0.6998.165 is recommended for chrome 134.*, so it is advised to delete the driver in PATH and retry
2025-03=25 09:46:56:INFO:***test_logout***
2025-03=25 09:48:12:WARNING:The chromedriver version (133.0.6943.126) detected in PATH at C:\Bin\chromedriver.exe might not be compatible with the detected chrome version (134.0.6998.118); currently, chromedriver 134.0.6998.165 is recommended for chrome 134.*, so it is advised to delete the driver in PATH and retry
2025-03=25 09:48:14:INFO:***test_valid_title_started***
2025-03=25 09:48:15:INFO:***test_valid_title_passed***
2025-03=25 09:48:16:WARNING:The chromedriver version (133.0.6943.126) detected in PATH at C:\Bin\chromedriver.exe might not be compatible with the detected chrome version (134.0.6998.118); currently, chromedriver 134.0.6998.165 is recommended for chrome 134.*, so it is advised to delete the driver in PATH and retry
2025-03=25 09:48:18:INFO:***test_valid_login_started***
2025-03=25 09:48:21:WARNING:The chromedriver version (133.0.6943.126) detected in PATH at C:\Bin\chromedriver.exe might not be compatible with the detected chrome version (134.0.6998.118); currently, chromedriver 134.0.6998.165 is recommended for chrome 134.*, so it is advised to delete the driver in PATH and retry
2025-03=25 09:48:23:INFO:***test_invalid_login_by_username_started***
2025-03=25 09:48:25:WARNING:The chromedriver version (133.0.6943.126) detected in PATH at C:\Bin\chromedriver.exe might not be compatible with the detected chrome version (134.0.6998.118); currently, chromedriver 134.0.6998.165 is recommended for chrome 134.*, so it is advised to delete the driver in PATH and retry
2025-03=25 09:48:27:INFO:***test_invalid_login_by_password_started***
2025-03=25 09:48:30:WARNING:The chromedriver version (133.0.6943.126) detected in PATH at C:\Bin\chromedriver.exe might not be compatible with the detected chrome version (134.0.6998.118); currently, chromedriver 134.0.6998.165 is recommended for chrome 134.*, so it is advised to delete the driver in PATH and retry
2025-03=25 09:48:32:INFO:***test_logout***
2025-03=25 09:49:36:WARNING:The chromedriver version (133.0.6943.126) detected in PATH at C:\Bin\chromedriver.exe might not be compatible with the detected chrome version (134.0.6998.118); currently, chromedriver 134.0.6998.165 is recommended for chrome 134.*, so it is advised to delete the driver in PATH and retry
2025-03=25 09:49:37:INFO:***test_valid_title_started***
2025-03=25 09:49:38:WARNING:The chromedriver version (133.0.6943.126) detected in PATH at C:\Bin\chromedriver.exe might not be compatible with the detected chrome version (134.0.6998.118); currently, chromedriver 134.0.6998.165 is recommended for chrome 134.*, so it is advised to delete the driver in PATH and retry
2025-03=25 09:49:40:INFO:***test_valid_login_started***
2025-03=25 09:49:41:WARNING:The chromedriver version (133.0.6943.126) detected in PATH at C:\Bin\chromedriver.exe might not be compatible with the detected chrome version (134.0.6998.118); currently, chromedriver 134.0.6998.165 is recommended for chrome 134.*, so it is advised to delete the driver in PATH and retry
2025-03=25 09:49:42:INFO:***test_invalid_login_by_username_started***
2025-03=25 09:49:43:WARNING:The chromedriver version (133.0.6943.126) detected in PATH at C:\Bin\chromedriver.exe might not be compatible with the detected chrome version (134.0.6998.118); currently, chromedriver 134.0.6998.165 is recommended for chrome 134.*, so it is advised to delete the driver in PATH and retry
2025-03=25 09:49:45:INFO:***test_invalid_login_by_password_started***
2025-03=25 09:49:46:WARNING:The chromedriver version (133.0.6943.126) detected in PATH at C:\Bin\chromedriver.exe might not be compatible with the detected chrome version (134.0.6998.118); currently, chromedriver 134.0.6998.165 is recommended for chrome 134.*, so it is advised to delete the driver in PATH and retry
2025-03=25 09:49:48:INFO:***test_logout***
2025-03=25 09:51:37:WARNING:The chromedriver version (133.0.6943.126) detected in PATH at C:\Bin\chromedriver.exe might not be compatible with the detected chrome version (134.0.6998.118); currently, chromedriver 134.0.6998.165 is recommended for chrome 134.*, so it is advised to delete the driver in PATH and retry
2025-03=25 09:51:39:INFO:***test_valid_title_started***
2025-03=25 09:51:41:INFO:***test_valid_title_passed***
2025-03=25 09:51:41:WARNING:The chromedriver version (133.0.6943.126) detected in PATH at C:\Bin\chromedriver.exe might not be compatible with the detected chrome version (134.0.6998.118); currently, chromedriver 134.0.6998.165 is recommended for chrome 134.*, so it is advised to delete the driver in PATH and retry
2025-03=25 09:51:43:INFO:***test_valid_login_started***
2025-03=25 09:51:46:WARNING:The chromedriver version (133.0.6943.126) detected in PATH at C:\Bin\chromedriver.exe might not be compatible with the detected chrome version (134.0.6998.118); currently, chromedriver 134.0.6998.165 is recommended for chrome 134.*, so it is advised to delete the driver in PATH and retry
2025-03=25 09:51:48:INFO:***test_invalid_login_by_username_started***
2025-03=25 09:51:50:WARNING:The chromedriver version (133.0.6943.126) detected in PATH at C:\Bin\chromedriver.exe might not be compatible with the detected chrome version (134.0.6998.118); currently, chromedriver 134.0.6998.165 is recommended for chrome 134.*, so it is advised to delete the driver in PATH and retry
2025-03=25 09:51:51:INFO:***test_invalid_login_by_password_started***
2025-03=25 09:51:53:WARNING:The chromedriver version (133.0.6943.126) detected in PATH at C:\Bin\chromedriver.exe might not be compatible with the detected chrome version (134.0.6998.118); currently, chromedriver 134.0.6998.165 is recommended for chrome 134.*, so it is advised to delete the driver in PATH and retry
2025-03=25 09:51:55:INFO:***test_logout***
2025-03=25 09:52:50:WARNING:The chromedriver version (133.0.6943.126) detected in PATH at C:\Bin\chromedriver.exe might not be compatible with the detected chrome version (134.0.6998.118); currently, chromedriver 134.0.6998.165 is recommended for chrome 134.*, so it is advised to delete the driver in PATH and retry
2025-03=25 09:52:52:INFO:***test_valid_title_started***
2025-03=25 09:52:53:INFO:***test_valid_title_passed***
2025-03=25 09:52:53:WARNING:The chromedriver version (133.0.6943.126) detected in PATH at C:\Bin\chromedriver.exe might not be compatible with the detected chrome version (134.0.6998.118); currently, chromedriver 134.0.6998.165 is recommended for chrome 134.*, so it is advised to delete the driver in PATH and retry
2025-03=25 09:52:55:INFO:***test_valid_login_started***
2025-03=25 09:52:57:WARNING:The chromedriver version (133.0.6943.126) detected in PATH at C:\Bin\chromedriver.exe might not be compatible with the detected chrome version (134.0.6998.118); currently, chromedriver 134.0.6998.165 is recommended for chrome 134.*, so it is advised to delete the driver in PATH and retry
2025-03=25 09:52:59:INFO:***test_invalid_login_by_username_started***
2025-03=25 09:53:02:WARNING:The chromedriver version (133.0.6943.126) detected in PATH at C:\Bin\chromedriver.exe might not be compatible with the detected chrome version (134.0.6998.118); currently, chromedriver 134.0.6998.165 is recommended for chrome 134.*, so it is advised to delete the driver in PATH and retry
2025-03=25 09:53:03:INFO:***test_invalid_login_by_password_started***
2025-03=25 09:53:05:WARNING:The chromedriver version (133.0.6943.126) detected in PATH at C:\Bin\chromedriver.exe might not be compatible with the detected chrome version (134.0.6998.118); currently, chromedriver 134.0.6998.165 is recommended for chrome 134.*, so it is advised to delete the driver in PATH and retry
2025-03=25 09:53:07:INFO:***test_logout***
2025-03=25 09:54:43:WARNING:The chromedriver version (133.0.6943.126) detected in PATH at C:\Bin\chromedriver.exe might not be compatible with the detected chrome version (134.0.6998.118); currently, chromedriver 134.0.6998.165 is recommended for chrome 134.*, so it is advised to delete the driver in PATH and retry
2025-03=25 09:54:44:INFO:***test_valid_title_started***
2025-03=25 09:54:45:WARNING:The chromedriver version (133.0.6943.126) detected in PATH at C:\Bin\chromedriver.exe might not be compatible with the detected chrome version (134.0.6998.118); currently, chromedriver 134.0.6998.165 is recommended for chrome 134.*, so it is advised to delete the driver in PATH and retry
2025-03=25 09:54:46:INFO:***test_valid_login_started***
2025-03=25 09:54:47:WARNING:The chromedriver version (133.0.6943.126) detected in PATH at C:\Bin\chromedriver.exe might not be compatible with the detected chrome version (134.0.6998.118); currently, chromedriver 134.0.6998.165 is recommended for chrome 134.*, so it is advised to delete the driver in PATH and retry
2025-03=25 09:54:49:INFO:***test_invalid_login_by_username_started***
2025-03=25 09:54:49:WARNING:The chromedriver version (133.0.6943.126) detected in PATH at C:\Bin\chromedriver.exe might not be compatible with the detected chrome version (134.0.6998.118); currently, chromedriver 134.0.6998.165 is recommended for chrome 134.*, so it is advised to delete the driver in PATH and retry
2025-03=25 09:54:51:INFO:***test_invalid_login_by_password_started***
2025-03=25 09:54:52:WARNING:The chromedriver version (133.0.6943.126) detected in PATH at C:\Bin\chromedriver.exe might not be compatible with the detected chrome version (134.0.6998.118); currently, chromedriver 134.0.6998.165 is recommended for chrome 134.*, so it is advised to delete the driver in PATH and retry
2025-03=25 09:54:53:INFO:***test_logout***
2025-03=25 10:35:36:WARNING:The chromedriver version (133.0.6943.126) detected in PATH at C:\Bin\chromedriver.exe might not be compatible with the detected chrome version (134.0.6998.118); currently, chromedriver 134.0.6998.165 is recommended for chrome 134.*, so it is advised to delete the driver in PATH and retry
2025-03=25 10:35:38:INFO:***test_valid_title_started***
2025-03=25 10:35:39:WARNING:The chromedriver version (133.0.6943.126) detected in PATH at C:\Bin\chromedriver.exe might not be compatible with the detected chrome version (134.0.6998.118); currently, chromedriver 134.0.6998.165 is recommended for chrome 134.*, so it is advised to delete the driver in PATH and retry
2025-03=25 10:35:40:INFO:***test_valid_login_started***
2025-03=25 10:35:41:WARNING:The chromedriver version (133.0.6943.126) detected in PATH at C:\Bin\chromedriver.exe might not be compatible with the detected chrome version (134.0.6998.118); currently, chromedriver 134.0.6998.165 is recommended for chrome 134.*, so it is advised to delete the driver in PATH and retry
2025-03=25 10:35:42:INFO:***test_invalid_login_by_username_started***
2025-03=25 10:35:43:WARNING:The chromedriver version (133.0.6943.126) detected in PATH at C:\Bin\chromedriver.exe might not be compatible with the detected chrome version (134.0.6998.118); currently, chromedriver 134.0.6998.165 is recommended for chrome 134.*, so it is advised to delete the driver in PATH and retry
2025-03=25 10:35:45:INFO:***test_invalid_login_by_password_started***
2025-03=25 10:35:46:WARNING:The chromedriver version (133.0.6943.126) detected in PATH at C:\Bin\chromedriver.exe might not be compatible with the detected chrome version (134.0.6998.118); currently, chromedriver 134.0.6998.165 is recommended for chrome 134.*, so it is advised to delete the driver in PATH and retry
2025-03=25 10:35:47:INFO:***test_logout***
2025-03=25 10:48:46:WARNING:The chromedriver version (133.0.6943.126) detected in PATH at C:\Bin\chromedriver.exe might not be compatible with the detected chrome version (134.0.6998.118); currently, chromedriver 134.0.6998.165 is recommended for chrome 134.*, so it is advised to delete the driver in PATH and retry
2025-03=25 10:48:48:INFO:***test_valid_title_started***
2025-03=25 10:48:49:INFO:***test_valid_title_passed***
2025-03=25 10:48:50:WARNING:The chromedriver version (133.0.6943.126) detected in PATH at C:\Bin\chromedriver.exe might not be compatible with the detected chrome version (134.0.6998.118); currently, chromedriver 134.0.6998.165 is recommended for chrome 134.*, so it is advised to delete the driver in PATH and retry
2025-03=25 10:48:52:INFO:***test_valid_login_started***
2025-03=25 10:48:55:WARNING:The chromedriver version (133.0.6943.126) detected in PATH at C:\Bin\chromedriver.exe might not be compatible with the detected chrome version (134.0.6998.118); currently, chromedriver 134.0.6998.165 is recommended for chrome 134.*, so it is advised to delete the driver in PATH and retry
2025-03=25 10:48:57:INFO:***test_invalid_login_by_username_started***
2025-03=25 10:49:00:WARNING:The chromedriver version (133.0.6943.126) detected in PATH at C:\Bin\chromedriver.exe might not be compatible with the detected chrome version (134.0.6998.118); currently, chromedriver 134.0.6998.165 is recommended for chrome 134.*, so it is advised to delete the driver in PATH and retry
2025-03=25 10:49:02:INFO:***test_invalid_login_by_password_started***
2025-03=25 10:49:04:WARNING:The chromedriver version (133.0.6943.126) detected in PATH at C:\Bin\chromedriver.exe might not be compatible with the detected chrome version (134.0.6998.118); currently, chromedriver 134.0.6998.165 is recommended for chrome 134.*, so it is advised to delete the driver in PATH and retry
2025-03=25 10:49:06:INFO:***test_logout***
2025-03=25 10:49:25:WARNING:The chromedriver version (133.0.6943.126) detected in PATH at C:\Bin\chromedriver.exe might not be compatible with the detected chrome version (134.0.6998.118); currently, chromedriver 134.0.6998.165 is recommended for chrome 134.*, so it is advised to delete the driver in PATH and retry
2025-03=25 10:49:26:INFO:***test_valid_title_started***
2025-03=25 10:49:27:WARNING:The chromedriver version (133.0.6943.126) detected in PATH at C:\Bin\chromedriver.exe might not be compatible with the detected chrome version (134.0.6998.118); currently, chromedriver 134.0.6998.165 is recommended for chrome 134.*, so it is advised to delete the driver in PATH and retry
2025-03=25 10:49:29:INFO:***test_valid_login_started***
2025-03=25 10:49:30:WARNING:The chromedriver version (133.0.6943.126) detected in PATH at C:\Bin\chromedriver.exe might not be compatible with the detected chrome version (134.0.6998.118); currently, chromedriver 134.0.6998.165 is recommended for chrome 134.*, so it is advised to delete the driver in PATH and retry
2025-03=25 10:49:32:INFO:***test_invalid_login_by_username_started***
2025-03=25 10:49:34:WARNING:The chromedriver version (133.0.6943.126) detected in PATH at C:\Bin\chromedriver.exe might not be compatible with the detected chrome version (134.0.6998.118); currently, chromedriver 134.0.6998.165 is recommended for chrome 134.*, so it is advised to delete the driver in PATH and retry
2025-03=25 10:49:36:INFO:***test_invalid_login_by_password_started***
2025-03=25 10:49:37:WARNING:The chromedriver version (133.0.6943.126) detected in PATH at C:\Bin\chromedriver.exe might not be compatible with the detected chrome version (134.0.6998.118); currently, chromedriver 134.0.6998.165 is recommended for chrome 134.*, so it is advised to delete the driver in PATH and retry
2025-03=25 10:49:40:INFO:***test_logout***
2025-03=25 10:53:12:WARNING:The chromedriver version (133.0.6943.126) detected in PATH at C:\Bin\chromedriver.exe might not be compatible with the detected chrome version (134.0.6998.118); currently, chromedriver 134.0.6998.165 is recommended for chrome 134.*, so it is advised to delete the driver in PATH and retry
2025-03=25 10:53:14:INFO:***test_valid_title_started***
2025-03=25 10:53:14:WARNING:The chromedriver version (133.0.6943.126) detected in PATH at C:\Bin\chromedriver.exe might not be compatible with the detected chrome version (134.0.6998.118); currently, chromedriver 134.0.6998.165 is recommended for chrome 134.*, so it is advised to delete the driver in PATH and retry
2025-03=25 10:53:16:INFO:***test_valid_login_started***
2025-03=25 10:53:17:WARNING:The chromedriver version (133.0.6943.126) detected in PATH at C:\Bin\chromedriver.exe might not be compatible with the detected chrome version (134.0.6998.118); currently, chromedriver 134.0.6998.165 is recommended for chrome 134.*, so it is advised to delete the driver in PATH and retry
2025-03=25 10:53:18:INFO:***test_invalid_login_by_username_started***
2025-03=25 10:53:19:WARNING:The chromedriver version (133.0.6943.126) detected in PATH at C:\Bin\chromedriver.exe might not be compatible with the detected chrome version (134.0.6998.118); currently, chromedriver 134.0.6998.165 is recommended for chrome 134.*, so it is advised to delete the driver in PATH and retry
2025-03=25 10:53:21:INFO:***test_invalid_login_by_password_started***
2025-03=25 10:53:22:WARNING:The chromedriver version (133.0.6943.126) detected in PATH at C:\Bin\chromedriver.exe might not be compatible with the detected chrome version (134.0.6998.118); currently, chromedriver 134.0.6998.165 is recommended for chrome 134.*, so it is advised to delete the driver in PATH and retry
2025-03=25 10:53:23:INFO:***test_logout***
2025-03=25 10:59:30:WARNING:The chromedriver version (133.0.6943.126) detected in PATH at C:\Bin\chromedriver.exe might not be compatible with the detected chrome version (134.0.6998.118); currently, chromedriver 134.0.6998.165 is recommended for chrome 134.*, so it is advised to delete the driver in PATH and retry
2025-03=25 10:59:31:INFO:***test_verify_cart_counter_visible***
2025-03=25 10:59:34:WARNING:The chromedriver version (133.0.6943.126) detected in PATH at C:\Bin\chromedriver.exe might not be compatible with the detected chrome version (134.0.6998.118); currently, chromedriver 134.0.6998.165 is recommended for chrome 134.*, so it is advised to delete the driver in PATH and retry
2025-03=25 10:59:35:INFO:***verify_product_visible_in_cart***
2025-03=25 11:10:34:WARNING:The chromedriver version (133.0.6943.126) detected in PATH at C:\Bin\chromedriver.exe might not be compatible with the detected chrome version (134.0.6998.118); currently, chromedriver 134.0.6998.165 is recommended for chrome 134.*, so it is advised to delete the driver in PATH and retry
2025-03=25 11:10:36:INFO:***test_verify_cart_counter_visible***
2025-03=25 11:10:38:WARNING:The chromedriver version (133.0.6943.126) detected in PATH at C:\Bin\chromedriver.exe might not be compatible with the detected chrome version (134.0.6998.118); currently, chromedriver 134.0.6998.165 is recommended for chrome 134.*, so it is advised to delete the driver in PATH and retry
2025-03=25 11:10:40:INFO:***verify_product_visible_in_cart***
2025-03=25 11:41:46:WARNING:The chromedriver version (133.0.6943.126) detected in PATH at C:\Bin\chromedriver.exe might not be compatible with the detected chrome version (134.0.6998.118); currently, chromedriver 134.0.6998.165 is recommended for chrome 134.*, so it is advised to delete the driver in PATH and retry
2025-03=25 12:24:43:WARNING:The chromedriver version (133.0.6943.126) detected in PATH at C:\Bin\chromedriver.exe might not be compatible with the detected chrome version (134.0.6998.118); currently, chromedriver 134.0.6998.165 is recommended for chrome 134.*, so it is advised to delete the driver in PATH and retry
2025-03=25 12:25:37:WARNING:The chromedriver version (133.0.6943.126) detected in PATH at C:\Bin\chromedriver.exe might not be compatible with the detected chrome version (134.0.6998.118); currently, chromedriver 134.0.6998.165 is recommended for chrome 134.*, so it is advised to delete the driver in PATH and retry
2025-03=25 12:26:06:WARNING:The chromedriver version (133.0.6943.126) detected in PATH at C:\Bin\chromedriver.exe might not be compatible with the detected chrome version (134.0.6998.118); currently, chromedriver 134.0.6998.165 is recommended for chrome 134.*, so it is advised to delete the driver in PATH and retry
2025-03=25 12:33:12:WARNING:The chromedriver version (133.0.6943.126) detected in PATH at C:\Bin\chromedriver.exe might not be compatible with the detected chrome version (134.0.6998.118); currently, chromedriver 134.0.6998.165 is recommended for chrome 134.*, so it is advised to delete the driver in PATH and retry
2025-03=25 12:34:10:WARNING:The chromedriver version (133.0.6943.126) detected in PATH at C:\Bin\chromedriver.exe might not be compatible with the detected chrome version (134.0.6998.118); currently, chromedriver 134.0.6998.165 is recommended for chrome 134.*, so it is advised to delete the driver in PATH and retry
2025-03=25 12:38:03:WARNING:The chromedriver version (133.0.6943.126) detected in PATH at C:\Bin\chromedriver.exe might not be compatible with the detected chrome version (134.0.6998.118); currently, chromedriver 134.0.6998.165 is recommended for chrome 134.*, so it is advised to delete the driver in PATH and retry
2025-03=25 12:38:18:WARNING:The chromedriver version (133.0.6943.126) detected in PATH at C:\Bin\chromedriver.exe might not be compatible with the detected chrome version (134.0.6998.118); currently, chromedriver 134.0.6998.165 is recommended for chrome 134.*, so it is advised to delete the driver in PATH and retry
2025-03=25 12:41:09:WARNING:The chromedriver version (133.0.6943.126) detected in PATH at C:\Bin\chromedriver.exe might not be compatible with the detected chrome version (134.0.6998.118); currently, chromedriver 134.0.6998.165 is recommended for chrome 134.*, so it is advised to delete the driver in PATH and retry
2025-03=25 12:41:50:WARNING:The chromedriver version (133.0.6943.126) detected in PATH at C:\Bin\chromedriver.exe might not be compatible with the detected chrome version (134.0.6998.118); currently, chromedriver 134.0.6998.165 is recommended for chrome 134.*, so it is advised to delete the driver in PATH and retry
2025-03=25 13:36:11:WARNING:The chromedriver version (133.0.6943.126) detected in PATH at C:\Bin\chromedriver.exe might not be compatible with the detected chrome version (134.0.6998.118); currently, chromedriver 134.0.6998.165 is recommended for chrome 134.*, so it is advised to delete the driver in PATH and retry
2025-03=25 13:36:32:WARNING:The chromedriver version (133.0.6943.126) detected in PATH at C:\Bin\chromedriver.exe might not be compatible with the detected chrome version (134.0.6998.118); currently, chromedriver 134.0.6998.165 is recommended for chrome 134.*, so it is advised to delete the driver in PATH and retry
2025-03=25 13:37:15:WARNING:The chromedriver version (133.0.6943.126) detected in PATH at C:\Bin\chromedriver.exe might not be compatible with the detected chrome version (134.0.6998.118); currently, chromedriver 134.0.6998.165 is recommended for chrome 134.*, so it is advised to delete the driver in PATH and retry
2025-03=25 13:41:44:WARNING:The chromedriver version (133.0.6943.126) detected in PATH at C:\Bin\chromedriver.exe might not be compatible with the detected chrome version (134.0.6998.118); currently, chromedriver 134.0.6998.165 is recommended for chrome 134.*, so it is advised to delete the driver in PATH and retry
2025-03=25 14:01:08:WARNING:The chromedriver version (133.0.6943.126) detected in PATH at C:\Bin\chromedriver.exe might not be compatible with the detected chrome version (134.0.6998.118); currently, chromedriver 134.0.6998.165 is recommended for chrome 134.*, so it is advised to delete the driver in PATH and retry
2025-03=25 14:02:34:WARNING:The chromedriver version (133.0.6943.126) detected in PATH at C:\Bin\chromedriver.exe might not be compatible with the detected chrome version (134.0.6998.118); currently, chromedriver 134.0.6998.165 is recommended for chrome 134.*, so it is advised to delete the driver in PATH and retry
2025-03=25 14:04:06:WARNING:The chromedriver version (133.0.6943.126) detected in PATH at C:\Bin\chromedriver.exe might not be compatible with the detected chrome version (134.0.6998.118); currently, chromedriver 134.0.6998.165 is recommended for chrome 134.*, so it is advised to delete the driver in PATH and retry
2025-03=25 14:04:42:WARNING:The chromedriver version (133.0.6943.126) detected in PATH at C:\Bin\chromedriver.exe might not be compatible with the detected chrome version (134.0.6998.118); currently, chromedriver 134.0.6998.165 is recommended for chrome 134.*, so it is advised to delete the driver in PATH and retry
2025-03=25 14:06:22:WARNING:The chromedriver version (133.0.6943.126) detected in PATH at C:\Bin\chromedriver.exe might not be compatible with the detected chrome version (134.0.6998.118); currently, chromedriver 134.0.6998.165 is recommended for chrome 134.*, so it is advised to delete the driver in PATH and retry
2025-03=25 14:11:48:WARNING:The chromedriver version (133.0.6943.126) detected in PATH at C:\Bin\chromedriver.exe might not be compatible with the detected chrome version (134.0.6998.118); currently, chromedriver 134.0.6998.165 is recommended for chrome 134.*, so it is advised to delete the driver in PATH and retry
2025-03=25 14:12:51:WARNING:The chromedriver version (133.0.6943.126) detected in PATH at C:\Bin\chromedriver.exe might not be compatible with the detected chrome version (134.0.6998.118); currently, chromedriver 134.0.6998.165 is recommended for chrome 134.*, so it is advised to delete the driver in PATH and retry
2025-03=25 14:13:33:WARNING:The chromedriver version (133.0.6943.126) detected in PATH at C:\Bin\chromedriver.exe might not be compatible with the detected chrome version (134.0.6998.118); currently, chromedriver 134.0.6998.165 is recommended for chrome 134.*, so it is advised to delete the driver in PATH and retry
2025-03=25 14:26:53:WARNING:The chromedriver version (133.0.6943.126) detected in PATH at C:\Bin\chromedriver.exe might not be compatible with the detected chrome version (134.0.6998.118); currently, chromedriver 134.0.6998.165 is recommended for chrome 134.*, so it is advised to delete the driver in PATH and retry
2025-03=25 14:26:56:INFO:***test_valid_title_passed***
2025-03=25 14:26:57:WARNING:The chromedriver version (133.0.6943.126) detected in PATH at C:\Bin\chromedriver.exe might not be compatible with the detected chrome version (134.0.6998.118); currently, chromedriver 134.0.6998.165 is recommended for chrome 134.*, so it is advised to delete the driver in PATH and retry
2025-03=25 14:26:58:INFO:***test_valid_login_started***
2025-03=25 14:27:02:WARNING:The chromedriver version (133.0.6943.126) detected in PATH at C:\Bin\chromedriver.exe might not be compatible with the detected chrome version (134.0.6998.118); currently, chromedriver 134.0.6998.165 is recommended for chrome 134.*, so it is advised to delete the driver in PATH and retry
2025-03=25 14:27:03:INFO:***test_invalid_login_by_username_started***
2025-03=25 14:27:06:WARNING:The chromedriver version (133.0.6943.126) detected in PATH at C:\Bin\chromedriver.exe might not be compatible with the detected chrome version (134.0.6998.118); currently, chromedriver 134.0.6998.165 is recommended for chrome 134.*, so it is advised to delete the driver in PATH and retry
2025-03=25 14:27:07:INFO:***test_invalid_login_by_password_started***
2025-03=25 14:27:09:WARNING:The chromedriver version (133.0.6943.126) detected in PATH at C:\Bin\chromedriver.exe might not be compatible with the detected chrome version (134.0.6998.118); currently, chromedriver 134.0.6998.165 is recommended for chrome 134.*, so it is advised to delete the driver in PATH and retry
2025-03=25 14:27:12:INFO:***test_logout***
2025-03=25 15:43:56:WARNING:The chromedriver version (133.0.6943.126) detected in PATH at C:\Bin\chromedriver.exe might not be compatible with the detected chrome version (134.0.6998.119); currently, chromedriver 134.0.6998.165 is recommended for chrome 134.*, so it is advised to delete the driver in PATH and retry
2025-03=25 15:43:57:INFO:Test test_cases/test_login.py::TestLogin::test_valid_title passed.
2025-03=25 15:43:58:INFO:***test_valid_title_passed***
2025-03=25 15:43:58:INFO:Test test_cases/test_login.py::TestLogin::test_valid_title passed.
2025-03=25 15:43:58:INFO:Test test_cases/test_login.py::TestLogin::test_valid_title passed.
2025-03=25 15:43:59:WARNING:The chromedriver version (133.0.6943.126) detected in PATH at C:\Bin\chromedriver.exe might not be compatible with the detected chrome version (134.0.6998.119); currently, chromedriver 134.0.6998.165 is recommended for chrome 134.*, so it is advised to delete the driver in PATH and retry
2025-03=25 15:44:00:INFO:Test test_cases/test_login.py::TestLogin::test_valid_login passed.
2025-03=25 15:44:00:INFO:***test_valid_login_started***
2025-03=25 15:44:03:INFO:Test test_cases/test_login.py::TestLogin::test_valid_login passed.
2025-03=25 15:44:03:INFO:Test test_cases/test_login.py::TestLogin::test_valid_login passed.
2025-03=25 15:44:04:WARNING:The chromedriver version (133.0.6943.126) detected in PATH at C:\Bin\chromedriver.exe might not be compatible with the detected chrome version (134.0.6998.119); currently, chromedriver 134.0.6998.165 is recommended for chrome 134.*, so it is advised to delete the driver in PATH and retry
2025-03=25 15:44:05:INFO:Test test_cases/test_login.py::TestLogin::test_invalid_login_by_username passed.
2025-03=25 15:44:05:INFO:***test_invalid_login_by_username_started***
2025-03=25 15:44:07:INFO:Test test_cases/test_login.py::TestLogin::test_invalid_login_by_username passed.
2025-03=25 15:44:07:INFO:Test test_cases/test_login.py::TestLogin::test_invalid_login_by_username passed.
2025-03=25 15:44:07:WARNING:The chromedriver version (133.0.6943.126) detected in PATH at C:\Bin\chromedriver.exe might not be compatible with the detected chrome version (134.0.6998.119); currently, chromedriver 134.0.6998.165 is recommended for chrome 134.*, so it is advised to delete the driver in PATH and retry
2025-03=25 15:44:08:INFO:Test test_cases/test_login.py::TestLogin::test_invalid_login_by_password passed.
2025-03=25 15:44:08:INFO:***test_invalid_login_by_password_started***
2025-03=25 15:44:11:INFO:Test test_cases/test_login.py::TestLogin::test_invalid_login_by_password passed.
2025-03=25 15:44:11:INFO:Test test_cases/test_login.py::TestLogin::test_invalid_login_by_password passed.
2025-03=25 15:44:11:WARNING:The chromedriver version (133.0.6943.126) detected in PATH at C:\Bin\chromedriver.exe might not be compatible with the detected chrome version (134.0.6998.119); currently, chromedriver 134.0.6998.165 is recommended for chrome 134.*, so it is advised to delete the driver in PATH and retry
2025-03=25 15:44:12:INFO:Test test_cases/test_login.py::TestLogin::test_logout passed.
2025-03=25 15:44:12:INFO:***test_logout***
2025-03=25 15:44:15:INFO:Test test_cases/test_login.py::TestLogin::test_logout passed.
2025-03=25 15:44:15:INFO:Test test_cases/test_login.py::TestLogin::test_logout passed.
2025-03=25 15:49:31:WARNING:The chromedriver version (133.0.6943.126) detected in PATH at C:\Bin\chromedriver.exe might not be compatible with the detected chrome version (134.0.6998.119); currently, chromedriver 134.0.6998.165 is recommended for chrome 134.*, so it is advised to delete the driver in PATH and retry
2025-03=25 15:49:32:INFO:Test test_cases/test_login.py::TestLogin::test_valid_title passed.
2025-03=25 15:49:34:INFO:***test_valid_title_passed***
2025-03=25 15:49:34:INFO:Test test_cases/test_login.py::TestLogin::test_valid_title passed.
2025-03=25 15:49:34:INFO:Test test_cases/test_login.py::TestLogin::test_valid_title passed.
2025-03=25 15:49:35:WARNING:The chromedriver version (133.0.6943.126) detected in PATH at C:\Bin\chromedriver.exe might not be compatible with the detected chrome version (134.0.6998.119); currently, chromedriver 134.0.6998.165 is recommended for chrome 134.*, so it is advised to delete the driver in PATH and retry
2025-03=25 15:49:36:INFO:Test test_cases/test_login.py::TestLogin::test_valid_login passed.
2025-03=25 15:49:36:INFO:***test_valid_login_started***
2025-03=25 15:49:39:INFO:Test test_cases/test_login.py::TestLogin::test_valid_login passed.
2025-03=25 15:49:39:INFO:Test test_cases/test_login.py::TestLogin::test_valid_login passed.
2025-03=25 15:49:40:WARNING:The chromedriver version (133.0.6943.126) detected in PATH at C:\Bin\chromedriver.exe might not be compatible with the detected chrome version (134.0.6998.119); currently, chromedriver 134.0.6998.165 is recommended for chrome 134.*, so it is advised to delete the driver in PATH and retry
2025-03=25 15:49:41:INFO:Test test_cases/test_login.py::TestLogin::test_invalid_login_by_username passed.
2025-03=25 15:49:41:INFO:***test_invalid_login_by_username_started***
2025-03=25 15:49:44:INFO:Test test_cases/test_login.py::TestLogin::test_invalid_login_by_username passed.
2025-03=25 15:49:44:INFO:Test test_cases/test_login.py::TestLogin::test_invalid_login_by_username passed.
2025-03=25 15:49:44:WARNING:The chromedriver version (133.0.6943.126) detected in PATH at C:\Bin\chromedriver.exe might not be compatible with the detected chrome version (134.0.6998.119); currently, chromedriver 134.0.6998.165 is recommended for chrome 134.*, so it is advised to delete the driver in PATH and retry
2025-03=25 15:49:46:INFO:Test test_cases/test_login.py::TestLogin::test_invalid_login_by_password passed.
2025-03=25 15:49:46:INFO:***test_invalid_login_by_password_started***
2025-03=25 15:49:47:INFO:Test test_cases/test_login.py::TestLogin::test_invalid_login_by_password passed.
2025-03=25 15:49:47:INFO:Test test_cases/test_login.py::TestLogin::test_invalid_login_by_password passed.
2025-03=25 15:49:47:WARNING:The chromedriver version (133.0.6943.126) detected in PATH at C:\Bin\chromedriver.exe might not be compatible with the detected chrome version (134.0.6998.119); currently, chromedriver 134.0.6998.165 is recommended for chrome 134.*, so it is advised to delete the driver in PATH and retry
2025-03=25 15:49:49:INFO:Test test_cases/test_login.py::TestLogin::test_logout passed.
2025-03=25 15:49:49:INFO:***test_logout***
2025-03=25 15:49:51:INFO:Test test_cases/test_login.py::TestLogin::test_logout passed.
2025-03=25 15:49:51:INFO:Test test_cases/test_login.py::TestLogin::test_logout passed.
2025-03=25 15:50:07:WARNING:The chromedriver version (133.0.6943.126) detected in PATH at C:\Bin\chromedriver.exe might not be compatible with the detected chrome version (134.0.6998.119); currently, chromedriver 134.0.6998.165 is recommended for chrome 134.*, so it is advised to delete the driver in PATH and retry
2025-03=25 15:50:09:INFO:Test test_cases/test_login.py::TestLogin::test_valid_title passed.
2025-03=25 15:50:10:INFO:***test_valid_title_passed***
2025-03=25 15:50:10:INFO:Test test_cases/test_login.py::TestLogin::test_valid_title passed.
2025-03=25 15:50:10:INFO:Test test_cases/test_login.py::TestLogin::test_valid_title passed.
2025-03=25 15:50:10:WARNING:The chromedriver version (133.0.6943.126) detected in PATH at C:\Bin\chromedriver.exe might not be compatible with the detected chrome version (134.0.6998.119); currently, chromedriver 134.0.6998.165 is recommended for chrome 134.*, so it is advised to delete the driver in PATH and retry
2025-03=25 15:50:12:INFO:Test test_cases/test_login.py::TestLogin::test_valid_login passed.
2025-03=25 15:50:12:INFO:***test_valid_login_started***
2025-03=25 15:50:15:INFO:Test test_cases/test_login.py::TestLogin::test_valid_login passed.
2025-03=25 15:50:15:INFO:Test test_cases/test_login.py::TestLogin::test_valid_login passed.
2025-03=25 15:50:15:WARNING:The chromedriver version (133.0.6943.126) detected in PATH at C:\Bin\chromedriver.exe might not be compatible with the detected chrome version (134.0.6998.119); currently, chromedriver 134.0.6998.165 is recommended for chrome 134.*, so it is advised to delete the driver in PATH and retry
2025-03=25 15:50:17:INFO:Test test_cases/test_login.py::TestLogin::test_invalid_login_by_username passed.
2025-03=25 15:50:17:INFO:***test_invalid_login_by_username_started***
2025-03=25 15:50:18:INFO:Test test_cases/test_login.py::TestLogin::test_invalid_login_by_username passed.
2025-03=25 15:50:18:INFO:Test test_cases/test_login.py::TestLogin::test_invalid_login_by_username passed.
2025-03=25 15:50:18:WARNING:The chromedriver version (133.0.6943.126) detected in PATH at C:\Bin\chromedriver.exe might not be compatible with the detected chrome version (134.0.6998.119); currently, chromedriver 134.0.6998.165 is recommended for chrome 134.*, so it is advised to delete the driver in PATH and retry
2025-03=25 15:50:20:INFO:Test test_cases/test_login.py::TestLogin::test_invalid_login_by_password passed.
2025-03=25 15:50:20:INFO:***test_invalid_login_by_password_started***
2025-03=25 15:50:21:INFO:Test test_cases/test_login.py::TestLogin::test_invalid_login_by_password passed.
2025-03=25 15:50:21:INFO:Test test_cases/test_login.py::TestLogin::test_invalid_login_by_password passed.
2025-03=25 15:50:22:WARNING:The chromedriver version (133.0.6943.126) detected in PATH at C:\Bin\chromedriver.exe might not be compatible with the detected chrome version (134.0.6998.119); currently, chromedriver 134.0.6998.165 is recommended for chrome 134.*, so it is advised to delete the driver in PATH and retry
2025-03=25 15:50:23:INFO:Test test_cases/test_login.py::TestLogin::test_logout passed.
2025-03=25 15:50:23:INFO:***test_logout***
2025-03=25 15:50:26:INFO:Test test_cases/test_login.py::TestLogin::test_logout passed.
2025-03=25 15:50:26:INFO:Test test_cases/test_login.py::TestLogin::test_logout passed.
2025-03=25 15:52:41:WARNING:The chromedriver version (133.0.6943.126) detected in PATH at C:\Bin\chromedriver.exe might not be compatible with the detected chrome version (134.0.6998.119); currently, chromedriver 134.0.6998.165 is recommended for chrome 134.*, so it is advised to delete the driver in PATH and retry
2025-03=25 15:52:42:INFO:Test test_cases/test_login.py::TestLogin::test_valid_title passed.
2025-03=25 15:52:44:INFO:***test_valid_title_passed***
2025-03=25 15:52:44:INFO:Test test_cases/test_login.py::TestLogin::test_valid_title passed.
2025-03=25 15:52:44:INFO:Test test_cases/test_login.py::TestLogin::test_valid_title passed.
2025-03=25 15:52:44:WARNING:The chromedriver version (133.0.6943.126) detected in PATH at C:\Bin\chromedriver.exe might not be compatible with the detected chrome version (134.0.6998.119); currently, chromedriver 134.0.6998.165 is recommended for chrome 134.*, so it is advised to delete the driver in PATH and retry
2025-03=25 15:52:46:INFO:Test test_cases/test_login.py::TestLogin::test_valid_login passed.
2025-03=25 15:52:46:INFO:***test_valid_login_started***
2025-03=25 15:52:48:INFO:Test test_cases/test_login.py::TestLogin::test_valid_login passed.
2025-03=25 15:52:48:INFO:Test test_cases/test_login.py::TestLogin::test_valid_login passed.
2025-03=25 15:52:48:WARNING:The chromedriver version (133.0.6943.126) detected in PATH at C:\Bin\chromedriver.exe might not be compatible with the detected chrome version (134.0.6998.119); currently, chromedriver 134.0.6998.165 is recommended for chrome 134.*, so it is advised to delete the driver in PATH and retry
2025-03=25 15:52:50:INFO:Test test_cases/test_login.py::TestLogin::test_invalid_login_by_username passed.
2025-03=25 15:52:50:INFO:***test_invalid_login_by_username_started***
2025-03=25 15:52:52:INFO:Test test_cases/test_login.py::TestLogin::test_invalid_login_by_username passed.
2025-03=25 15:52:52:INFO:Test test_cases/test_login.py::TestLogin::test_invalid_login_by_username passed.
2025-03=25 15:52:52:WARNING:The chromedriver version (133.0.6943.126) detected in PATH at C:\Bin\chromedriver.exe might not be compatible with the detected chrome version (134.0.6998.119); currently, chromedriver 134.0.6998.165 is recommended for chrome 134.*, so it is advised to delete the driver in PATH and retry
2025-03=25 15:52:54:INFO:Test test_cases/test_login.py::TestLogin::test_invalid_login_by_password passed.
2025-03=25 15:52:54:INFO:***test_invalid_login_by_password_started***
2025-03=25 15:52:56:INFO:Test test_cases/test_login.py::TestLogin::test_invalid_login_by_password passed.
2025-03=25 15:52:56:INFO:Test test_cases/test_login.py::TestLogin::test_invalid_login_by_password passed.
2025-03=25 15:52:56:WARNING:The chromedriver version (133.0.6943.126) detected in PATH at C:\Bin\chromedriver.exe might not be compatible with the detected chrome version (134.0.6998.119); currently, chromedriver 134.0.6998.165 is recommended for chrome 134.*, so it is advised to delete the driver in PATH and retry
2025-03=25 15:52:58:INFO:Test test_cases/test_login.py::TestLogin::test_logout passed.
2025-03=25 15:52:58:INFO:***test_logout***
2025-03=25 15:53:01:INFO:Test test_cases/test_login.py::TestLogin::test_logout passed.
2025-03=25 15:53:01:INFO:Test test_cases/test_login.py::TestLogin::test_logout passed.
2025-03=25 15:55:10:WARNING:The chromedriver version (133.0.6943.126) detected in PATH at C:\Bin\chromedriver.exe might not be compatible with the detected chrome version (134.0.6998.119); currently, chromedriver 134.0.6998.165 is recommended for chrome 134.*, so it is advised to delete the driver in PATH and retry
2025-03=25 15:55:12:INFO:Test test_cases/test_login.py::TestLogin::test_valid_title passed.
2025-03=25 15:55:13:INFO:***test_valid_title_passed***
2025-03=25 15:55:13:INFO:Test test_cases/test_login.py::TestLogin::test_valid_title passed.
2025-03=25 15:55:13:INFO:Test test_cases/test_login.py::TestLogin::test_valid_title passed.
2025-03=25 15:55:13:WARNING:The chromedriver version (133.0.6943.126) detected in PATH at C:\Bin\chromedriver.exe might not be compatible with the detected chrome version (134.0.6998.119); currently, chromedriver 134.0.6998.165 is recommended for chrome 134.*, so it is advised to delete the driver in PATH and retry
2025-03=25 15:55:15:INFO:Test test_cases/test_login.py::TestLogin::test_valid_login passed.
2025-03=25 15:55:15:INFO:***test_valid_login_started***
2025-03=25 15:55:17:INFO:Test test_cases/test_login.py::TestLogin::test_valid_login passed.
2025-03=25 15:55:17:INFO:Test test_cases/test_login.py::TestLogin::test_valid_login passed.
2025-03=25 15:55:18:WARNING:The chromedriver version (133.0.6943.126) detected in PATH at C:\Bin\chromedriver.exe might not be compatible with the detected chrome version (134.0.6998.119); currently, chromedriver 134.0.6998.165 is recommended for chrome 134.*, so it is advised to delete the driver in PATH and retry
2025-03=25 15:55:20:INFO:Test test_cases/test_login.py::TestLogin::test_invalid_login_by_username passed.
2025-03=25 15:55:20:INFO:***test_invalid_login_by_username_started***
2025-03=25 15:55:22:INFO:Test test_cases/test_login.py::TestLogin::test_invalid_login_by_username passed.
2025-03=25 15:55:22:INFO:Test test_cases/test_login.py::TestLogin::test_invalid_login_by_username passed.
2025-03=25 15:55:23:WARNING:The chromedriver version (133.0.6943.126) detected in PATH at C:\Bin\chromedriver.exe might not be compatible with the detected chrome version (134.0.6998.119); currently, chromedriver 134.0.6998.165 is recommended for chrome 134.*, so it is advised to delete the driver in PATH and retry
2025-03=25 15:55:25:INFO:Test test_cases/test_login.py::TestLogin::test_invalid_login_by_password passed.
2025-03=25 15:55:25:INFO:***test_invalid_login_by_password_started***
2025-03=25 15:55:27:INFO:Test test_cases/test_login.py::TestLogin::test_invalid_login_by_password passed.
2025-03=25 15:55:27:INFO:Test test_cases/test_login.py::TestLogin::test_invalid_login_by_password passed.
2025-03=25 15:55:27:WARNING:The chromedriver version (133.0.6943.126) detected in PATH at C:\Bin\chromedriver.exe might not be compatible with the detected chrome version (134.0.6998.119); currently, chromedriver 134.0.6998.165 is recommended for chrome 134.*, so it is advised to delete the driver in PATH and retry
2025-03=25 15:55:29:INFO:Test test_cases/test_login.py::TestLogin::test_logout passed.
2025-03=25 15:55:29:INFO:***test_logout***
2025-03=25 15:55:31:INFO:Test test_cases/test_login.py::TestLogin::test_logout passed.
2025-03=25 15:55:31:INFO:Test test_cases/test_login.py::TestLogin::test_logout passed.
2025-03=26 07:35:46:WARNING:The chromedriver version (133.0.6943.126) detected in PATH at C:\Bin\chromedriver.exe might not be compatible with the detected chrome version (134.0.6998.119); currently, chromedriver 134.0.6998.165 is recommended for chrome 134.*, so it is advised to delete the driver in PATH and retry
2025-03=26 07:35:48:INFO:Test test_login.py::TestLogin::test_logout[chrome-chrome] passed.
2025-03=26 07:35:48:INFO:***test_logout***
2025-03=26 07:35:49:ERROR:Test test_login.py::TestLogin::test_logout[chrome-chrome] failed. Reason: self = <test_cases.test_login.TestLogin object at 0x000001C727B4AEA0>
setup = None, browser_name = 'chrome'

    @pytest.mark.parametrize("browser_name", ["chrome", "edge", "firefox"])
    @allure.feature('User Login')
    @allure.story('Logout')
    def test_logout(self, setup, browser_name):
        self.logger.info("***test_logout***")
        self.driver = setup
>       self.driver.get(LOGIN_URL)
E       AttributeError: 'NoneType' object has no attribute 'get'

test_login.py:91: AttributeError
2025-03=26 07:35:49:INFO:Test test_login.py::TestLogin::test_logout[chrome-chrome] passed.
2025-03=26 07:35:49:WARNING:The chromedriver version (133.0.6943.126) detected in PATH at C:\Bin\chromedriver.exe might not be compatible with the detected chrome version (134.0.6998.119); currently, chromedriver 134.0.6998.165 is recommended for chrome 134.*, so it is advised to delete the driver in PATH and retry
2025-03=26 07:35:50:INFO:Test test_login.py::TestLogin::test_logout[chrome-edge] passed.
2025-03=26 07:35:50:INFO:***test_logout***
2025-03=26 07:35:53:ERROR:Test test_login.py::TestLogin::test_logout[chrome-edge] failed. Reason: self = <test_cases.test_login.TestLogin object at 0x000001C727B4B0B0>
setup = None, browser_name = 'edge'

    @pytest.mark.parametrize("browser_name", ["chrome", "edge", "firefox"])
    @allure.feature('User Login')
    @allure.story('Logout')
    def test_logout(self, setup, browser_name):
        self.logger.info("***test_logout***")
        self.driver = setup
>       self.driver.get(LOGIN_URL)
E       AttributeError: 'NoneType' object has no attribute 'get'

test_login.py:91: AttributeError
2025-03=26 07:35:53:INFO:Test test_login.py::TestLogin::test_logout[chrome-edge] passed.
2025-03=26 07:35:53:WARNING:The chromedriver version (133.0.6943.126) detected in PATH at C:\Bin\chromedriver.exe might not be compatible with the detected chrome version (134.0.6998.119); currently, chromedriver 134.0.6998.165 is recommended for chrome 134.*, so it is advised to delete the driver in PATH and retry
2025-03=26 07:35:54:INFO:Test test_login.py::TestLogin::test_logout[chrome-firefox] passed.
2025-03=26 07:35:54:INFO:***test_logout***
2025-03=26 07:35:56:ERROR:Test test_login.py::TestLogin::test_logout[chrome-firefox] failed. Reason: self = <test_cases.test_login.TestLogin object at 0x000001C727B4B2F0>
setup = None, browser_name = 'firefox'

    @pytest.mark.parametrize("browser_name", ["chrome", "edge", "firefox"])
    @allure.feature('User Login')
    @allure.story('Logout')
    def test_logout(self, setup, browser_name):
        self.logger.info("***test_logout***")
        self.driver = setup
>       self.driver.get(LOGIN_URL)
E       AttributeError: 'NoneType' object has no attribute 'get'

test_login.py:91: AttributeError
2025-03=26 07:35:56:INFO:Test test_login.py::TestLogin::test_logout[chrome-firefox] passed.
2025-03=26 07:35:57:WARNING:The msedgedriver version (134.0.3124.85) detected in PATH at C:\Bin\msedgedriver.exe might not be compatible with the detected MicrosoftEdge version (132.0.2957.127); currently, msedgedriver 132.0.2957.178 is recommended for MicrosoftEdge 132.*, so it is advised to delete the driver in PATH and retry
2025-03=26 07:35:59:INFO:Test test_login.py::TestLogin::test_logout[edge-chrome] passed.
2025-03=26 07:35:59:INFO:***test_logout***
2025-03=26 07:36:02:ERROR:Test test_login.py::TestLogin::test_logout[edge-chrome] failed. Reason: self = <test_cases.test_login.TestLogin object at 0x000001C727B4B380>
setup = None, browser_name = 'chrome'

    @pytest.mark.parametrize("browser_name", ["chrome", "edge", "firefox"])
    @allure.feature('User Login')
    @allure.story('Logout')
    def test_logout(self, setup, browser_name):
        self.logger.info("***test_logout***")
        self.driver = setup
>       self.driver.get(LOGIN_URL)
E       AttributeError: 'NoneType' object has no attribute 'get'

test_login.py:91: AttributeError
2025-03=26 07:36:02:INFO:Test test_login.py::TestLogin::test_logout[edge-chrome] passed.
2025-03=26 07:36:04:INFO:Test test_login.py::TestLogin::test_logout[edge-edge] passed.
2025-03=26 07:36:04:INFO:***test_logout***
2025-03=26 07:36:06:ERROR:Test test_login.py::TestLogin::test_logout[edge-edge] failed. Reason: self = <test_cases.test_login.TestLogin object at 0x000001C727B4B410>
setup = None, browser_name = 'edge'

    @pytest.mark.parametrize("browser_name", ["chrome", "edge", "firefox"])
    @allure.feature('User Login')
    @allure.story('Logout')
    def test_logout(self, setup, browser_name):
        self.logger.info("***test_logout***")
        self.driver = setup
>       self.driver.get(LOGIN_URL)
E       AttributeError: 'NoneType' object has no attribute 'get'

test_login.py:91: AttributeError
2025-03=26 07:36:06:INFO:Test test_login.py::TestLogin::test_logout[edge-edge] passed.
2025-03=26 07:36:08:INFO:Test test_login.py::TestLogin::test_logout[edge-firefox] passed.
2025-03=26 07:36:08:INFO:***test_logout***
2025-03=26 07:36:12:ERROR:Test test_login.py::TestLogin::test_logout[edge-firefox] failed. Reason: self = <test_cases.test_login.TestLogin object at 0x000001C727B4B4A0>
setup = None, browser_name = 'firefox'

    @pytest.mark.parametrize("browser_name", ["chrome", "edge", "firefox"])
    @allure.feature('User Login')
    @allure.story('Logout')
    def test_logout(self, setup, browser_name):
        self.logger.info("***test_logout***")
        self.driver = setup
>       self.driver.get(LOGIN_URL)
E       AttributeError: 'NoneType' object has no attribute 'get'

test_login.py:91: AttributeError
2025-03=26 07:36:12:INFO:Test test_login.py::TestLogin::test_logout[edge-firefox] passed.
2025-03=26 07:37:26:INFO:Test test_login.py::TestLogin::test_logout[firefox-chrome] passed.
2025-03=26 07:37:26:INFO:***test_logout***
2025-03=26 07:37:28:ERROR:Test test_login.py::TestLogin::test_logout[firefox-chrome] failed. Reason: self = <test_cases.test_login.TestLogin object at 0x000001C727B4B530>
setup = None, browser_name = 'chrome'

    @pytest.mark.parametrize("browser_name", ["chrome", "edge", "firefox"])
    @allure.feature('User Login')
    @allure.story('Logout')
    def test_logout(self, setup, browser_name):
        self.logger.info("***test_logout***")
        self.driver = setup
>       self.driver.get(LOGIN_URL)
E       AttributeError: 'NoneType' object has no attribute 'get'

test_login.py:91: AttributeError
2025-03=26 07:37:28:INFO:Test test_login.py::TestLogin::test_logout[firefox-chrome] passed.
2025-03=26 07:37:35:INFO:Test test_login.py::TestLogin::test_logout[firefox-edge] passed.
2025-03=26 07:37:35:INFO:***test_logout***
2025-03=26 07:37:37:ERROR:Test test_login.py::TestLogin::test_logout[firefox-edge] failed. Reason: self = <test_cases.test_login.TestLogin object at 0x000001C727B4B5C0>
setup = None, browser_name = 'edge'

    @pytest.mark.parametrize("browser_name", ["chrome", "edge", "firefox"])
    @allure.feature('User Login')
    @allure.story('Logout')
    def test_logout(self, setup, browser_name):
        self.logger.info("***test_logout***")
        self.driver = setup
>       self.driver.get(LOGIN_URL)
E       AttributeError: 'NoneType' object has no attribute 'get'

test_login.py:91: AttributeError
2025-03=26 07:37:37:INFO:Test test_login.py::TestLogin::test_logout[firefox-edge] passed.
2025-03=26 07:37:44:INFO:Test test_login.py::TestLogin::test_logout[firefox-firefox] passed.
2025-03=26 07:37:44:INFO:***test_logout***
2025-03=26 07:37:46:ERROR:Test test_login.py::TestLogin::test_logout[firefox-firefox] failed. Reason: self = <test_cases.test_login.TestLogin object at 0x000001C727B4B680>
setup = None, browser_name = 'firefox'

    @pytest.mark.parametrize("browser_name", ["chrome", "edge", "firefox"])
    @allure.feature('User Login')
    @allure.story('Logout')
    def test_logout(self, setup, browser_name):
        self.logger.info("***test_logout***")
        self.driver = setup
>       self.driver.get(LOGIN_URL)
E       AttributeError: 'NoneType' object has no attribute 'get'

test_login.py:91: AttributeError
2025-03=26 07:37:46:INFO:Test test_login.py::TestLogin::test_logout[firefox-firefox] passed.
2025-03=26 07:43:00:ERROR:Test test_login.py::TestLogin::test_logout[chrome] failed. Reason: request = <SubRequest 'setup' for <Function test_logout[chrome]>>

    @pytest.fixture
    def setup(request):
>       browser_name = request.param
E       AttributeError: 'SubRequest' object has no attribute 'param'

conftest.py:23: AttributeError
2025-03=26 07:43:00:INFO:Test test_login.py::TestLogin::test_logout[chrome] passed.
2025-03=26 07:43:00:ERROR:Test test_login.py::TestLogin::test_logout[edge] failed. Reason: request = <SubRequest 'setup' for <Function test_logout[edge]>>

    @pytest.fixture
    def setup(request):
>       browser_name = request.param
E       AttributeError: 'SubRequest' object has no attribute 'param'

conftest.py:23: AttributeError
2025-03=26 07:43:00:INFO:Test test_login.py::TestLogin::test_logout[edge] passed.
2025-03=26 07:43:00:ERROR:Test test_login.py::TestLogin::test_logout[firefox] failed. Reason: request = <SubRequest 'setup' for <Function test_logout[firefox]>>

    @pytest.fixture
    def setup(request):
>       browser_name = request.param
E       AttributeError: 'SubRequest' object has no attribute 'param'

conftest.py:23: AttributeError
2025-03=26 07:43:00:INFO:Test test_login.py::TestLogin::test_logout[firefox] passed.
2025-03=26 07:43:41:ERROR:Test test_login.py::TestLogin::test_logout[chrome] failed. Reason: request = <SubRequest 'setup' for <Function test_logout[chrome]>>

    @pytest.fixture
    def setup(request):
>       browser_name = request.param
E       AttributeError: 'SubRequest' object has no attribute 'param'

conftest.py:23: AttributeError
2025-03=26 07:43:41:INFO:Test test_login.py::TestLogin::test_logout[chrome] passed.
2025-03=26 07:43:41:ERROR:Test test_login.py::TestLogin::test_logout[edge] failed. Reason: request = <SubRequest 'setup' for <Function test_logout[edge]>>

    @pytest.fixture
    def setup(request):
>       browser_name = request.param
E       AttributeError: 'SubRequest' object has no attribute 'param'

conftest.py:23: AttributeError
2025-03=26 07:43:41:INFO:Test test_login.py::TestLogin::test_logout[edge] passed.
2025-03=26 07:43:41:ERROR:Test test_login.py::TestLogin::test_logout[firefox] failed. Reason: request = <SubRequest 'setup' for <Function test_logout[firefox]>>

    @pytest.fixture
    def setup(request):
>       browser_name = request.param
E       AttributeError: 'SubRequest' object has no attribute 'param'

conftest.py:23: AttributeError
2025-03=26 07:43:41:INFO:Test test_login.py::TestLogin::test_logout[firefox] passed.
2025-03=26 07:44:58:ERROR:Test test_login.py::TestLogin::test_logout[chrome] failed. Reason: file C:\Development\PySauceDemo\test_cases\test_login.py, line 85
      @pytest.mark.parametrize("browser_name", ["chrome", "edge", "firefox"], indirect=True)
      @allure.feature('User Login')
      @allure.story('Logout')
      def test_logout(self, setup, browser_name):
file C:\Development\PySauceDemo\test_cases\conftest.py, line 21
  @pytest.fixture
  def setup(browser_name ):
E       fixture 'browser_name' not found
>       available fixtures: cache, capfd, capfdbinary, caplog, capsys, capsysbinary, doctest_namespace, extra, extras, include_metadata_in_junit_xml, metadata, monkeypatch, pytestconfig, record_property, record_testsuite_property, record_xml_attribute, recwarn, setup, testrun_uid, tmp_path, tmp_path_factory, tmpdir, tmpdir_factory, worker_id
>       use 'pytest --fixtures [testpath]' for help on them.

C:\Development\PySauceDemo\test_cases\conftest.py:21
2025-03=26 07:44:58:INFO:Test test_login.py::TestLogin::test_logout[chrome] passed.
2025-03=26 07:44:58:ERROR:Test test_login.py::TestLogin::test_logout[edge] failed. Reason: file C:\Development\PySauceDemo\test_cases\test_login.py, line 85
      @pytest.mark.parametrize("browser_name", ["chrome", "edge", "firefox"], indirect=True)
      @allure.feature('User Login')
      @allure.story('Logout')
      def test_logout(self, setup, browser_name):
file C:\Development\PySauceDemo\test_cases\conftest.py, line 21
  @pytest.fixture
  def setup(browser_name ):
E       fixture 'browser_name' not found
>       available fixtures: cache, capfd, capfdbinary, caplog, capsys, capsysbinary, doctest_namespace, extra, extras, include_metadata_in_junit_xml, metadata, monkeypatch, pytestconfig, record_property, record_testsuite_property, record_xml_attribute, recwarn, setup, testrun_uid, tmp_path, tmp_path_factory, tmpdir, tmpdir_factory, worker_id
>       use 'pytest --fixtures [testpath]' for help on them.

C:\Development\PySauceDemo\test_cases\conftest.py:21
2025-03=26 07:44:58:INFO:Test test_login.py::TestLogin::test_logout[edge] passed.
2025-03=26 07:44:58:ERROR:Test test_login.py::TestLogin::test_logout[firefox] failed. Reason: file C:\Development\PySauceDemo\test_cases\test_login.py, line 85
      @pytest.mark.parametrize("browser_name", ["chrome", "edge", "firefox"], indirect=True)
      @allure.feature('User Login')
      @allure.story('Logout')
      def test_logout(self, setup, browser_name):
file C:\Development\PySauceDemo\test_cases\conftest.py, line 21
  @pytest.fixture
  def setup(browser_name ):
E       fixture 'browser_name' not found
>       available fixtures: cache, capfd, capfdbinary, caplog, capsys, capsysbinary, doctest_namespace, extra, extras, include_metadata_in_junit_xml, metadata, monkeypatch, pytestconfig, record_property, record_testsuite_property, record_xml_attribute, recwarn, setup, testrun_uid, tmp_path, tmp_path_factory, tmpdir, tmpdir_factory, worker_id
>       use 'pytest --fixtures [testpath]' for help on them.

C:\Development\PySauceDemo\test_cases\conftest.py:21
2025-03=26 07:44:58:INFO:Test test_login.py::TestLogin::test_logout[firefox] passed.
2025-03=26 07:47:17:ERROR:Test test_cases/test_login.py::TestLogin::test_valid_title failed. Reason: file C:\Development\PySauceDemo\test_cases\test_login.py, line 17
      @allure.feature('User Login')
      @allure.story('Valid Login Title')
      def test_valid_title(self,setup):
file C:\Development\PySauceDemo\test_cases\conftest.py, line 21
  @pytest.fixture
  def setup(browser_name ):
E       fixture 'browser_name' not found
>       available fixtures: cache, capfd, capfdbinary, caplog, capsys, capsysbinary, doctest_namespace, extra, extras, include_metadata_in_junit_xml, metadata, monkeypatch, pytestconfig, record_property, record_testsuite_property, record_xml_attribute, recwarn, setup, testrun_uid, tmp_path, tmp_path_factory, tmpdir, tmpdir_factory, worker_id
>       use 'pytest --fixtures [testpath]' for help on them.

C:\Development\PySauceDemo\test_cases\conftest.py:21
2025-03=26 07:47:17:INFO:Test test_cases/test_login.py::TestLogin::test_valid_title passed.
2025-03=26 07:47:17:ERROR:Test test_cases/test_login.py::TestLogin::test_valid_login failed. Reason: file C:\Development\PySauceDemo\test_cases\test_login.py, line 40
      @allure.feature('User Login')
      @allure.story('Valid login')
      def test_valid_login(self, setup):
file C:\Development\PySauceDemo\test_cases\conftest.py, line 21
  @pytest.fixture
  def setup(browser_name ):
E       fixture 'browser_name' not found
>       available fixtures: cache, capfd, capfdbinary, caplog, capsys, capsysbinary, doctest_namespace, extra, extras, include_metadata_in_junit_xml, metadata, monkeypatch, pytestconfig, record_property, record_testsuite_property, record_xml_attribute, recwarn, setup, testrun_uid, tmp_path, tmp_path_factory, tmpdir, tmpdir_factory, worker_id
>       use 'pytest --fixtures [testpath]' for help on them.

C:\Development\PySauceDemo\test_cases\conftest.py:21
2025-03=26 07:47:17:INFO:Test test_cases/test_login.py::TestLogin::test_valid_login passed.
2025-03=26 07:47:17:ERROR:Test test_cases/test_login.py::TestLogin::test_invalid_login_by_username failed. Reason: file C:\Development\PySauceDemo\test_cases\test_login.py, line 59
      @allure.feature('User Login')
      @allure.story('Invalid username')
      def test_invalid_login_by_username(self, setup):
file C:\Development\PySauceDemo\test_cases\conftest.py, line 21
  @pytest.fixture
  def setup(browser_name ):
E       fixture 'browser_name' not found
>       available fixtures: cache, capfd, capfdbinary, caplog, capsys, capsysbinary, doctest_namespace, extra, extras, include_metadata_in_junit_xml, metadata, monkeypatch, pytestconfig, record_property, record_testsuite_property, record_xml_attribute, recwarn, setup, testrun_uid, tmp_path, tmp_path_factory, tmpdir, tmpdir_factory, worker_id
>       use 'pytest --fixtures [testpath]' for help on them.

C:\Development\PySauceDemo\test_cases\conftest.py:21
2025-03=26 07:47:17:INFO:Test test_cases/test_login.py::TestLogin::test_invalid_login_by_username passed.
2025-03=26 07:47:17:ERROR:Test test_cases/test_login.py::TestLogin::test_invalid_login_by_password failed. Reason: file C:\Development\PySauceDemo\test_cases\test_login.py, line 72
      @allure.feature('User Login')
      @allure.story('Invalid password')
      def test_invalid_login_by_password(self, setup):
file C:\Development\PySauceDemo\test_cases\conftest.py, line 21
  @pytest.fixture
  def setup(browser_name ):
E       fixture 'browser_name' not found
>       available fixtures: cache, capfd, capfdbinary, caplog, capsys, capsysbinary, doctest_namespace, extra, extras, include_metadata_in_junit_xml, metadata, monkeypatch, pytestconfig, record_property, record_testsuite_property, record_xml_attribute, recwarn, setup, testrun_uid, tmp_path, tmp_path_factory, tmpdir, tmpdir_factory, worker_id
>       use 'pytest --fixtures [testpath]' for help on them.

C:\Development\PySauceDemo\test_cases\conftest.py:21
2025-03=26 07:47:17:INFO:Test test_cases/test_login.py::TestLogin::test_invalid_login_by_password passed.
2025-03=26 07:47:17:ERROR:Test test_cases/test_login.py::TestLogin::test_logout[chrome] failed. Reason: file C:\Development\PySauceDemo\test_cases\test_login.py, line 85
      @pytest.mark.parametrize("browser_name", ["chrome", "edge", "firefox"], indirect=True)
      @allure.feature('User Login')
      @allure.story('Logout')
      def test_logout(self, setup, browser_name):
file C:\Development\PySauceDemo\test_cases\conftest.py, line 21
  @pytest.fixture
  def setup(browser_name ):
E       fixture 'browser_name' not found
>       available fixtures: cache, capfd, capfdbinary, caplog, capsys, capsysbinary, doctest_namespace, extra, extras, include_metadata_in_junit_xml, metadata, monkeypatch, pytestconfig, record_property, record_testsuite_property, record_xml_attribute, recwarn, setup, testrun_uid, tmp_path, tmp_path_factory, tmpdir, tmpdir_factory, worker_id
>       use 'pytest --fixtures [testpath]' for help on them.

C:\Development\PySauceDemo\test_cases\conftest.py:21
2025-03=26 07:47:17:INFO:Test test_cases/test_login.py::TestLogin::test_logout[chrome] passed.
2025-03=26 07:47:17:ERROR:Test test_cases/test_login.py::TestLogin::test_logout[edge] failed. Reason: file C:\Development\PySauceDemo\test_cases\test_login.py, line 85
      @pytest.mark.parametrize("browser_name", ["chrome", "edge", "firefox"], indirect=True)
      @allure.feature('User Login')
      @allure.story('Logout')
      def test_logout(self, setup, browser_name):
file C:\Development\PySauceDemo\test_cases\conftest.py, line 21
  @pytest.fixture
  def setup(browser_name ):
E       fixture 'browser_name' not found
>       available fixtures: cache, capfd, capfdbinary, caplog, capsys, capsysbinary, doctest_namespace, extra, extras, include_metadata_in_junit_xml, metadata, monkeypatch, pytestconfig, record_property, record_testsuite_property, record_xml_attribute, recwarn, setup, testrun_uid, tmp_path, tmp_path_factory, tmpdir, tmpdir_factory, worker_id
>       use 'pytest --fixtures [testpath]' for help on them.

C:\Development\PySauceDemo\test_cases\conftest.py:21
2025-03=26 07:47:17:INFO:Test test_cases/test_login.py::TestLogin::test_logout[edge] passed.
2025-03=26 07:47:17:ERROR:Test test_cases/test_login.py::TestLogin::test_logout[firefox] failed. Reason: file C:\Development\PySauceDemo\test_cases\test_login.py, line 85
      @pytest.mark.parametrize("browser_name", ["chrome", "edge", "firefox"], indirect=True)
      @allure.feature('User Login')
      @allure.story('Logout')
      def test_logout(self, setup, browser_name):
file C:\Development\PySauceDemo\test_cases\conftest.py, line 21
  @pytest.fixture
  def setup(browser_name ):
E       fixture 'browser_name' not found
>       available fixtures: cache, capfd, capfdbinary, caplog, capsys, capsysbinary, doctest_namespace, extra, extras, include_metadata_in_junit_xml, metadata, monkeypatch, pytestconfig, record_property, record_testsuite_property, record_xml_attribute, recwarn, setup, testrun_uid, tmp_path, tmp_path_factory, tmpdir, tmpdir_factory, worker_id
>       use 'pytest --fixtures [testpath]' for help on them.

C:\Development\PySauceDemo\test_cases\conftest.py:21
2025-03=26 07:47:17:INFO:Test test_cases/test_login.py::TestLogin::test_logout[firefox] passed.
2025-03=26 07:47:54:ERROR:Test test_login.py::TestLogin::test_logout[chrome] failed. Reason: file C:\Development\PySauceDemo\test_cases\test_login.py, line 85
      @pytest.mark.parametrize("browser_name", ["chrome", "edge", "firefox"], indirect=True)
      @allure.feature('User Login')
      @allure.story('Logout')
      def test_logout(self, setup, browser_name):
file C:\Development\PySauceDemo\test_cases\conftest.py, line 21
  @pytest.fixture
  def setup(browser_name):
E       fixture 'browser_name' not found
>       available fixtures: cache, capfd, capfdbinary, caplog, capsys, capsysbinary, doctest_namespace, extra, extras, include_metadata_in_junit_xml, metadata, monkeypatch, pytestconfig, record_property, record_testsuite_property, record_xml_attribute, recwarn, setup, testrun_uid, tmp_path, tmp_path_factory, tmpdir, tmpdir_factory, worker_id
>       use 'pytest --fixtures [testpath]' for help on them.

C:\Development\PySauceDemo\test_cases\conftest.py:21
2025-03=26 07:47:54:INFO:Test test_login.py::TestLogin::test_logout[chrome] passed.
2025-03=26 07:47:54:ERROR:Test test_login.py::TestLogin::test_logout[edge] failed. Reason: file C:\Development\PySauceDemo\test_cases\test_login.py, line 85
      @pytest.mark.parametrize("browser_name", ["chrome", "edge", "firefox"], indirect=True)
      @allure.feature('User Login')
      @allure.story('Logout')
      def test_logout(self, setup, browser_name):
file C:\Development\PySauceDemo\test_cases\conftest.py, line 21
  @pytest.fixture
  def setup(browser_name):
E       fixture 'browser_name' not found
>       available fixtures: cache, capfd, capfdbinary, caplog, capsys, capsysbinary, doctest_namespace, extra, extras, include_metadata_in_junit_xml, metadata, monkeypatch, pytestconfig, record_property, record_testsuite_property, record_xml_attribute, recwarn, setup, testrun_uid, tmp_path, tmp_path_factory, tmpdir, tmpdir_factory, worker_id
>       use 'pytest --fixtures [testpath]' for help on them.

C:\Development\PySauceDemo\test_cases\conftest.py:21
2025-03=26 07:47:54:INFO:Test test_login.py::TestLogin::test_logout[edge] passed.
2025-03=26 07:47:54:ERROR:Test test_login.py::TestLogin::test_logout[firefox] failed. Reason: file C:\Development\PySauceDemo\test_cases\test_login.py, line 85
      @pytest.mark.parametrize("browser_name", ["chrome", "edge", "firefox"], indirect=True)
      @allure.feature('User Login')
      @allure.story('Logout')
      def test_logout(self, setup, browser_name):
file C:\Development\PySauceDemo\test_cases\conftest.py, line 21
  @pytest.fixture
  def setup(browser_name):
E       fixture 'browser_name' not found
>       available fixtures: cache, capfd, capfdbinary, caplog, capsys, capsysbinary, doctest_namespace, extra, extras, include_metadata_in_junit_xml, metadata, monkeypatch, pytestconfig, record_property, record_testsuite_property, record_xml_attribute, recwarn, setup, testrun_uid, tmp_path, tmp_path_factory, tmpdir, tmpdir_factory, worker_id
>       use 'pytest --fixtures [testpath]' for help on them.

C:\Development\PySauceDemo\test_cases\conftest.py:21
2025-03=26 07:47:54:INFO:Test test_login.py::TestLogin::test_logout[firefox] passed.
2025-03=26 07:52:29:WARNING:The chromedriver version (133.0.6943.126) detected in PATH at C:\Bin\chromedriver.exe might not be compatible with the detected chrome version (134.0.6998.119); currently, chromedriver 134.0.6998.165 is recommended for chrome 134.*, so it is advised to delete the driver in PATH and retry
2025-03=26 07:52:30:INFO:Test test_login.py::TestLogin::test_logout[chrome] passed.
2025-03=26 07:52:30:INFO:***test_logout***
2025-03=26 07:52:33:ERROR:Test test_login.py::TestLogin::test_logout[chrome] failed. Reason: self = <test_cases.test_login.TestLogin object at 0x000002BB0B75E750>
setup = None

    @pytest.mark.parametrize("setup", ["chrome", "edge", "firefox"], indirect=True)
    @allure.feature('User Login')
    @allure.story('Logout')
    def test_logout(self, setup):
        self.logger.info("***test_logout***")
        self.driver = setup
>       self.driver.get(LOGIN_URL)
E       AttributeError: 'NoneType' object has no attribute 'get'

test_login.py:91: AttributeError
2025-03=26 07:52:33:INFO:Test test_login.py::TestLogin::test_logout[chrome] passed.
2025-03=26 07:52:35:INFO:Test test_login.py::TestLogin::test_logout[edge] passed.
2025-03=26 07:52:35:INFO:***test_logout***
2025-03=26 07:52:37:ERROR:Test test_login.py::TestLogin::test_logout[edge] failed. Reason: self = <test_cases.test_login.TestLogin object at 0x000002BB0B75E840>
setup = None

    @pytest.mark.parametrize("setup", ["chrome", "edge", "firefox"], indirect=True)
    @allure.feature('User Login')
    @allure.story('Logout')
    def test_logout(self, setup):
        self.logger.info("***test_logout***")
        self.driver = setup
>       self.driver.get(LOGIN_URL)
E       AttributeError: 'NoneType' object has no attribute 'get'

test_login.py:91: AttributeError
2025-03=26 07:52:37:INFO:Test test_login.py::TestLogin::test_logout[edge] passed.
2025-03=26 07:52:44:INFO:Test test_login.py::TestLogin::test_logout[firefox] passed.
2025-03=26 07:52:44:INFO:***test_logout***
2025-03=26 07:52:46:ERROR:Test test_login.py::TestLogin::test_logout[firefox] failed. Reason: self = <test_cases.test_login.TestLogin object at 0x000002BB0B75EB70>
setup = None

    @pytest.mark.parametrize("setup", ["chrome", "edge", "firefox"], indirect=True)
    @allure.feature('User Login')
    @allure.story('Logout')
    def test_logout(self, setup):
        self.logger.info("***test_logout***")
        self.driver = setup
>       self.driver.get(LOGIN_URL)
E       AttributeError: 'NoneType' object has no attribute 'get'

test_login.py:91: AttributeError
2025-03=26 07:52:46:INFO:Test test_login.py::TestLogin::test_logout[firefox] passed.
2025-03=26 07:53:51:WARNING:The chromedriver version (133.0.6943.126) detected in PATH at C:\Bin\chromedriver.exe might not be compatible with the detected chrome version (134.0.6998.119); currently, chromedriver 134.0.6998.165 is recommended for chrome 134.*, so it is advised to delete the driver in PATH and retry
2025-03=26 07:53:52:INFO:Test test_login.py::TestLogin::test_logout[chrome] passed.
2025-03=26 07:53:52:INFO:***test_logout***
2025-03=26 07:53:55:INFO:Test test_login.py::TestLogin::test_logout[chrome] passed.
2025-03=26 07:53:55:INFO:Test test_login.py::TestLogin::test_logout[chrome] passed.
2025-03=26 07:53:57:INFO:Test test_login.py::TestLogin::test_logout[edge] passed.
2025-03=26 07:53:57:INFO:***test_logout***
2025-03=26 07:53:59:INFO:Test test_login.py::TestLogin::test_logout[edge] passed.
2025-03=26 07:53:59:INFO:Test test_login.py::TestLogin::test_logout[edge] passed.
2025-03=26 07:54:06:INFO:Test test_login.py::TestLogin::test_logout[firefox] passed.
2025-03=26 07:54:06:INFO:***test_logout***
2025-03=26 07:54:09:INFO:Test test_login.py::TestLogin::test_logout[firefox] passed.
2025-03=26 07:54:09:INFO:Test test_login.py::TestLogin::test_logout[firefox] passed.
2025-03=26 08:00:08:ERROR:Test test_cases/test_login.py::TestLogin::test_valid_title failed. Reason: request = <SubRequest 'setup' for <Function test_valid_title>>

    @pytest.fixture
    @pytest.mark.parametrize("browser_name", ["chrome", "edge", "firefox"])
    def setup(request):
>       browser_name = request.param
E       AttributeError: 'SubRequest' object has no attribute 'param'

test_cases\conftest.py:27: AttributeError
2025-03=26 08:00:08:INFO:Test test_cases/test_login.py::TestLogin::test_valid_title passed.
2025-03=26 08:00:08:ERROR:Test test_cases/test_login.py::TestLogin::test_valid_login failed. Reason: request = <SubRequest 'setup' for <Function test_valid_login>>

    @pytest.fixture
    @pytest.mark.parametrize("browser_name", ["chrome", "edge", "firefox"])
    def setup(request):
>       browser_name = request.param
E       AttributeError: 'SubRequest' object has no attribute 'param'

test_cases\conftest.py:27: AttributeError
2025-03=26 08:00:08:INFO:Test test_cases/test_login.py::TestLogin::test_valid_login passed.
2025-03=26 08:00:08:ERROR:Test test_cases/test_login.py::TestLogin::test_invalid_login_by_username failed. Reason: request = <SubRequest 'setup' for <Function test_invalid_login_by_username>>

    @pytest.fixture
    @pytest.mark.parametrize("browser_name", ["chrome", "edge", "firefox"])
    def setup(request):
>       browser_name = request.param
E       AttributeError: 'SubRequest' object has no attribute 'param'

test_cases\conftest.py:27: AttributeError
2025-03=26 08:00:08:INFO:Test test_cases/test_login.py::TestLogin::test_invalid_login_by_username passed.
2025-03=26 08:00:08:ERROR:Test test_cases/test_login.py::TestLogin::test_invalid_login_by_password failed. Reason: request = <SubRequest 'setup' for <Function test_invalid_login_by_password>>

    @pytest.fixture
    @pytest.mark.parametrize("browser_name", ["chrome", "edge", "firefox"])
    def setup(request):
>       browser_name = request.param
E       AttributeError: 'SubRequest' object has no attribute 'param'

test_cases\conftest.py:27: AttributeError
2025-03=26 08:00:08:INFO:Test test_cases/test_login.py::TestLogin::test_invalid_login_by_password passed.
2025-03=26 08:00:08:WARNING:The chromedriver version (133.0.6943.126) detected in PATH at C:\Bin\chromedriver.exe might not be compatible with the detected chrome version (134.0.6998.119); currently, chromedriver 134.0.6998.165 is recommended for chrome 134.*, so it is advised to delete the driver in PATH and retry
2025-03=26 08:00:10:INFO:Test test_cases/test_login.py::TestLogin::test_logout[chrome] passed.
2025-03=26 08:00:10:INFO:***test_logout***
2025-03=26 08:00:12:INFO:Test test_cases/test_login.py::TestLogin::test_logout[chrome] passed.
2025-03=26 08:00:12:INFO:Test test_cases/test_login.py::TestLogin::test_logout[chrome] passed.
2025-03=26 08:00:18:INFO:Test test_cases/test_login.py::TestLogin::test_logout[edge] passed.
2025-03=26 08:00:18:INFO:***test_logout***
2025-03=26 08:00:20:INFO:Test test_cases/test_login.py::TestLogin::test_logout[edge] passed.
2025-03=26 08:00:20:INFO:Test test_cases/test_login.py::TestLogin::test_logout[edge] passed.
2025-03=26 08:00:27:INFO:Test test_cases/test_login.py::TestLogin::test_logout[firefox] passed.
2025-03=26 08:00:27:INFO:***test_logout***
2025-03=26 08:00:31:INFO:Test test_cases/test_login.py::TestLogin::test_logout[firefox] passed.
2025-03=26 08:00:31:INFO:Test test_cases/test_login.py::TestLogin::test_logout[firefox] passed.
2025-03=26 08:00:52:WARNING:The chromedriver version (133.0.6943.126) detected in PATH at C:\Bin\chromedriver.exe might not be compatible with the detected chrome version (134.0.6998.119); currently, chromedriver 134.0.6998.165 is recommended for chrome 134.*, so it is advised to delete the driver in PATH and retry
2025-03=26 08:00:54:INFO:Test test_login.py::TestLogin::test_logout[chrome] passed.
2025-03=26 08:00:54:INFO:***test_logout***
2025-03=26 08:00:56:INFO:Test test_login.py::TestLogin::test_logout[chrome] passed.
2025-03=26 08:00:56:INFO:Test test_login.py::TestLogin::test_logout[chrome] passed.
2025-03=26 08:01:02:INFO:Test test_login.py::TestLogin::test_logout[edge] passed.
2025-03=26 08:01:02:INFO:***test_logout***
2025-03=26 08:01:05:INFO:Test test_login.py::TestLogin::test_logout[edge] passed.
2025-03=26 08:01:05:INFO:Test test_login.py::TestLogin::test_logout[edge] passed.
2025-03=26 08:01:11:INFO:Test test_login.py::TestLogin::test_logout[firefox] passed.
2025-03=26 08:01:11:INFO:***test_logout***
2025-03=26 08:01:15:INFO:Test test_login.py::TestLogin::test_logout[firefox] passed.
2025-03=26 08:01:15:INFO:Test test_login.py::TestLogin::test_logout[firefox] passed.
2025-03=26 08:03:43:WARNING:The chromedriver version (133.0.6943.126) detected in PATH at C:\Bin\chromedriver.exe might not be compatible with the detected chrome version (134.0.6998.119); currently, chromedriver 134.0.6998.165 is recommended for chrome 134.*, so it is advised to delete the driver in PATH and retry
2025-03=26 08:03:45:INFO:Test test_cases/test_cart.py::TestCart::test_verify_cart_counter_visible[chrome] passed.
2025-03=26 08:03:45:INFO:***test_verify_cart_counter_visible***
2025-03=26 08:03:47:INFO:Test test_cases/test_cart.py::TestCart::test_verify_cart_counter_visible[chrome] passed.
2025-03=26 08:03:47:INFO:Test test_cases/test_cart.py::TestCart::test_verify_cart_counter_visible[chrome] passed.
2025-03=26 08:03:47:WARNING:The chromedriver version (133.0.6943.126) detected in PATH at C:\Bin\chromedriver.exe might not be compatible with the detected chrome version (134.0.6998.119); currently, chromedriver 134.0.6998.165 is recommended for chrome 134.*, so it is advised to delete the driver in PATH and retry
2025-03=26 08:03:49:INFO:Test test_cases/test_cart.py::TestCart::test_verify_product_visible_in_cart[chrome] passed.
2025-03=26 08:03:49:INFO:***verify_product_visible_in_cart***
2025-03=26 08:04:01:ERROR:Test test_cases/test_cart.py::TestCart::test_verify_product_visible_in_cart[chrome] failed. Reason: self = <utilities.assertions.Assertion object at 0x000002C328B1ACC0>, locator = ('xpath', "//div[@class='inventory_item_name' and contains(text(), 'Sauce Labs Backpack')]")

    def assert_element_visible(self, locator):
        try:
>           webelement = WebDriverWait(self.driver, 10).until(EC.presence_of_element_located(locator))

utilities\assertions.py:12: 
_ _ _ _ _ _ _ _ _ _ _ _ _ _ _ _ _ _ _ _ _ _ _ _ _ _ _ _ _ _ _ _ _ _ _ _ _ _ _ _ _ _ _ _ _ _ _ _ _ _ _ _ _ _ _ _ _ _ _ _ _ _ _ _ _ _ _ _ _ _ _ _ _ _ _ _ _ _ _ _ _ _ _ _ _ _ _ _ _ _ _ _ _ _ _ _ _ _ _ _ _ _ _ _ _ _ _ _ _ _ _ _ _ _

self = <selenium.webdriver.support.wait.WebDriverWait (session="6ff7f4ea2da28414bda683529d2e1df5")>, method = <function presence_of_element_located.<locals>._predicate at 0x000002C328A904A0>, message = ''

    def until(self, method: Callable[[D], Union[Literal[False], T]], message: str = "") -> T:
        """Wait until the method returns a value that is not False.
    
        Calls the method provided with the driver as an argument until the
        return value does not evaluate to ``False``.
    
        Parameters:
        ----------
        method: callable(WebDriver)
            - A callable object that takes a WebDriver instance as an argument.
    
        message: str
            - Optional message for :exc:`TimeoutException`
    
        Return:
        -------
        object: T
            - The result of the last call to `method`
    
        Raises:
        -------
        TimeoutException
            - If 'method' does not return a truthy value within the WebDriverWait
            object's timeout
    
        Example:
        --------
        >>> from selenium.webdriver.common.by import By
        >>> from selenium.webdriver.support.ui import WebDriverWait
        >>> from selenium.webdriver.support import expected_conditions as EC
    
        # Wait until an element is visible on the page
        >>> wait = WebDriverWait(driver, 10)
        >>> element = wait.until(EC.visibility_of_element_located((By.ID, "exampleId")))
        >>> print(element.text)
        """
        screen = None
        stacktrace = None
    
        end_time = time.monotonic() + self._timeout
        while True:
            try:
                value = method(self._driver)
                if value:
                    return value
            except self._ignored_exceptions as exc:
                screen = getattr(exc, "screen", None)
                stacktrace = getattr(exc, "stacktrace", None)
            if time.monotonic() > end_time:
                break
            time.sleep(self._poll)
>       raise TimeoutException(message, screen, stacktrace)
E       selenium.common.exceptions.TimeoutException: Message: 
E       Stacktrace:
E       	GetHandleVerifier [0x00007FF67F936EE5+28773]
E       	(No symbol) [0x00007FF67F8A25D0]
E       	(No symbol) [0x00007FF67F738FAA]
E       	(No symbol) [0x00007FF67F78F286]
E       	(No symbol) [0x00007FF67F78F4BC]
E       	(No symbol) [0x00007FF67F7E2A27]
E       	(No symbol) [0x00007FF67F7B728F]
E       	(No symbol) [0x00007FF67F7DF6F3]
E       	(No symbol) [0x00007FF67F7B7023]
E       	(No symbol) [0x00007FF67F77FF5E]
E       	(No symbol) [0x00007FF67F7811E3]
E       	GetHandleVerifier [0x00007FF67FC8422D+3490733]
E       	GetHandleVerifier [0x00007FF67FC9BA13+3586963]
E       	GetHandleVerifier [0x00007FF67FC9144D+3544525]
E       	GetHandleVerifier [0x00007FF67F9FC9AA+838442]
E       	(No symbol) [0x00007FF67F8AD01F]
E       	(No symbol) [0x00007FF67F8A95E4]
E       	(No symbol) [0x00007FF67F8A9786]
E       	(No symbol) [0x00007FF67F898CB9]
E       	BaseThreadInitThunk [0x00007FFD3BD5E8D7+23]
E       	RtlUserThreadStart [0x00007FFD3DC3BF6C+44]

C:\Users\User\AppData\Local\Programs\Python\Python312\Lib\site-packages\selenium\webdriver\support\wait.py:146: TimeoutException

During handling of the above exception, another exception occurred:

self = <test_cases.test_cart.TestCart object at 0x000002C328A54C20>, setup = <selenium.webdriver.chrome.webdriver.WebDriver (session="6ff7f4ea2da28414bda683529d2e1df5")>

    @pytest.mark.parametrize("setup", ["chrome"], indirect=True)
    def test_verify_product_visible_in_cart(self, setup):
        expected_product = (By.XPATH,"//div[@class='inventory_item_name' and contains(text(), 'Sauce Labs Backpack')]")
    
        self.logger.info("***verify_product_visible_in_cart***")
        self.driver = setup
        self.login_page = LoginPage(self.driver)
        self.login_page.open_login_page(LOGIN_URL)
        self.login_page.login(VALID_USERNAME, VALID_PASSWORD)
    
        self.all_items = AllItems(self.driver)
        self.all_items.verify_cart_is_empty()
        self.all_items.add_product_to_cart_by_name("Sauce Labs Bike Light")
        self.all_items.open_cart()
    
        self.assertion = Assertion(self.driver)
>       self.assertion.assert_element_visible(expected_product)

test_cases\test_cart.py:51: 
_ _ _ _ _ _ _ _ _ _ _ _ _ _ _ _ _ _ _ _ _ _ _ _ _ _ _ _ _ _ _ _ _ _ _ _ _ _ _ _ _ _ _ _ _ _ _ _ _ _ _ _ _ _ _ _ _ _ _ _ _ _ _ _ _ _ _ _ _ _ _ _ _ _ _ _ _ _ _ _ _ _ _ _ _ _ _ _ _ _ _ _ _ _ _ _ _ _ _ _ _ _ _ _ _ _ _ _ _ _ _ _ _ _

self = <utilities.assertions.Assertion object at 0x000002C328B1ACC0>, locator = ('xpath', "//div[@class='inventory_item_name' and contains(text(), 'Sauce Labs Backpack')]")

    def assert_element_visible(self, locator):
        try:
            webelement = WebDriverWait(self.driver, 10).until(EC.presence_of_element_located(locator))
            WebDriverWait(self.driver, 10).until(EC.visibility_of(webelement))
        except Exception as e:
>           assert False, f"Element could not be found or is not visible: {str(e)}"
E           AssertionError: Element could not be found or is not visible: Message: 
E           Stacktrace:
E           	GetHandleVerifier [0x00007FF67F936EE5+28773]
E           	(No symbol) [0x00007FF67F8A25D0]
E           	(No symbol) [0x00007FF67F738FAA]
E           	(No symbol) [0x00007FF67F78F286]
E           	(No symbol) [0x00007FF67F78F4BC]
E           	(No symbol) [0x00007FF67F7E2A27]
E           	(No symbol) [0x00007FF67F7B728F]
E           	(No symbol) [0x00007FF67F7DF6F3]
E           	(No symbol) [0x00007FF67F7B7023]
E           	(No symbol) [0x00007FF67F77FF5E]
E           	(No symbol) [0x00007FF67F7811E3]
E           	GetHandleVerifier [0x00007FF67FC8422D+3490733]
E           	GetHandleVerifier [0x00007FF67FC9BA13+3586963]
E           	GetHandleVerifier [0x00007FF67FC9144D+3544525]
E           	GetHandleVerifier [0x00007FF67F9FC9AA+838442]
E           	(No symbol) [0x00007FF67F8AD01F]
E           	(No symbol) [0x00007FF67F8A95E4]
E           	(No symbol) [0x00007FF67F8A9786]
E           	(No symbol) [0x00007FF67F898CB9]
E           	BaseThreadInitThunk [0x00007FFD3BD5E8D7+23]
E           	RtlUserThreadStart [0x00007FFD3DC3BF6C+44]

utilities\assertions.py:15: AssertionError
2025-03=26 08:04:01:INFO:Test test_cases/test_cart.py::TestCart::test_verify_product_visible_in_cart[chrome] passed.
2025-03=26 08:04:01:WARNING:The chromedriver version (133.0.6943.126) detected in PATH at C:\Bin\chromedriver.exe might not be compatible with the detected chrome version (134.0.6998.119); currently, chromedriver 134.0.6998.165 is recommended for chrome 134.*, so it is advised to delete the driver in PATH and retry
2025-03=26 08:04:03:INFO:Test test_cases/test_checkout.py::TestCheckout::test_verify_successful_checkout[chrome] passed.
2025-03=26 08:04:07:INFO:Test test_cases/test_checkout.py::TestCheckout::test_verify_successful_checkout[chrome] passed.
2025-03=26 08:04:07:INFO:Test test_cases/test_checkout.py::TestCheckout::test_verify_successful_checkout[chrome] passed.
2025-03=26 08:04:07:WARNING:The chromedriver version (133.0.6943.126) detected in PATH at C:\Bin\chromedriver.exe might not be compatible with the detected chrome version (134.0.6998.119); currently, chromedriver 134.0.6998.165 is recommended for chrome 134.*, so it is advised to delete the driver in PATH and retry
2025-03=26 08:04:09:INFO:Test test_cases/test_login.py::TestLogin::test_valid_title[chrome] passed.
2025-03=26 08:04:10:INFO:***test_valid_title_passed***
2025-03=26 08:04:11:INFO:Test test_cases/test_login.py::TestLogin::test_valid_title[chrome] passed.
2025-03=26 08:04:11:INFO:Test test_cases/test_login.py::TestLogin::test_valid_title[chrome] passed.
2025-03=26 08:04:11:WARNING:The chromedriver version (133.0.6943.126) detected in PATH at C:\Bin\chromedriver.exe might not be compatible with the detected chrome version (134.0.6998.119); currently, chromedriver 134.0.6998.165 is recommended for chrome 134.*, so it is advised to delete the driver in PATH and retry
2025-03=26 08:04:13:INFO:Test test_cases/test_login.py::TestLogin::test_valid_login[chrome] passed.
2025-03=26 08:04:13:INFO:***test_valid_login_started***
2025-03=26 08:04:15:INFO:Test test_cases/test_login.py::TestLogin::test_valid_login[chrome] passed.
2025-03=26 08:04:15:INFO:Test test_cases/test_login.py::TestLogin::test_valid_login[chrome] passed.
2025-03=26 08:04:16:WARNING:The chromedriver version (133.0.6943.126) detected in PATH at C:\Bin\chromedriver.exe might not be compatible with the detected chrome version (134.0.6998.119); currently, chromedriver 134.0.6998.165 is recommended for chrome 134.*, so it is advised to delete the driver in PATH and retry
2025-03=26 08:04:18:INFO:Test test_cases/test_login.py::TestLogin::test_invalid_login_by_username[chrome] passed.
2025-03=26 08:04:18:INFO:***test_invalid_login_by_username_started***
2025-03=26 08:04:21:INFO:Test test_cases/test_login.py::TestLogin::test_invalid_login_by_username[chrome] passed.
2025-03=26 08:04:21:INFO:Test test_cases/test_login.py::TestLogin::test_invalid_login_by_username[chrome] passed.
2025-03=26 08:04:21:WARNING:The chromedriver version (133.0.6943.126) detected in PATH at C:\Bin\chromedriver.exe might not be compatible with the detected chrome version (134.0.6998.119); currently, chromedriver 134.0.6998.165 is recommended for chrome 134.*, so it is advised to delete the driver in PATH and retry
2025-03=26 08:04:23:INFO:Test test_cases/test_login.py::TestLogin::test_invalid_login_by_password[chrome] passed.
2025-03=26 08:04:23:INFO:***test_invalid_login_by_password_started***
2025-03=26 08:04:26:INFO:Test test_cases/test_login.py::TestLogin::test_invalid_login_by_password[chrome] passed.
2025-03=26 08:04:26:INFO:Test test_cases/test_login.py::TestLogin::test_invalid_login_by_password[chrome] passed.
2025-03=26 08:04:26:WARNING:The chromedriver version (133.0.6943.126) detected in PATH at C:\Bin\chromedriver.exe might not be compatible with the detected chrome version (134.0.6998.119); currently, chromedriver 134.0.6998.165 is recommended for chrome 134.*, so it is advised to delete the driver in PATH and retry
2025-03=26 08:04:28:INFO:Test test_cases/test_login.py::TestLogin::test_logout[chrome] passed.
2025-03=26 08:04:28:INFO:***test_logout***
2025-03=26 08:04:30:INFO:Test test_cases/test_login.py::TestLogin::test_logout[chrome] passed.
2025-03=26 08:04:30:INFO:Test test_cases/test_login.py::TestLogin::test_logout[chrome] passed.
2025-03=26 08:04:37:INFO:Test test_cases/test_login.py::TestLogin::test_logout[edge] passed.
2025-03=26 08:04:37:INFO:***test_logout***
2025-03=26 08:04:40:INFO:Test test_cases/test_login.py::TestLogin::test_logout[edge] passed.
2025-03=26 08:04:40:INFO:Test test_cases/test_login.py::TestLogin::test_logout[edge] passed.
2025-03=26 08:04:48:INFO:Test test_cases/test_login.py::TestLogin::test_logout[firefox] passed.
2025-03=26 08:04:48:INFO:***test_logout***
2025-03=26 08:04:53:INFO:Test test_cases/test_login.py::TestLogin::test_logout[firefox] passed.
2025-03=26 08:04:53:INFO:Test test_cases/test_login.py::TestLogin::test_logout[firefox] passed.
2025-03=26 08:41:41:ERROR:Test test_cart.py::TestCart::test_verify_product_visible_in_cart failed. Reason: request = <SubRequest 'setup' for <Function test_verify_product_visible_in_cart>>

    @pytest.fixture
    @pytest.mark.parametrize("browser_name", ["chrome", "edge", "firefox"])
    def setup(request):
>       browser_name = request.param
E       AttributeError: 'SubRequest' object has no attribute 'param'

conftest.py:27: AttributeError
2025-03=26 08:41:41:INFO:Test test_cart.py::TestCart::test_verify_product_visible_in_cart passed.
2025-03=26 08:42:07:WARNING:The chromedriver version (133.0.6943.126) detected in PATH at C:\Bin\chromedriver.exe might not be compatible with the detected chrome version (134.0.6998.119); currently, chromedriver 134.0.6998.165 is recommended for chrome 134.*, so it is advised to delete the driver in PATH and retry
2025-03=26 08:42:08:INFO:Test test_cart.py::TestCart::test_verify_product_visible_in_cart[chrome] passed.
2025-03=26 08:42:08:INFO:***verify_product_visible_in_cart***
2025-03=26 08:42:21:ERROR:Test test_cart.py::TestCart::test_verify_product_visible_in_cart[chrome] failed. Reason: self = <utilities.assertions.Assertion object at 0x00000267E95E74D0>
locator = ('xpath', "//div[@class='inventory_item_name' and contains(text(), 'Sauce Labs Backpack')]")

    def assert_element_visible(self, locator):
        try:
>           webelement = WebDriverWait(self.driver, 10).until(EC.presence_of_element_located(locator))

..\utilities\assertions.py:12: 
_ _ _ _ _ _ _ _ _ _ _ _ _ _ _ _ _ _ _ _ _ _ _ _ _ _ _ _ _ _ _ _ _ _ _ _ _ _ _ _

self = <selenium.webdriver.support.wait.WebDriverWait (session="a485a19863b7fb75fcaf3bbfa2ce803a")>
method = <function presence_of_element_located.<locals>._predicate at 0x00000267E9363740>
message = ''

    def until(self, method: Callable[[D], Union[Literal[False], T]], message: str = "") -> T:
        """Wait until the method returns a value that is not False.
    
        Calls the method provided with the driver as an argument until the
        return value does not evaluate to ``False``.
    
        Parameters:
        ----------
        method: callable(WebDriver)
            - A callable object that takes a WebDriver instance as an argument.
    
        message: str
            - Optional message for :exc:`TimeoutException`
    
        Return:
        -------
        object: T
            - The result of the last call to `method`
    
        Raises:
        -------
        TimeoutException
            - If 'method' does not return a truthy value within the WebDriverWait
            object's timeout
    
        Example:
        --------
        >>> from selenium.webdriver.common.by import By
        >>> from selenium.webdriver.support.ui import WebDriverWait
        >>> from selenium.webdriver.support import expected_conditions as EC
    
        # Wait until an element is visible on the page
        >>> wait = WebDriverWait(driver, 10)
        >>> element = wait.until(EC.visibility_of_element_located((By.ID, "exampleId")))
        >>> print(element.text)
        """
        screen = None
        stacktrace = None
    
        end_time = time.monotonic() + self._timeout
        while True:
            try:
                value = method(self._driver)
                if value:
                    return value
            except self._ignored_exceptions as exc:
                screen = getattr(exc, "screen", None)
                stacktrace = getattr(exc, "stacktrace", None)
            if time.monotonic() > end_time:
                break
            time.sleep(self._poll)
>       raise TimeoutException(message, screen, stacktrace)
E       selenium.common.exceptions.TimeoutException: Message: 
E       Stacktrace:
E       	GetHandleVerifier [0x00007FF67F936EE5+28773]
E       	(No symbol) [0x00007FF67F8A25D0]
E       	(No symbol) [0x00007FF67F738FAA]
E       	(No symbol) [0x00007FF67F78F286]
E       	(No symbol) [0x00007FF67F78F4BC]
E       	(No symbol) [0x00007FF67F7E2A27]
E       	(No symbol) [0x00007FF67F7B728F]
E       	(No symbol) [0x00007FF67F7DF6F3]
E       	(No symbol) [0x00007FF67F7B7023]
E       	(No symbol) [0x00007FF67F77FF5E]
E       	(No symbol) [0x00007FF67F7811E3]
E       	GetHandleVerifier [0x00007FF67FC8422D+3490733]
E       	GetHandleVerifier [0x00007FF67FC9BA13+3586963]
E       	GetHandleVerifier [0x00007FF67FC9144D+3544525]
E       	GetHandleVerifier [0x00007FF67F9FC9AA+838442]
E       	(No symbol) [0x00007FF67F8AD01F]
E       	(No symbol) [0x00007FF67F8A95E4]
E       	(No symbol) [0x00007FF67F8A9786]
E       	(No symbol) [0x00007FF67F898CB9]
E       	BaseThreadInitThunk [0x00007FFD3BD5E8D7+23]
E       	RtlUserThreadStart [0x00007FFD3DC3BF6C+44]

C:\Users\User\AppData\Local\Programs\Python\Python312\Lib\site-packages\selenium\webdriver\support\wait.py:146: TimeoutException

During handling of the above exception, another exception occurred:

self = <test_cases.test_cart.TestCart object at 0x00000267E966A2D0>
setup = <selenium.webdriver.chrome.webdriver.WebDriver (session="a485a19863b7fb75fcaf3bbfa2ce803a")>

    @pytest.mark.parametrize("setup", ["chrome"], indirect=True)
    def test_verify_product_visible_in_cart(self, setup):
        expected_product = (By.XPATH,"//div[@class='inventory_item_name' and contains(text(), 'Sauce Labs Backpack')]")
    
        self.logger.info("***verify_product_visible_in_cart***")
        self.driver = setup
        self.login_page = LoginPage(self.driver)
        self.login_page.open_login_page(LOGIN_URL)
        self.login_page.login(VALID_USERNAME, VALID_PASSWORD)
    
        self.all_items = AllItems(self.driver)
        self.all_items.verify_cart_is_empty()
        self.all_items.add_product_to_cart_by_name("Sauce Labs Bike Light")
        self.all_items.open_cart()
    
        self.assertion = Assertion(self.driver)
>       self.assertion.assert_element_visible(expected_product)

test_cart.py:51: 
_ _ _ _ _ _ _ _ _ _ _ _ _ _ _ _ _ _ _ _ _ _ _ _ _ _ _ _ _ _ _ _ _ _ _ _ _ _ _ _

self = <utilities.assertions.Assertion object at 0x00000267E95E74D0>
locator = ('xpath', "//div[@class='inventory_item_name' and contains(text(), 'Sauce Labs Backpack')]")

    def assert_element_visible(self, locator):
        try:
            webelement = WebDriverWait(self.driver, 10).until(EC.presence_of_element_located(locator))
            WebDriverWait(self.driver, 10).until(EC.visibility_of(webelement))
        except Exception as e:
>           assert False, f"Element could not be found or is not visible: {str(e)}"
E           AssertionError: Element could not be found or is not visible: Message: 
E           Stacktrace:
E           	GetHandleVerifier [0x00007FF67F936EE5+28773]
E           	(No symbol) [0x00007FF67F8A25D0]
E           	(No symbol) [0x00007FF67F738FAA]
E           	(No symbol) [0x00007FF67F78F286]
E           	(No symbol) [0x00007FF67F78F4BC]
E           	(No symbol) [0x00007FF67F7E2A27]
E           	(No symbol) [0x00007FF67F7B728F]
E           	(No symbol) [0x00007FF67F7DF6F3]
E           	(No symbol) [0x00007FF67F7B7023]
E           	(No symbol) [0x00007FF67F77FF5E]
E           	(No symbol) [0x00007FF67F7811E3]
E           	GetHandleVerifier [0x00007FF67FC8422D+3490733]
E           	GetHandleVerifier [0x00007FF67FC9BA13+3586963]
E           	GetHandleVerifier [0x00007FF67FC9144D+3544525]
E           	GetHandleVerifier [0x00007FF67F9FC9AA+838442]
E           	(No symbol) [0x00007FF67F8AD01F]
E           	(No symbol) [0x00007FF67F8A95E4]
E           	(No symbol) [0x00007FF67F8A9786]
E           	(No symbol) [0x00007FF67F898CB9]
E           	BaseThreadInitThunk [0x00007FFD3BD5E8D7+23]
E           	RtlUserThreadStart [0x00007FFD3DC3BF6C+44]

..\utilities\assertions.py:15: AssertionError
2025-03=26 08:42:21:INFO:Test test_cart.py::TestCart::test_verify_product_visible_in_cart[chrome] passed.
2025-03=26 08:42:36:WARNING:The chromedriver version (133.0.6943.126) detected in PATH at C:\Bin\chromedriver.exe might not be compatible with the detected chrome version (134.0.6998.119); currently, chromedriver 134.0.6998.165 is recommended for chrome 134.*, so it is advised to delete the driver in PATH and retry
2025-03=26 08:42:38:INFO:Test test_cart.py::TestCart::test_verify_product_visible_in_cart[chrome] passed.
2025-03=26 08:42:38:INFO:***verify_product_visible_in_cart***
2025-03=26 08:43:34:WARNING:The chromedriver version (133.0.6943.126) detected in PATH at C:\Bin\chromedriver.exe might not be compatible with the detected chrome version (134.0.6998.119); currently, chromedriver 134.0.6998.165 is recommended for chrome 134.*, so it is advised to delete the driver in PATH and retry
2025-03=26 08:43:36:INFO:Test test_cart.py::TestCart::test_verify_product_visible_in_cart[chrome] passed.
2025-03=26 08:43:36:INFO:***verify_product_visible_in_cart***
2025-03=26 08:43:39:INFO:Test test_cart.py::TestCart::test_verify_product_visible_in_cart[chrome] passed.
2025-03=26 08:43:39:INFO:Test test_cart.py::TestCart::test_verify_product_visible_in_cart[chrome] passed.
2025-03=26 08:49:34:ERROR:Test test_cart.py::TestCart::test_verify_cart_counter_visible[chrome] failed. Reason: self = <_pytest.config.Config object at 0x000001934BD03DD0>, name = 'browser'
default = <NOTSET>, skip = False

    def getoption(self, name: str, default=notset, skip: bool = False):
        """Return command line option value.
    
        :param name: Name of the option. You may also specify
            the literal ``--OPT`` option instead of the "dest" option name.
        :param default: Fallback value if no option of that name is **declared** via :hook:`pytest_addoption`.
            Note this parameter will be ignored when the option is **declared** even if the option's value is ``None``.
        :param skip: If ``True``, raise :func:`pytest.skip` if option is undeclared or has a ``None`` value.
            Note that even if ``True``, if a default was specified it will be returned instead of a skip.
        """
        name = self._opt2dest.get(name, name)
        try:
>           val = getattr(self.option, name)
E           AttributeError: 'Namespace' object has no attribute 'browser'

C:\Users\User\AppData\Local\Programs\Python\Python312\Lib\site-packages\_pytest\config\__init__.py:1694: AttributeError

The above exception was the direct cause of the following exception:

request = <SubRequest 'setup' for <Function test_verify_cart_counter_visible[chrome]>>

    @pytest.fixture
    @pytest.mark.parametrize("browser_name", ["chrome", "edge", "firefox"])
    def setup(request):
>       browser_name = request.config.getoption("browser")
E       ValueError: no option named 'browser'

conftest.py:27: ValueError
2025-03=26 08:49:34:INFO:Test test_cart.py::TestCart::test_verify_cart_counter_visible[chrome] passed.
2025-03=26 08:51:45:WARNING:The chromedriver version (133.0.6943.126) detected in PATH at C:\Bin\chromedriver.exe might not be compatible with the detected chrome version (134.0.6998.119); currently, chromedriver 134.0.6998.165 is recommended for chrome 134.*, so it is advised to delete the driver in PATH and retry
2025-03=26 08:51:46:INFO:Test test_cart.py::TestCart::test_verify_cart_counter_visible passed.
2025-03=26 08:51:46:INFO:***test_verify_cart_counter_visible***
2025-03=26 08:51:49:INFO:Test test_cart.py::TestCart::test_verify_cart_counter_visible passed.
2025-03=26 08:51:49:INFO:Test test_cart.py::TestCart::test_verify_cart_counter_visible passed.
2025-03=26 08:52:04:WARNING:The chromedriver version (133.0.6943.126) detected in PATH at C:\Bin\chromedriver.exe might not be compatible with the detected chrome version (134.0.6998.119); currently, chromedriver 134.0.6998.165 is recommended for chrome 134.*, so it is advised to delete the driver in PATH and retry
2025-03=26 08:52:06:INFO:Test test_cases/test_cart.py::TestCart::test_verify_cart_counter_visible passed.
2025-03=26 08:52:06:INFO:***test_verify_cart_counter_visible***
2025-03=26 08:52:08:INFO:Test test_cases/test_cart.py::TestCart::test_verify_cart_counter_visible passed.
2025-03=26 08:52:08:INFO:Test test_cases/test_cart.py::TestCart::test_verify_cart_counter_visible passed.
2025-03=26 08:52:08:WARNING:The chromedriver version (133.0.6943.126) detected in PATH at C:\Bin\chromedriver.exe might not be compatible with the detected chrome version (134.0.6998.119); currently, chromedriver 134.0.6998.165 is recommended for chrome 134.*, so it is advised to delete the driver in PATH and retry
2025-03=26 08:52:10:INFO:Test test_cases/test_cart.py::TestCart::test_verify_product_visible_in_cart passed.
2025-03=26 08:52:10:INFO:***verify_product_visible_in_cart***
2025-03=26 08:52:12:INFO:Test test_cases/test_cart.py::TestCart::test_verify_product_visible_in_cart passed.
2025-03=26 08:52:12:INFO:Test test_cases/test_cart.py::TestCart::test_verify_product_visible_in_cart passed.
2025-03=26 08:52:38:INFO:Test test_cases/test_cart.py::TestCart::test_verify_cart_counter_visible passed.
2025-03=26 08:52:38:INFO:***test_verify_cart_counter_visible***
2025-03=26 08:52:39:INFO:Test test_cases/test_cart.py::TestCart::test_verify_cart_counter_visible passed.
2025-03=26 08:52:39:INFO:Test test_cases/test_cart.py::TestCart::test_verify_cart_counter_visible passed.
2025-03=26 08:52:43:INFO:Test test_cases/test_cart.py::TestCart::test_verify_product_visible_in_cart passed.
2025-03=26 08:52:43:INFO:***verify_product_visible_in_cart***
2025-03=26 08:52:45:INFO:Test test_cases/test_cart.py::TestCart::test_verify_product_visible_in_cart passed.
2025-03=26 08:52:45:INFO:Test test_cases/test_cart.py::TestCart::test_verify_product_visible_in_cart passed.
2025-03=26 08:58:50:WARNING:The chromedriver version (133.0.6943.126) detected in PATH at C:\Bin\chromedriver.exe might not be compatible with the detected chrome version (134.0.6998.119); currently, chromedriver 134.0.6998.165 is recommended for chrome 134.*, so it is advised to delete the driver in PATH and retry
2025-03=26 08:58:52:INFO:Test test_cart.py::TestCart::test_verify_cart_counter_visible[[] passed.
2025-03=26 08:58:52:INFO:***test_verify_cart_counter_visible***
2025-03=26 08:58:53:INFO:Test test_cart.py::TestCart::test_verify_cart_counter_visible[[] passed.
2025-03=26 08:58:53:INFO:Test test_cart.py::TestCart::test_verify_cart_counter_visible[[] passed.
2025-03=26 08:58:53:WARNING:The chromedriver version (133.0.6943.126) detected in PATH at C:\Bin\chromedriver.exe might not be compatible with the detected chrome version (134.0.6998.119); currently, chromedriver 134.0.6998.165 is recommended for chrome 134.*, so it is advised to delete the driver in PATH and retry
2025-03=26 08:58:55:INFO:Test test_cart.py::TestCart::test_verify_cart_counter_visible['0] passed.
2025-03=26 08:58:55:INFO:***test_verify_cart_counter_visible***
2025-03=26 08:58:58:INFO:Test test_cart.py::TestCart::test_verify_cart_counter_visible['0] passed.
2025-03=26 08:58:58:INFO:Test test_cart.py::TestCart::test_verify_cart_counter_visible['0] passed.
2025-03=26 08:58:58:WARNING:The chromedriver version (133.0.6943.126) detected in PATH at C:\Bin\chromedriver.exe might not be compatible with the detected chrome version (134.0.6998.119); currently, chromedriver 134.0.6998.165 is recommended for chrome 134.*, so it is advised to delete the driver in PATH and retry
2025-03=26 08:58:59:INFO:Test test_cart.py::TestCart::test_verify_cart_counter_visible[c] passed.
2025-03=26 08:58:59:INFO:***test_verify_cart_counter_visible***
2025-03=26 08:59:01:INFO:Test test_cart.py::TestCart::test_verify_cart_counter_visible[c] passed.
2025-03=26 08:59:01:INFO:Test test_cart.py::TestCart::test_verify_cart_counter_visible[c] passed.
2025-03=26 08:59:01:WARNING:The chromedriver version (133.0.6943.126) detected in PATH at C:\Bin\chromedriver.exe might not be compatible with the detected chrome version (134.0.6998.119); currently, chromedriver 134.0.6998.165 is recommended for chrome 134.*, so it is advised to delete the driver in PATH and retry
2025-03=26 08:59:03:INFO:Test test_cart.py::TestCart::test_verify_cart_counter_visible[h] passed.
2025-03=26 08:59:03:INFO:***test_verify_cart_counter_visible***
2025-03=26 08:59:07:INFO:Test test_cart.py::TestCart::test_verify_cart_counter_visible[h] passed.
2025-03=26 08:59:07:INFO:Test test_cart.py::TestCart::test_verify_cart_counter_visible[h] passed.
2025-03=26 08:59:07:WARNING:The chromedriver version (133.0.6943.126) detected in PATH at C:\Bin\chromedriver.exe might not be compatible with the detected chrome version (134.0.6998.119); currently, chromedriver 134.0.6998.165 is recommended for chrome 134.*, so it is advised to delete the driver in PATH and retry
2025-03=26 08:59:09:INFO:Test test_cart.py::TestCart::test_verify_cart_counter_visible[r0] passed.
2025-03=26 08:59:09:INFO:***test_verify_cart_counter_visible***
2025-03=26 08:59:11:INFO:Test test_cart.py::TestCart::test_verify_cart_counter_visible[r0] passed.
2025-03=26 08:59:11:INFO:Test test_cart.py::TestCart::test_verify_cart_counter_visible[r0] passed.
2025-03=26 08:59:12:WARNING:The chromedriver version (133.0.6943.126) detected in PATH at C:\Bin\chromedriver.exe might not be compatible with the detected chrome version (134.0.6998.119); currently, chromedriver 134.0.6998.165 is recommended for chrome 134.*, so it is advised to delete the driver in PATH and retry
2025-03=26 08:59:14:INFO:Test test_cart.py::TestCart::test_verify_cart_counter_visible[o0] passed.
2025-03=26 08:59:14:INFO:***test_verify_cart_counter_visible***
2025-03=26 08:59:17:INFO:Test test_cart.py::TestCart::test_verify_cart_counter_visible[o0] passed.
2025-03=26 08:59:17:INFO:Test test_cart.py::TestCart::test_verify_cart_counter_visible[o0] passed.
2025-03=26 08:59:17:WARNING:The chromedriver version (133.0.6943.126) detected in PATH at C:\Bin\chromedriver.exe might not be compatible with the detected chrome version (134.0.6998.119); currently, chromedriver 134.0.6998.165 is recommended for chrome 134.*, so it is advised to delete the driver in PATH and retry
2025-03=26 08:59:19:INFO:Test test_cart.py::TestCart::test_verify_cart_counter_visible[m] passed.
2025-03=26 08:59:19:INFO:***test_verify_cart_counter_visible***
2025-03=26 08:59:22:INFO:Test test_cart.py::TestCart::test_verify_cart_counter_visible[m] passed.
2025-03=26 08:59:22:INFO:Test test_cart.py::TestCart::test_verify_cart_counter_visible[m] passed.
2025-03=26 08:59:22:WARNING:The chromedriver version (133.0.6943.126) detected in PATH at C:\Bin\chromedriver.exe might not be compatible with the detected chrome version (134.0.6998.119); currently, chromedriver 134.0.6998.165 is recommended for chrome 134.*, so it is advised to delete the driver in PATH and retry
2025-03=26 08:59:24:INFO:Test test_cart.py::TestCart::test_verify_cart_counter_visible[e0] passed.
2025-03=26 08:59:24:INFO:***test_verify_cart_counter_visible***
2025-03=26 08:59:26:INFO:Test test_cart.py::TestCart::test_verify_cart_counter_visible[e0] passed.
2025-03=26 08:59:26:INFO:Test test_cart.py::TestCart::test_verify_cart_counter_visible[e0] passed.
2025-03=26 08:59:27:WARNING:The chromedriver version (133.0.6943.126) detected in PATH at C:\Bin\chromedriver.exe might not be compatible with the detected chrome version (134.0.6998.119); currently, chromedriver 134.0.6998.165 is recommended for chrome 134.*, so it is advised to delete the driver in PATH and retry
2025-03=26 08:59:29:INFO:Test test_cart.py::TestCart::test_verify_cart_counter_visible['1] passed.
2025-03=26 08:59:29:INFO:***test_verify_cart_counter_visible***
2025-03=26 08:59:33:INFO:Test test_cart.py::TestCart::test_verify_cart_counter_visible['1] passed.
2025-03=26 08:59:33:INFO:Test test_cart.py::TestCart::test_verify_cart_counter_visible['1] passed.
2025-03=26 08:59:33:WARNING:The chromedriver version (133.0.6943.126) detected in PATH at C:\Bin\chromedriver.exe might not be compatible with the detected chrome version (134.0.6998.119); currently, chromedriver 134.0.6998.165 is recommended for chrome 134.*, so it is advised to delete the driver in PATH and retry
2025-03=26 08:59:35:INFO:Test test_cart.py::TestCart::test_verify_cart_counter_visible[,0] passed.
2025-03=26 08:59:35:INFO:***test_verify_cart_counter_visible***
2025-03=26 08:59:38:INFO:Test test_cart.py::TestCart::test_verify_cart_counter_visible[,0] passed.
2025-03=26 08:59:38:INFO:Test test_cart.py::TestCart::test_verify_cart_counter_visible[,0] passed.
2025-03=26 08:59:38:WARNING:The chromedriver version (133.0.6943.126) detected in PATH at C:\Bin\chromedriver.exe might not be compatible with the detected chrome version (134.0.6998.119); currently, chromedriver 134.0.6998.165 is recommended for chrome 134.*, so it is advised to delete the driver in PATH and retry
2025-03=26 08:59:40:INFO:Test test_cart.py::TestCart::test_verify_cart_counter_visible['2] passed.
2025-03=26 08:59:40:INFO:***test_verify_cart_counter_visible***
2025-03=26 08:59:43:INFO:Test test_cart.py::TestCart::test_verify_cart_counter_visible['2] passed.
2025-03=26 08:59:43:INFO:Test test_cart.py::TestCart::test_verify_cart_counter_visible['2] passed.
2025-03=26 08:59:43:WARNING:The chromedriver version (133.0.6943.126) detected in PATH at C:\Bin\chromedriver.exe might not be compatible with the detected chrome version (134.0.6998.119); currently, chromedriver 134.0.6998.165 is recommended for chrome 134.*, so it is advised to delete the driver in PATH and retry
2025-03=26 08:59:45:INFO:Test test_cart.py::TestCart::test_verify_cart_counter_visible[e1] passed.
2025-03=26 08:59:45:INFO:***test_verify_cart_counter_visible***
2025-03=26 08:59:48:INFO:Test test_cart.py::TestCart::test_verify_cart_counter_visible[e1] passed.
2025-03=26 08:59:48:INFO:Test test_cart.py::TestCart::test_verify_cart_counter_visible[e1] passed.
2025-03=26 08:59:49:WARNING:The chromedriver version (133.0.6943.126) detected in PATH at C:\Bin\chromedriver.exe might not be compatible with the detected chrome version (134.0.6998.119); currently, chromedriver 134.0.6998.165 is recommended for chrome 134.*, so it is advised to delete the driver in PATH and retry
2025-03=26 09:29:02:INFO:Test test_cart.py::TestCart::test_verify_cart_counter_visible[None] passed.
2025-03=26 09:29:02:INFO:***test_verify_cart_counter_visible***
2025-03=26 09:29:02:ERROR:Test test_cart.py::TestCart::test_verify_cart_counter_visible[None] failed. Reason: self = <test_cases.test_cart.TestCart object at 0x00000223DA8D2A50>
setup = None

    @pytest.mark.parametrize("setup", [None])
    def test_verify_cart_counter_visible(self, setup):
        shopping_cart_counter = (By.XPATH, "//span[@class='shopping_cart_badge']")
    
        self.logger.info("***test_verify_cart_counter_visible***")
        self.driver = setup
        self.login_page = LoginPage(self.driver)
>       self.login_page.open_login_page(LOGIN_URL)

test_cart.py:25: 
_ _ _ _ _ _ _ _ _ _ _ _ _ _ _ _ _ _ _ _ _ _ _ _ _ _ _ _ _ _ _ _ _ _ _ _ _ _ _ _

self = <base_pages.LoginPage.LoginPage object at 0x00000223DA8D2330>
url = 'https://www.saucedemo.com/'

    def open_login_page(self, url=LOGIN_URL):
>       self.driver.get(url)
E       AttributeError: 'NoneType' object has no attribute 'get'

..\base_pages\LoginPage.py:15: AttributeError
2025-03=26 09:29:02:INFO:Test test_cart.py::TestCart::test_verify_cart_counter_visible[None] passed.
2025-03=26 09:46:23:WARNING:The chromedriver version (133.0.6943.126) detected in PATH at C:\Bin\chromedriver.exe might not be compatible with the detected chrome version (134.0.6998.119); currently, chromedriver 134.0.6998.165 is recommended for chrome 134.*, so it is advised to delete the driver in PATH and retry
2025-03=26 09:46:24:INFO:Test test_cases/test_login.py::TestLogin::test_valid_title[chrome] passed.
2025-03=26 09:46:26:INFO:***test_valid_title_passed***
2025-03=26 09:46:26:INFO:Test test_cases/test_login.py::TestLogin::test_valid_title[chrome] passed.
2025-03=26 09:46:26:INFO:Test test_cases/test_login.py::TestLogin::test_valid_title[chrome] passed.
2025-03=26 09:46:26:WARNING:The chromedriver version (133.0.6943.126) detected in PATH at C:\Bin\chromedriver.exe might not be compatible with the detected chrome version (134.0.6998.119); currently, chromedriver 134.0.6998.165 is recommended for chrome 134.*, so it is advised to delete the driver in PATH and retry
2025-03=26 09:46:28:INFO:Test test_cases/test_login.py::TestLogin::test_valid_login[chrome] passed.
2025-03=26 09:46:28:INFO:***test_valid_login_started***
2025-03=26 09:46:31:INFO:Test test_cases/test_login.py::TestLogin::test_valid_login[chrome] passed.
2025-03=26 09:46:31:INFO:Test test_cases/test_login.py::TestLogin::test_valid_login[chrome] passed.
2025-03=26 09:46:31:WARNING:The chromedriver version (133.0.6943.126) detected in PATH at C:\Bin\chromedriver.exe might not be compatible with the detected chrome version (134.0.6998.119); currently, chromedriver 134.0.6998.165 is recommended for chrome 134.*, so it is advised to delete the driver in PATH and retry
2025-03=26 09:46:33:INFO:Test test_cases/test_login.py::TestLogin::test_invalid_login_by_username[chrome] passed.
2025-03=26 09:46:33:INFO:***test_invalid_login_by_username_started***
2025-03=26 09:46:34:INFO:Test test_cases/test_login.py::TestLogin::test_invalid_login_by_username[chrome] passed.
2025-03=26 09:46:34:INFO:Test test_cases/test_login.py::TestLogin::test_invalid_login_by_username[chrome] passed.
2025-03=26 09:46:34:WARNING:The chromedriver version (133.0.6943.126) detected in PATH at C:\Bin\chromedriver.exe might not be compatible with the detected chrome version (134.0.6998.119); currently, chromedriver 134.0.6998.165 is recommended for chrome 134.*, so it is advised to delete the driver in PATH and retry
2025-03=26 09:46:36:INFO:Test test_cases/test_login.py::TestLogin::test_invalid_login_by_password[chrome] passed.
2025-03=26 09:46:36:INFO:***test_invalid_login_by_password_started***
2025-03=26 09:46:39:INFO:Test test_cases/test_login.py::TestLogin::test_invalid_login_by_password[chrome] passed.
2025-03=26 09:46:39:INFO:Test test_cases/test_login.py::TestLogin::test_invalid_login_by_password[chrome] passed.
2025-03=26 09:46:39:WARNING:The chromedriver version (133.0.6943.126) detected in PATH at C:\Bin\chromedriver.exe might not be compatible with the detected chrome version (134.0.6998.119); currently, chromedriver 134.0.6998.165 is recommended for chrome 134.*, so it is advised to delete the driver in PATH and retry
2025-03=26 09:46:40:INFO:Test test_cases/test_login.py::TestLogin::test_logout[chrome] passed.
2025-03=26 09:46:40:INFO:***test_logout***
2025-03=26 09:46:43:INFO:Test test_cases/test_login.py::TestLogin::test_logout[chrome] passed.
2025-03=26 09:46:43:INFO:Test test_cases/test_login.py::TestLogin::test_logout[chrome] passed.
2025-03=26 09:46:43:WARNING:The chromedriver version (133.0.6943.126) detected in PATH at C:\Bin\chromedriver.exe might not be compatible with the detected chrome version (134.0.6998.119); currently, chromedriver 134.0.6998.165 is recommended for chrome 134.*, so it is advised to delete the driver in PATH and retry
2025-03=26 09:46:45:INFO:Test test_cases/test_login.py::TestLogin::test_logout[edge] passed.
2025-03=26 09:46:45:INFO:***test_logout***
2025-03=26 09:46:48:INFO:Test test_cases/test_login.py::TestLogin::test_logout[edge] passed.
2025-03=26 09:46:48:INFO:Test test_cases/test_login.py::TestLogin::test_logout[edge] passed.
2025-03=26 09:46:48:WARNING:The chromedriver version (133.0.6943.126) detected in PATH at C:\Bin\chromedriver.exe might not be compatible with the detected chrome version (134.0.6998.119); currently, chromedriver 134.0.6998.165 is recommended for chrome 134.*, so it is advised to delete the driver in PATH and retry
2025-03=26 09:46:50:INFO:Test test_cases/test_login.py::TestLogin::test_logout[firefox] passed.
2025-03=26 09:46:50:INFO:***test_logout***
2025-03=26 09:46:52:INFO:Test test_cases/test_login.py::TestLogin::test_logout[firefox] passed.
2025-03=26 09:46:52:INFO:Test test_cases/test_login.py::TestLogin::test_logout[firefox] passed.
2025-03=26 09:48:06:WARNING:The chromedriver version (133.0.6943.126) detected in PATH at C:\Bin\chromedriver.exe might not be compatible with the detected chrome version (134.0.6998.119); currently, chromedriver 134.0.6998.165 is recommended for chrome 134.*, so it is advised to delete the driver in PATH and retry
2025-03=26 09:48:08:INFO:Test test_cases/test_login.py::TestLogin::test_valid_title[chrome] passed.
2025-03=26 09:48:10:INFO:***test_valid_title_passed***
2025-03=26 09:48:10:INFO:Test test_cases/test_login.py::TestLogin::test_valid_title[chrome] passed.
2025-03=26 09:48:10:INFO:Test test_cases/test_login.py::TestLogin::test_valid_title[chrome] passed.
2025-03=26 09:48:10:WARNING:The chromedriver version (133.0.6943.126) detected in PATH at C:\Bin\chromedriver.exe might not be compatible with the detected chrome version (134.0.6998.119); currently, chromedriver 134.0.6998.165 is recommended for chrome 134.*, so it is advised to delete the driver in PATH and retry
2025-03=26 09:48:12:INFO:Test test_cases/test_login.py::TestLogin::test_valid_login[chrome] passed.
2025-03=26 09:48:12:INFO:***test_valid_login_started***
2025-03=26 09:48:15:INFO:Test test_cases/test_login.py::TestLogin::test_valid_login[chrome] passed.
2025-03=26 09:48:15:INFO:Test test_cases/test_login.py::TestLogin::test_valid_login[chrome] passed.
2025-03=26 09:48:16:WARNING:The chromedriver version (133.0.6943.126) detected in PATH at C:\Bin\chromedriver.exe might not be compatible with the detected chrome version (134.0.6998.119); currently, chromedriver 134.0.6998.165 is recommended for chrome 134.*, so it is advised to delete the driver in PATH and retry
2025-03=26 09:48:18:INFO:Test test_cases/test_login.py::TestLogin::test_invalid_login_by_username[chrome] passed.
2025-03=26 09:48:18:INFO:***test_invalid_login_by_username_started***
2025-03=26 09:48:19:INFO:Test test_cases/test_login.py::TestLogin::test_invalid_login_by_username[chrome] passed.
2025-03=26 09:48:19:INFO:Test test_cases/test_login.py::TestLogin::test_invalid_login_by_username[chrome] passed.
2025-03=26 09:48:19:WARNING:The chromedriver version (133.0.6943.126) detected in PATH at C:\Bin\chromedriver.exe might not be compatible with the detected chrome version (134.0.6998.119); currently, chromedriver 134.0.6998.165 is recommended for chrome 134.*, so it is advised to delete the driver in PATH and retry
2025-03=26 09:48:21:INFO:Test test_cases/test_login.py::TestLogin::test_invalid_login_by_password[chrome] passed.
2025-03=26 09:48:21:INFO:***test_invalid_login_by_password_started***
2025-03=26 09:48:23:INFO:Test test_cases/test_login.py::TestLogin::test_invalid_login_by_password[chrome] passed.
2025-03=26 09:48:23:INFO:Test test_cases/test_login.py::TestLogin::test_invalid_login_by_password[chrome] passed.
2025-03=26 09:48:23:WARNING:The chromedriver version (133.0.6943.126) detected in PATH at C:\Bin\chromedriver.exe might not be compatible with the detected chrome version (134.0.6998.119); currently, chromedriver 134.0.6998.165 is recommended for chrome 134.*, so it is advised to delete the driver in PATH and retry
2025-03=26 09:48:25:INFO:Test test_cases/test_login.py::TestLogin::test_logout[chrome] passed.
2025-03=26 09:48:25:INFO:***test_logout***
2025-03=26 09:48:27:INFO:Test test_cases/test_login.py::TestLogin::test_logout[chrome] passed.
2025-03=26 09:48:27:INFO:Test test_cases/test_login.py::TestLogin::test_logout[chrome] passed.
2025-03=26 09:48:28:WARNING:The chromedriver version (133.0.6943.126) detected in PATH at C:\Bin\chromedriver.exe might not be compatible with the detected chrome version (134.0.6998.119); currently, chromedriver 134.0.6998.165 is recommended for chrome 134.*, so it is advised to delete the driver in PATH and retry
2025-03=26 09:48:29:INFO:Test test_cases/test_login.py::TestLogin::test_logout[edge] passed.
2025-03=26 09:48:29:INFO:***test_logout***
2025-03=26 09:48:33:INFO:Test test_cases/test_login.py::TestLogin::test_logout[edge] passed.
2025-03=26 09:48:33:INFO:Test test_cases/test_login.py::TestLogin::test_logout[edge] passed.
2025-03=26 09:48:33:WARNING:The chromedriver version (133.0.6943.126) detected in PATH at C:\Bin\chromedriver.exe might not be compatible with the detected chrome version (134.0.6998.119); currently, chromedriver 134.0.6998.165 is recommended for chrome 134.*, so it is advised to delete the driver in PATH and retry
2025-03=26 09:48:35:INFO:Test test_cases/test_login.py::TestLogin::test_logout[firefox] passed.
2025-03=26 09:48:35:INFO:***test_logout***
2025-03=26 09:48:42:INFO:Test test_cases/test_login.py::TestLogin::test_logout[firefox] passed.
2025-03=26 09:48:42:INFO:Test test_cases/test_login.py::TestLogin::test_logout[firefox] passed.
2025-03=26 09:49:55:WARNING:The chromedriver version (133.0.6943.126) detected in PATH at C:\Bin\chromedriver.exe might not be compatible with the detected chrome version (134.0.6998.119); currently, chromedriver 134.0.6998.165 is recommended for chrome 134.*, so it is advised to delete the driver in PATH and retry
2025-03=26 09:49:57:INFO:Test test_cases/test_login.py::TestLogin::test_valid_title passed.
2025-03=26 09:49:59:INFO:***test_valid_title_passed***
2025-03=26 09:49:59:INFO:Test test_cases/test_login.py::TestLogin::test_valid_title passed.
2025-03=26 09:49:59:INFO:Test test_cases/test_login.py::TestLogin::test_valid_title passed.
2025-03=26 09:49:59:WARNING:The chromedriver version (133.0.6943.126) detected in PATH at C:\Bin\chromedriver.exe might not be compatible with the detected chrome version (134.0.6998.119); currently, chromedriver 134.0.6998.165 is recommended for chrome 134.*, so it is advised to delete the driver in PATH and retry
2025-03=26 09:50:01:INFO:Test test_cases/test_login.py::TestLogin::test_valid_login passed.
2025-03=26 09:50:01:INFO:***test_valid_login_started***
2025-03=26 09:50:03:INFO:Test test_cases/test_login.py::TestLogin::test_valid_login passed.
2025-03=26 09:50:03:INFO:Test test_cases/test_login.py::TestLogin::test_valid_login passed.
2025-03=26 09:50:03:WARNING:The chromedriver version (133.0.6943.126) detected in PATH at C:\Bin\chromedriver.exe might not be compatible with the detected chrome version (134.0.6998.119); currently, chromedriver 134.0.6998.165 is recommended for chrome 134.*, so it is advised to delete the driver in PATH and retry
2025-03=26 09:50:05:INFO:Test test_cases/test_login.py::TestLogin::test_invalid_login_by_username passed.
2025-03=26 09:50:05:INFO:***test_invalid_login_by_username_started***
2025-03=26 09:50:06:INFO:Test test_cases/test_login.py::TestLogin::test_invalid_login_by_username passed.
2025-03=26 09:50:06:INFO:Test test_cases/test_login.py::TestLogin::test_invalid_login_by_username passed.
2025-03=26 09:50:07:WARNING:The chromedriver version (133.0.6943.126) detected in PATH at C:\Bin\chromedriver.exe might not be compatible with the detected chrome version (134.0.6998.119); currently, chromedriver 134.0.6998.165 is recommended for chrome 134.*, so it is advised to delete the driver in PATH and retry
2025-03=26 09:50:08:INFO:Test test_cases/test_login.py::TestLogin::test_invalid_login_by_password passed.
2025-03=26 09:50:08:INFO:***test_invalid_login_by_password_started***
2025-03=26 09:50:10:INFO:Test test_cases/test_login.py::TestLogin::test_invalid_login_by_password passed.
2025-03=26 09:50:10:INFO:Test test_cases/test_login.py::TestLogin::test_invalid_login_by_password passed.
2025-03=26 09:50:10:WARNING:The chromedriver version (133.0.6943.126) detected in PATH at C:\Bin\chromedriver.exe might not be compatible with the detected chrome version (134.0.6998.119); currently, chromedriver 134.0.6998.165 is recommended for chrome 134.*, so it is advised to delete the driver in PATH and retry
2025-03=26 09:50:11:INFO:Test test_cases/test_login.py::TestLogin::test_logout passed.
2025-03=26 09:50:11:INFO:***test_logout***
2025-03=26 09:50:14:INFO:Test test_cases/test_login.py::TestLogin::test_logout passed.
2025-03=26 09:50:14:INFO:Test test_cases/test_login.py::TestLogin::test_logout passed.
2025-03=26 10:01:18:WARNING:The chromedriver version (133.0.6943.126) detected in PATH at C:\Bin\chromedriver.exe might not be compatible with the detected chrome version (134.0.6998.119); currently, chromedriver 134.0.6998.165 is recommended for chrome 134.*, so it is advised to delete the driver in PATH and retry
2025-03=26 10:01:20:INFO:Test test_cases/test_login.py::TestLogin::test_valid_title passed.
2025-03=26 10:01:21:INFO:***test_valid_title_passed***
2025-03=26 10:01:21:INFO:Test test_cases/test_login.py::TestLogin::test_valid_title passed.
2025-03=26 10:01:21:INFO:Test test_cases/test_login.py::TestLogin::test_valid_title passed.
2025-03=26 10:01:21:WARNING:The chromedriver version (133.0.6943.126) detected in PATH at C:\Bin\chromedriver.exe might not be compatible with the detected chrome version (134.0.6998.119); currently, chromedriver 134.0.6998.165 is recommended for chrome 134.*, so it is advised to delete the driver in PATH and retry
2025-03=26 10:01:23:INFO:Test test_cases/test_login.py::TestLogin::test_valid_login passed.
2025-03=26 10:01:23:INFO:***test_valid_login_started***
2025-03=26 10:01:25:INFO:Test test_cases/test_login.py::TestLogin::test_valid_login passed.
2025-03=26 10:01:25:INFO:Test test_cases/test_login.py::TestLogin::test_valid_login passed.
2025-03=26 10:01:26:WARNING:The chromedriver version (133.0.6943.126) detected in PATH at C:\Bin\chromedriver.exe might not be compatible with the detected chrome version (134.0.6998.119); currently, chromedriver 134.0.6998.165 is recommended for chrome 134.*, so it is advised to delete the driver in PATH and retry
2025-03=26 10:01:27:INFO:Test test_cases/test_login.py::TestLogin::test_invalid_login_by_username passed.
2025-03=26 10:01:27:INFO:***test_invalid_login_by_username_started***
2025-03=26 10:01:29:INFO:Test test_cases/test_login.py::TestLogin::test_invalid_login_by_username passed.
2025-03=26 10:01:29:INFO:Test test_cases/test_login.py::TestLogin::test_invalid_login_by_username passed.
2025-03=26 10:01:29:WARNING:The chromedriver version (133.0.6943.126) detected in PATH at C:\Bin\chromedriver.exe might not be compatible with the detected chrome version (134.0.6998.119); currently, chromedriver 134.0.6998.165 is recommended for chrome 134.*, so it is advised to delete the driver in PATH and retry
2025-03=26 10:01:30:INFO:Test test_cases/test_login.py::TestLogin::test_invalid_login_by_password passed.
2025-03=26 10:01:30:INFO:***test_invalid_login_by_password_started***
2025-03=26 10:01:33:INFO:Test test_cases/test_login.py::TestLogin::test_invalid_login_by_password passed.
2025-03=26 10:01:33:INFO:Test test_cases/test_login.py::TestLogin::test_invalid_login_by_password passed.
2025-03=26 10:01:34:WARNING:The chromedriver version (133.0.6943.126) detected in PATH at C:\Bin\chromedriver.exe might not be compatible with the detected chrome version (134.0.6998.119); currently, chromedriver 134.0.6998.165 is recommended for chrome 134.*, so it is advised to delete the driver in PATH and retry
2025-03=26 10:01:35:INFO:Test test_cases/test_login.py::TestLogin::test_logout passed.
2025-03=26 10:01:35:INFO:***test_logout***
2025-03=26 10:01:38:INFO:Test test_cases/test_login.py::TestLogin::test_logout passed.
2025-03=26 10:01:38:INFO:Test test_cases/test_login.py::TestLogin::test_logout passed.
2025-03=26 10:02:34:WARNING:The chromedriver version (133.0.6943.126) detected in PATH at C:\Bin\chromedriver.exe might not be compatible with the detected chrome version (134.0.6998.119); currently, chromedriver 134.0.6998.165 is recommended for chrome 134.*, so it is advised to delete the driver in PATH and retry
2025-03=26 10:02:35:INFO:Test test_cases/test_cart.py::TestCart::test_verify_product_visible_in_cart passed.
2025-03=26 10:02:35:INFO:***verify_product_visible_in_cart***
2025-03=26 10:02:38:INFO:Test test_cases/test_cart.py::TestCart::test_verify_product_visible_in_cart passed.
2025-03=26 10:02:38:INFO:Test test_cases/test_cart.py::TestCart::test_verify_product_visible_in_cart passed.
2025-03=26 10:02:38:WARNING:The chromedriver version (133.0.6943.126) detected in PATH at C:\Bin\chromedriver.exe might not be compatible with the detected chrome version (134.0.6998.119); currently, chromedriver 134.0.6998.165 is recommended for chrome 134.*, so it is advised to delete the driver in PATH and retry
2025-03=26 10:02:40:INFO:Test test_cases/test_checkout.py::TestCheckout::test_verify_successful_checkout passed.
2025-03=26 10:02:43:INFO:Test test_cases/test_checkout.py::TestCheckout::test_verify_successful_checkout passed.
2025-03=26 10:02:43:INFO:Test test_cases/test_checkout.py::TestCheckout::test_verify_successful_checkout passed.
2025-03=26 10:02:44:WARNING:The chromedriver version (133.0.6943.126) detected in PATH at C:\Bin\chromedriver.exe might not be compatible with the detected chrome version (134.0.6998.119); currently, chromedriver 134.0.6998.165 is recommended for chrome 134.*, so it is advised to delete the driver in PATH and retry
2025-03=26 10:02:45:INFO:Test test_cases/test_login.py::TestLogin::test_valid_login passed.
2025-03=26 10:02:45:INFO:***test_valid_login_started***
2025-03=26 10:02:48:INFO:Test test_cases/test_login.py::TestLogin::test_valid_login passed.
2025-03=26 10:02:48:INFO:Test test_cases/test_login.py::TestLogin::test_valid_login passed.
2025-03=26 10:02:48:WARNING:The chromedriver version (133.0.6943.126) detected in PATH at C:\Bin\chromedriver.exe might not be compatible with the detected chrome version (134.0.6998.119); currently, chromedriver 134.0.6998.165 is recommended for chrome 134.*, so it is advised to delete the driver in PATH and retry
2025-03=26 10:02:50:INFO:Test test_cases/test_login.py::TestLogin::test_logout passed.
2025-03=26 10:02:50:INFO:***test_logout***
2025-03=26 10:02:54:INFO:Test test_cases/test_login.py::TestLogin::test_logout passed.
2025-03=26 10:02:54:INFO:Test test_cases/test_login.py::TestLogin::test_logout passed.
